#
# There is insufficient memory for the Java Runtime Environment to continue.
# Native memory allocation (malloc) failed to allocate 32744 bytes for ChunkPool::allocate
# Possible reasons:
#   The system is out of physical RAM or swap space
#   The process is running with CompressedOops enabled, and the Java Heap may be blocking the growth of the native heap
# Possible solutions:
#   Reduce memory load on the system
#   Increase physical memory or swap space
#   Check if swap backing store is full
#   Decrease Java heap size (-Xmx/-Xms)
#   Decrease number of Java threads
#   Decrease Java thread stack sizes (-Xss)
#   Set larger code cache with -XX:ReservedCodeCacheSize=
#   JVM is running with Unscaled Compressed Oops mode in which the Java heap is
#     placed in the first 4GB address space. The Java Heap base address is the
#     maximum limit for the native heap growth. Please use -XX:HeapBaseMinAddress
#     to set the Java Heap base and to place the Java Heap above 4GB virtual address.
# This output file may be truncated or incomplete.
#
#  Out of Memory Error (arena.cpp:78), pid=25136, tid=14172
#
# JRE version: OpenJDK Runtime Environment Microsoft-8035246 (17.0.8+7) (build 17.0.8+7-LTS)
# Java VM: OpenJDK 64-Bit Server VM Microsoft-8035246 (17.0.8+7-LTS, mixed mode, sharing, tiered, compressed oops, compressed class ptrs, g1 gc, windows-amd64)
# No core dump will be written. Minidumps are not enabled by default on client versions of Windows
#

---------------  S U M M A R Y ------------

Command Line: -Xmx64m -Xms64m -Dorg.gradle.appname=gradlew org.gradle.wrapper.GradleWrapperMain app:assembleDebug -x lint -x test --configure-on-demand --build-cache -PreactNativeDevServerPort=8081

Host: AMD Ryzen 5 5500U with Radeon Graphics         , 12 cores, 5G,  Windows 11 , 64 bit Build 22621 (10.0.22621.4974)
Time: Wed Mar 26 06:06:57 2025 W. Mongolia Standard Time elapsed time: 150.937062 seconds (0d 0h 2m 30s)

---------------  T H R E A D  ---------------

Current thread (0x000001c14a91ebb0):  JavaThread "C2 CompilerThread0" daemon [_thread_in_native, id=14172, stack(0x0000000e8b200000,0x0000000e8b300000)]


Current CompileTask:
C2: 150944 1795   !   4       org.gradle.internal.logging.console.ThrottlingOutputEventListener::onOutput (92 bytes)

Stack: [0x0000000e8b200000,0x0000000e8b300000]
Native frames: (J=compiled Java code, j=interpreted, Vv=VM code, C=native code)
V  [jvm.dll+0x67bf3a]
V  [jvm.dll+0x83a024]
V  [jvm.dll+0x83b7ce]
V  [jvm.dll+0x83be33]
V  [jvm.dll+0x24785f]
V  [jvm.dll+0xac5dc]
V  [jvm.dll+0xac98c]
V  [jvm.dll+0xac4cb]
V  [jvm.dll+0x823a2c]
V  [jvm.dll+0x1ba98c]
V  [jvm.dll+0x1bab31]
V  [jvm.dll+0x1b7f6b]
V  [jvm.dll+0x6a34e7]
V  [jvm.dll+0x6a1f2a]
V  [jvm.dll+0x222ac9]
V  [jvm.dll+0x21bb2b]
V  [jvm.dll+0x21944b]
V  [jvm.dll+0x1a56b6]
V  [jvm.dll+0x2291ea]
V  [jvm.dll+0x22724c]
V  [jvm.dll+0x7efd0c]
V  [jvm.dll+0x7ea13a]
V  [jvm.dll+0x67ad85]
C  [ucrtbase.dll+0x29333]
C  [KERNEL32.DLL+0x1259d]
C  [ntdll.dll+0x5af38]


---------------  P R O C E S S  ---------------

Threads class SMR info:
_java_thread_list=0x000001c1909e6a20, length=15, elements={
0x000001c130ade860, 0x000001c130b8e570, 0x000001c14a8ff380, 0x000001c14a914d50,
0x000001c14a916830, 0x000001c14a919210, 0x000001c14a919ae0, 0x000001c14a91ebb0,
0x000001c14a927580, 0x000001c14a935970, 0x000001c14ab87120, 0x000001c14ab8a870,
0x000001c190877920, 0x000001c190990060, 0x000001c1909a6260
}

Java Threads: ( => current thread )
  0x000001c130ade860 JavaThread "main" [_thread_in_native, id=24292, stack(0x0000000e8a500000,0x0000000e8a600000)]
  0x000001c130b8e570 JavaThread "Reference Handler" daemon [_thread_blocked, id=22148, stack(0x0000000e8ac00000,0x0000000e8ad00000)]
  0x000001c14a8ff380 JavaThread "Finalizer" daemon [_thread_blocked, id=13464, stack(0x0000000e8ad00000,0x0000000e8ae00000)]
  0x000001c14a914d50 JavaThread "Signal Dispatcher" daemon [_thread_blocked, id=5540, stack(0x0000000e8ae00000,0x0000000e8af00000)]
  0x000001c14a916830 JavaThread "Attach Listener" daemon [_thread_blocked, id=9052, stack(0x0000000e8af00000,0x0000000e8b000000)]
  0x000001c14a919210 JavaThread "Service Thread" daemon [_thread_blocked, id=9460, stack(0x0000000e8b000000,0x0000000e8b100000)]
  0x000001c14a919ae0 JavaThread "Monitor Deflation Thread" daemon [_thread_blocked, id=17300, stack(0x0000000e8b100000,0x0000000e8b200000)]
=>0x000001c14a91ebb0 JavaThread "C2 CompilerThread0" daemon [_thread_in_native, id=14172, stack(0x0000000e8b200000,0x0000000e8b300000)]
  0x000001c14a927580 JavaThread "C1 CompilerThread0" daemon [_thread_blocked, id=17392, stack(0x0000000e8b300000,0x0000000e8b400000)]
  0x000001c14a935970 JavaThread "Sweeper thread" daemon [_thread_blocked, id=18408, stack(0x0000000e8b400000,0x0000000e8b500000)]
  0x000001c14ab87120 JavaThread "Notification Thread" daemon [_thread_blocked, id=13060, stack(0x0000000e8b500000,0x0000000e8b600000)]
  0x000001c14ab8a870 JavaThread "Common-Cleaner" daemon [_thread_blocked, id=8224, stack(0x0000000e8b700000,0x0000000e8b800000)]
  0x000001c190877920 JavaThread "pool-1-thread-1" [_thread_blocked, id=8700, stack(0x0000000e8bc00000,0x0000000e8bd00000)]
  0x000001c190990060 JavaThread "DisconnectableInputStream source reader" daemon [_thread_in_native, id=18156, stack(0x0000000e8be00000,0x0000000e8bf00000)]
  0x000001c1909a6260 JavaThread "Forward input" [_thread_blocked, id=14152, stack(0x0000000e8bf00000,0x0000000e8c000000)]

Other Threads:
  0x000001c130b8b660 VMThread "VM Thread" [stack: 0x0000000e8ab00000,0x0000000e8ac00000] [id=1776]
  0x000001c14ab89a10 WatcherThread [stack: 0x0000000e8b600000,0x0000000e8b700000] [id=21136]
  0x000001c130affc00 GCTaskThread "GC Thread#0" [stack: 0x0000000e8a600000,0x0000000e8a700000] [id=19292]
  0x000001c1907feca0 GCTaskThread "GC Thread#1" [stack: 0x0000000e8b800000,0x0000000e8b900000] [id=16748]
  0x000001c1907f09c0 GCTaskThread "GC Thread#2" [stack: 0x0000000e8b900000,0x0000000e8ba00000] [id=18916]
  0x000001c190953af0 GCTaskThread "GC Thread#3" [stack: 0x0000000e8ba00000,0x0000000e8bb00000] [id=20464]
  0x000001c1906c8760 GCTaskThread "GC Thread#4" [stack: 0x0000000e8bb00000,0x0000000e8bc00000] [id=19948]
  0x000001c130b01270 ConcurrentGCThread "G1 Main Marker" [stack: 0x0000000e8a700000,0x0000000e8a800000] [id=10484]
  0x000001c130b01b90 ConcurrentGCThread "G1 Conc#0" [stack: 0x0000000e8a800000,0x0000000e8a900000] [id=14376]
  0x000001c130b6f190 ConcurrentGCThread "G1 Refine#0" [stack: 0x0000000e8a900000,0x0000000e8aa00000] [id=15072]
  0x000001c130b6fad0 ConcurrentGCThread "G1 Service" [stack: 0x0000000e8aa00000,0x0000000e8ab00000] [id=10736]

Threads with active compile tasks:
C2 CompilerThread0   153073 1795   !   4       org.gradle.internal.logging.console.ThrottlingOutputEventListener::onOutput (92 bytes)

VM state: not at safepoint (normal execution)

VM Mutex/Monitor currently owned by a thread: None

Heap address: 0x00000000fc000000, size: 64 MB, Compressed Oops mode: 32-bit

CDS archive(s) mapped at: [0x000001c14b000000-0x000001c14bbd0000-0x000001c14bbd0000), size 12386304, SharedBaseAddress: 0x000001c14b000000, ArchiveRelocationMode: 1.
Compressed class space mapped at: 0x000001c14c000000-0x000001c18c000000, reserved size: 1073741824
Narrow klass base: 0x000001c14b000000, Narrow klass shift: 0, Narrow klass range: 0x100000000

GC Precious Log:
 CPUs: 12 total, 12 available
 Memory: 6005M
 Large Page Support: Disabled
 NUMA Support: Disabled
 Compressed Oops: Enabled (32-bit)
 Heap Region Size: 1M
 Heap Min Capacity: 64M
 Heap Initial Capacity: 64M
 Heap Max Capacity: 64M
 Pre-touch: Disabled
 Parallel Workers: 10
 Concurrent Workers: 3
 Concurrent Refinement Workers: 10
 Periodic GC: Disabled

Heap:
 garbage-first heap   total 65536K, used 31504K [0x00000000fc000000, 0x0000000100000000)
  region size 1024K, 24 young (24576K), 3 survivors (3072K)
 Metaspace       used 9441K, committed 9664K, reserved 1114112K
  class space    used 1225K, committed 1344K, reserved 1048576K

Heap Regions: E=young(eden), S=young(survivor), O=old, HS=humongous(starts), HC=humongous(continues), CS=collection set, F=free, OA=open archive, CA=closed archive, TAMS=top-at-mark-start (previous, next)
|   0|0x00000000fc000000, 0x00000000fc100000, 0x00000000fc100000|100%|HS|  |TAMS 0x00000000fc000000, 0x00000000fc000000| Complete 
|   1|0x00000000fc100000, 0x00000000fc200000, 0x00000000fc200000|100%|HC|  |TAMS 0x00000000fc100000, 0x00000000fc100000| Complete 
|   2|0x00000000fc200000, 0x00000000fc300000, 0x00000000fc300000|100%|HC|  |TAMS 0x00000000fc200000, 0x00000000fc200000| Complete 
|   3|0x00000000fc300000, 0x00000000fc400000, 0x00000000fc400000|100%|HC|  |TAMS 0x00000000fc300000, 0x00000000fc300000| Complete 
|   4|0x00000000fc400000, 0x00000000fc500000, 0x00000000fc500000|100%| O|  |TAMS 0x00000000fc400000, 0x00000000fc400000| Untracked 
|   5|0x00000000fc500000, 0x00000000fc600000, 0x00000000fc600000|100%| O|  |TAMS 0x00000000fc500000, 0x00000000fc500000| Untracked 
|   6|0x00000000fc600000, 0x00000000fc700000, 0x00000000fc700000|100%| O|  |TAMS 0x00000000fc600000, 0x00000000fc600000| Untracked 
|   7|0x00000000fc700000, 0x00000000fc7c4200, 0x00000000fc800000| 76%| O|  |TAMS 0x00000000fc700000, 0x00000000fc700000| Untracked 
|   8|0x00000000fc800000, 0x00000000fc800000, 0x00000000fc900000|  0%| F|  |TAMS 0x00000000fc800000, 0x00000000fc800000| Untracked 
|   9|0x00000000fc900000, 0x00000000fc900000, 0x00000000fca00000|  0%| F|  |TAMS 0x00000000fc900000, 0x00000000fc900000| Untracked 
|  10|0x00000000fca00000, 0x00000000fca00000, 0x00000000fcb00000|  0%| F|  |TAMS 0x00000000fca00000, 0x00000000fca00000| Untracked 
|  11|0x00000000fcb00000, 0x00000000fcb00000, 0x00000000fcc00000|  0%| F|  |TAMS 0x00000000fcb00000, 0x00000000fcb00000| Untracked 
|  12|0x00000000fcc00000, 0x00000000fcc00000, 0x00000000fcd00000|  0%| F|  |TAMS 0x00000000fcc00000, 0x00000000fcc00000| Untracked 
|  13|0x00000000fcd00000, 0x00000000fcd00000, 0x00000000fce00000|  0%| F|  |TAMS 0x00000000fcd00000, 0x00000000fcd00000| Untracked 
|  14|0x00000000fce00000, 0x00000000fce00000, 0x00000000fcf00000|  0%| F|  |TAMS 0x00000000fce00000, 0x00000000fce00000| Untracked 
|  15|0x00000000fcf00000, 0x00000000fcf00000, 0x00000000fd000000|  0%| F|  |TAMS 0x00000000fcf00000, 0x00000000fcf00000| Untracked 
|  16|0x00000000fd000000, 0x00000000fd000000, 0x00000000fd100000|  0%| F|  |TAMS 0x00000000fd000000, 0x00000000fd000000| Untracked 
|  17|0x00000000fd100000, 0x00000000fd100000, 0x00000000fd200000|  0%| F|  |TAMS 0x00000000fd100000, 0x00000000fd100000| Untracked 
|  18|0x00000000fd200000, 0x00000000fd200000, 0x00000000fd300000|  0%| F|  |TAMS 0x00000000fd200000, 0x00000000fd200000| Untracked 
|  19|0x00000000fd300000, 0x00000000fd300000, 0x00000000fd400000|  0%| F|  |TAMS 0x00000000fd300000, 0x00000000fd300000| Untracked 
|  20|0x00000000fd400000, 0x00000000fd400000, 0x00000000fd500000|  0%| F|  |TAMS 0x00000000fd400000, 0x00000000fd400000| Untracked 
|  21|0x00000000fd500000, 0x00000000fd500000, 0x00000000fd600000|  0%| F|  |TAMS 0x00000000fd500000, 0x00000000fd500000| Untracked 
|  22|0x00000000fd600000, 0x00000000fd600000, 0x00000000fd700000|  0%| F|  |TAMS 0x00000000fd600000, 0x00000000fd600000| Untracked 
|  23|0x00000000fd700000, 0x00000000fd700000, 0x00000000fd800000|  0%| F|  |TAMS 0x00000000fd700000, 0x00000000fd700000| Untracked 
|  24|0x00000000fd800000, 0x00000000fd800000, 0x00000000fd900000|  0%| F|  |TAMS 0x00000000fd800000, 0x00000000fd800000| Untracked 
|  25|0x00000000fd900000, 0x00000000fd900000, 0x00000000fda00000|  0%| F|  |TAMS 0x00000000fd900000, 0x00000000fd900000| Untracked 
|  26|0x00000000fda00000, 0x00000000fda00000, 0x00000000fdb00000|  0%| F|  |TAMS 0x00000000fda00000, 0x00000000fda00000| Untracked 
|  27|0x00000000fdb00000, 0x00000000fdb00000, 0x00000000fdc00000|  0%| F|  |TAMS 0x00000000fdb00000, 0x00000000fdb00000| Untracked 
|  28|0x00000000fdc00000, 0x00000000fdc00000, 0x00000000fdd00000|  0%| F|  |TAMS 0x00000000fdc00000, 0x00000000fdc00000| Untracked 
|  29|0x00000000fdd00000, 0x00000000fdd00000, 0x00000000fde00000|  0%| F|  |TAMS 0x00000000fdd00000, 0x00000000fdd00000| Untracked 
|  30|0x00000000fde00000, 0x00000000fde00000, 0x00000000fdf00000|  0%| F|  |TAMS 0x00000000fde00000, 0x00000000fde00000| Untracked 
|  31|0x00000000fdf00000, 0x00000000fdf00000, 0x00000000fe000000|  0%| F|  |TAMS 0x00000000fdf00000, 0x00000000fdf00000| Untracked 
|  32|0x00000000fe000000, 0x00000000fe000000, 0x00000000fe100000|  0%| F|  |TAMS 0x00000000fe000000, 0x00000000fe000000| Untracked 
|  33|0x00000000fe100000, 0x00000000fe100000, 0x00000000fe200000|  0%| F|  |TAMS 0x00000000fe100000, 0x00000000fe100000| Untracked 
|  34|0x00000000fe200000, 0x00000000fe200000, 0x00000000fe300000|  0%| F|  |TAMS 0x00000000fe200000, 0x00000000fe200000| Untracked 
|  35|0x00000000fe300000, 0x00000000fe300000, 0x00000000fe400000|  0%| F|  |TAMS 0x00000000fe300000, 0x00000000fe300000| Untracked 
|  36|0x00000000fe400000, 0x00000000fe400000, 0x00000000fe500000|  0%| F|  |TAMS 0x00000000fe400000, 0x00000000fe400000| Untracked 
|  37|0x00000000fe500000, 0x00000000fe500000, 0x00000000fe600000|  0%| F|  |TAMS 0x00000000fe500000, 0x00000000fe500000| Untracked 
|  38|0x00000000fe600000, 0x00000000fe700000, 0x00000000fe700000|100%| S|CS|TAMS 0x00000000fe600000, 0x00000000fe600000| Complete 
|  39|0x00000000fe700000, 0x00000000fe800000, 0x00000000fe800000|100%| S|CS|TAMS 0x00000000fe700000, 0x00000000fe700000| Complete 
|  40|0x00000000fe800000, 0x00000000fe900000, 0x00000000fe900000|100%| S|CS|TAMS 0x00000000fe800000, 0x00000000fe800000| Complete 
|  41|0x00000000fe900000, 0x00000000fe900000, 0x00000000fea00000|  0%| F|  |TAMS 0x00000000fe900000, 0x00000000fe900000| Untracked 
|  42|0x00000000fea00000, 0x00000000fea00000, 0x00000000feb00000|  0%| F|  |TAMS 0x00000000fea00000, 0x00000000fea00000| Untracked 
|  43|0x00000000feb00000, 0x00000000fec00000, 0x00000000fec00000|100%| E|  |TAMS 0x00000000feb00000, 0x00000000feb00000| Complete 
|  44|0x00000000fec00000, 0x00000000fed00000, 0x00000000fed00000|100%| E|CS|TAMS 0x00000000fec00000, 0x00000000fec00000| Complete 
|  45|0x00000000fed00000, 0x00000000fee00000, 0x00000000fee00000|100%| E|CS|TAMS 0x00000000fed00000, 0x00000000fed00000| Complete 
|  46|0x00000000fee00000, 0x00000000fef00000, 0x00000000fef00000|100%| E|CS|TAMS 0x00000000fee00000, 0x00000000fee00000| Complete 
|  47|0x00000000fef00000, 0x00000000ff000000, 0x00000000ff000000|100%| E|CS|TAMS 0x00000000fef00000, 0x00000000fef00000| Complete 
|  48|0x00000000ff000000, 0x00000000ff100000, 0x00000000ff100000|100%| E|CS|TAMS 0x00000000ff000000, 0x00000000ff000000| Complete 
|  49|0x00000000ff100000, 0x00000000ff200000, 0x00000000ff200000|100%| E|CS|TAMS 0x00000000ff100000, 0x00000000ff100000| Complete 
|  50|0x00000000ff200000, 0x00000000ff300000, 0x00000000ff300000|100%| E|CS|TAMS 0x00000000ff200000, 0x00000000ff200000| Complete 
|  51|0x00000000ff300000, 0x00000000ff400000, 0x00000000ff400000|100%| E|CS|TAMS 0x00000000ff300000, 0x00000000ff300000| Complete 
|  52|0x00000000ff400000, 0x00000000ff500000, 0x00000000ff500000|100%| E|CS|TAMS 0x00000000ff400000, 0x00000000ff400000| Complete 
|  53|0x00000000ff500000, 0x00000000ff600000, 0x00000000ff600000|100%| E|CS|TAMS 0x00000000ff500000, 0x00000000ff500000| Complete 
|  54|0x00000000ff600000, 0x00000000ff700000, 0x00000000ff700000|100%| E|CS|TAMS 0x00000000ff600000, 0x00000000ff600000| Complete 
|  55|0x00000000ff700000, 0x00000000ff800000, 0x00000000ff800000|100%| E|CS|TAMS 0x00000000ff700000, 0x00000000ff700000| Complete 
|  56|0x00000000ff800000, 0x00000000ff900000, 0x00000000ff900000|100%| E|CS|TAMS 0x00000000ff800000, 0x00000000ff800000| Complete 
|  57|0x00000000ff900000, 0x00000000ffa00000, 0x00000000ffa00000|100%| E|CS|TAMS 0x00000000ff900000, 0x00000000ff900000| Complete 
|  58|0x00000000ffa00000, 0x00000000ffb00000, 0x00000000ffb00000|100%| E|CS|TAMS 0x00000000ffa00000, 0x00000000ffa00000| Complete 
|  59|0x00000000ffb00000, 0x00000000ffc00000, 0x00000000ffc00000|100%| E|CS|TAMS 0x00000000ffb00000, 0x00000000ffb00000| Complete 
|  60|0x00000000ffc00000, 0x00000000ffd00000, 0x00000000ffd00000|100%| E|CS|TAMS 0x00000000ffc00000, 0x00000000ffc00000| Complete 
|  61|0x00000000ffd00000, 0x00000000ffe00000, 0x00000000ffe00000|100%| E|CS|TAMS 0x00000000ffd00000, 0x00000000ffd00000| Complete 
|  62|0x00000000ffe00000, 0x00000000fff00000, 0x00000000fff00000|100%| E|CS|TAMS 0x00000000ffe00000, 0x00000000ffe00000| Complete 
|  63|0x00000000fff00000, 0x0000000100000000, 0x0000000100000000|100%| E|CS|TAMS 0x00000000fff00000, 0x00000000fff00000| Complete 

Card table byte_map: [0x000001c12ea50000,0x000001c12ea70000] _byte_map_base: 0x000001c12e270000

Marking Bits (Prev, Next): (CMBitMap*) 0x000001c130b00140, (CMBitMap*) 0x000001c130b00180
 Prev Bits: [0x000001c147b40000, 0x000001c147c40000)
 Next Bits: [0x000001c147c40000, 0x000001c147d40000)

Polling page: 0x000001c12ea00000

Metaspace:

Usage:
  Non-class:      8.02 MB used.
      Class:      1.20 MB used.
       Both:      9.22 MB used.

Virtual space:
  Non-class space:       64.00 MB reserved,       8.12 MB ( 13%) committed,  1 nodes.
      Class space:        1.00 GB reserved,       1.31 MB ( <1%) committed,  1 nodes.
             Both:        1.06 GB reserved,       9.44 MB ( <1%) committed. 

Chunk freelists:
   Non-Class:  7.70 MB
       Class:  14.61 MB
        Both:  22.31 MB

MaxMetaspaceSize: unlimited
CompressedClassSpaceSize: 1.00 GB
Initial GC threshold: 21.00 MB
Current GC threshold: 21.00 MB
CDS: on
MetaspaceReclaimPolicy: balanced
 - commit_granule_bytes: 65536.
 - commit_granule_words: 8192.
 - virtual_space_node_default_size: 8388608.
 - enlarge_chunks_in_place: 1.
 - new_chunks_are_fully_committed: 0.
 - uncommit_free_chunks: 1.
 - use_allocation_guard: 0.
 - handle_deallocations: 1.


Internal statistics:

num_allocs_failed_limit: 0.
num_arena_births: 78.
num_arena_deaths: 0.
num_vsnodes_births: 2.
num_vsnodes_deaths: 0.
num_space_committed: 151.
num_space_uncommitted: 0.
num_chunks_returned_to_freelist: 0.
num_chunks_taken_from_freelist: 326.
num_chunk_merges: 0.
num_chunk_splits: 227.
num_chunks_enlarged: 186.
num_inconsistent_stats: 0.

CodeHeap 'non-profiled nmethods': size=120000Kb used=631Kb max_used=631Kb free=119368Kb
 bounds [0x000001c1400a0000, 0x000001c140310000, 0x000001c1475d0000]
CodeHeap 'profiled nmethods': size=120000Kb used=3388Kb max_used=3388Kb free=116611Kb
 bounds [0x000001c1385d0000, 0x000001c138920000, 0x000001c13fb00000]
CodeHeap 'non-nmethods': size=5760Kb used=1171Kb max_used=1190Kb free=4588Kb
 bounds [0x000001c13fb00000, 0x000001c13fd70000, 0x000001c1400a0000]
 total_blobs=2251 nmethods=1783 adapters=381
 compilation: enabled
              stopped_count=0, restarted_count=0
 full_count=0

Compilation events (20 events):
Event: 119.521 Thread 0x000001c14a91ebb0 nmethod 1783 0x000001c14013a010 code [0x000001c14013a180, 0x000001c14013a218]
Event: 121.098 Thread 0x000001c14a91ebb0 1784       4       java.lang.InheritableThreadLocal::getMap (5 bytes)
Event: 121.398 Thread 0x000001c14a91ebb0 nmethod 1784 0x000001c14013a310 code [0x000001c14013a480, 0x000001c14013a518]
Event: 126.016 Thread 0x000001c14a91ebb0 1785       4       org.gradle.internal.logging.console.DefaultRedrawableLabel::redraw (163 bytes)
Event: 130.303 Thread 0x000001c14a91ebb0 nmethod 1785 0x000001c14013a610 code [0x000001c14013a880, 0x000001c14013bd30]
Event: 130.331 Thread 0x000001c14a91ebb0 1786       4       java.lang.AbstractStringBuilder::shift (37 bytes)
Event: 130.427 Thread 0x000001c14a91ebb0 nmethod 1786 0x000001c14013cc90 code [0x000001c14013ce00, 0x000001c14013cf18]
Event: 134.472 Thread 0x000001c14a91ebb0 1789       4       java.util.ArrayList$Itr::<init> (26 bytes)
Event: 135.067 Thread 0x000001c14a91ebb0 nmethod 1789 0x000001c14013d010 code [0x000001c14013d180, 0x000001c14013d318]
Event: 138.594 Thread 0x000001c14a91ebb0 1790       4       java.util.LinkedHashMap$LinkedValueIterator::next (8 bytes)
Event: 139.231 Thread 0x000001c14a927580 1792       3       com.google.common.base.Preconditions::checkPositionIndex (8 bytes)
Event: 139.431 Thread 0x000001c14a927580 nmethod 1792 0x000001c13891e590 code [0x000001c13891e720, 0x000001c13891e848]
Event: 139.448 Thread 0x000001c14a91ebb0 nmethod 1790 0x000001c14013d390 code [0x000001c14013d500, 0x000001c14013d778]
Event: 139.448 Thread 0x000001c14a91ebb0 1791       4       java.lang.Thread::interrupted (23 bytes)
Event: 139.459 Thread 0x000001c14a91ebb0 nmethod 1791 0x000001c14013d890 code [0x000001c14013da00, 0x000001c14013da78]
Event: 148.134 Thread 0x000001c14a91ebb0 1794       4       java.util.concurrent.locks.ReentrantLock$Sync::tryRelease (51 bytes)
Event: 149.566 Thread 0x000001c14a91ebb0 nmethod 1794 0x000001c14013db90 code [0x000001c14013dd00, 0x000001c14013de38]
Event: 149.570 Thread 0x000001c14a91ebb0 1795   !   4       org.gradle.internal.logging.console.ThrottlingOutputEventListener::onOutput (92 bytes)
Event: 150.184 Thread 0x000001c14a927580 1796       3       com.google.common.collect.Lists::newArrayList (28 bytes)
Event: 150.265 Thread 0x000001c14a927580 nmethod 1796 0x000001c13891e910 code [0x000001c13891eb00, 0x000001c13891f018]

GC Heap History (2 events):
Event: 1.111 GC heap before
{Heap before GC invocations=0 (full 0):
 garbage-first heap   total 65536K, used 26624K [0x00000000fc000000, 0x0000000100000000)
  region size 1024K, 23 young (23552K), 0 survivors (0K)
 Metaspace       used 3814K, committed 3904K, reserved 1114112K
  class space    used 467K, committed 512K, reserved 1048576K
}
Event: 1.131 GC heap after
{Heap after GC invocations=1 (full 0):
 garbage-first heap   total 65536K, used 11024K [0x00000000fc000000, 0x0000000100000000)
  region size 1024K, 3 young (3072K), 3 survivors (3072K)
 Metaspace       used 3814K, committed 3904K, reserved 1114112K
  class space    used 467K, committed 512K, reserved 1048576K
}

Dll operation events (12 events):
Event: 0.013 Loaded shared library C:\Program Files\Microsoft\jdk-17.0.8.7-hotspot\bin\java.dll
Event: 0.050 Loaded shared library C:\Program Files\Microsoft\jdk-17.0.8.7-hotspot\bin\jsvml.dll
Event: 0.080 Loaded shared library C:\Program Files\Microsoft\jdk-17.0.8.7-hotspot\bin\net.dll
Event: 0.081 Loaded shared library C:\Program Files\Microsoft\jdk-17.0.8.7-hotspot\bin\nio.dll
Event: 0.090 Loaded shared library C:\Program Files\Microsoft\jdk-17.0.8.7-hotspot\bin\zip.dll
Event: 0.633 Loaded shared library C:\Program Files\Microsoft\jdk-17.0.8.7-hotspot\bin\jimage.dll
Event: 0.803 Loaded shared library C:\Program Files\Microsoft\jdk-17.0.8.7-hotspot\bin\verify.dll
Event: 1.175 Loaded shared library C:\Users\66992\.gradle\native\68d5fa5c4cc2d200863cafc0d521ce42e7d3e7ee720ec0a83991735586a16f82\windows-amd64\native-platform.dll
Event: 1.196 Loaded shared library C:\Users\66992\.gradle\native\jansi\1.18\windows64\jansi.dll
Event: 1.335 Loaded shared library C:\Program Files\Microsoft\jdk-17.0.8.7-hotspot\bin\management.dll
Event: 1.340 Loaded shared library C:\Program Files\Microsoft\jdk-17.0.8.7-hotspot\bin\management_ext.dll
Event: 1.729 Loaded shared library C:\Program Files\Microsoft\jdk-17.0.8.7-hotspot\bin\sunmscapi.dll

Deoptimization events (20 events):
Event: 1.506 Thread 0x000001c130ade860 Uncommon trap: trap_request=0xffffff45 fr.pc=0x000001c1400d8da4 relative=0x00000000000004e4
Event: 1.506 Thread 0x000001c130ade860 Uncommon trap: reason=unstable_if action=reinterpret pc=0x000001c1400d8da4 method=java.lang.AbstractStringBuilder.putStringAt(ILjava/lang/String;II)V @ 8 c2
Event: 1.506 Thread 0x000001c130ade860 DEOPT PACKING pc=0x000001c1400d8da4 sp=0x0000000e8a5fba10
Event: 1.506 Thread 0x000001c130ade860 DEOPT UNPACKING pc=0x000001c13fb569a3 sp=0x0000000e8a5fb898 mode 2
Event: 1.506 Thread 0x000001c130ade860 Uncommon trap: trap_request=0xffffff45 fr.pc=0x000001c14010bb6c relative=0x00000000000003cc
Event: 1.506 Thread 0x000001c130ade860 Uncommon trap: reason=unstable_if action=reinterpret pc=0x000001c14010bb6c method=java.lang.AbstractStringBuilder.isLatin1()Z @ 10 c2
Event: 1.506 Thread 0x000001c130ade860 DEOPT PACKING pc=0x000001c14010bb6c sp=0x0000000e8a5fba20
Event: 1.506 Thread 0x000001c130ade860 DEOPT UNPACKING pc=0x000001c13fb569a3 sp=0x0000000e8a5fb9a0 mode 2
Event: 1.506 Thread 0x000001c130ade860 Uncommon trap: trap_request=0xffffff45 fr.pc=0x000001c1400f7d24 relative=0x0000000000000184
Event: 1.506 Thread 0x000001c130ade860 Uncommon trap: reason=unstable_if action=reinterpret pc=0x000001c1400f7d24 method=java.lang.String.lastIndexOf(II)I @ 4 c2
Event: 1.506 Thread 0x000001c130ade860 DEOPT PACKING pc=0x000001c1400f7d24 sp=0x0000000e8a5fbb80
Event: 1.506 Thread 0x000001c130ade860 DEOPT UNPACKING pc=0x000001c13fb569a3 sp=0x0000000e8a5fbab0 mode 2
Event: 1.506 Thread 0x000001c130ade860 Uncommon trap: trap_request=0xffffff45 fr.pc=0x000001c1400d5418 relative=0x00000000000004d8
Event: 1.506 Thread 0x000001c130ade860 Uncommon trap: reason=unstable_if action=reinterpret pc=0x000001c1400d5418 method=java.lang.AbstractStringBuilder.putStringAt(ILjava/lang/String;II)V @ 8 c2
Event: 1.506 Thread 0x000001c130ade860 DEOPT PACKING pc=0x000001c1400d5418 sp=0x0000000e8a5fb9a0
Event: 1.507 Thread 0x000001c130ade860 DEOPT UNPACKING pc=0x000001c13fb569a3 sp=0x0000000e8a5fb890 mode 2
Event: 1.507 Thread 0x000001c130ade860 Uncommon trap: trap_request=0xffffff45 fr.pc=0x000001c1400d5c4c relative=0x000000000000012c
Event: 1.507 Thread 0x000001c130ade860 Uncommon trap: reason=unstable_if action=reinterpret pc=0x000001c1400d5c4c method=java.lang.AbstractStringBuilder.putStringAt(ILjava/lang/String;II)V @ 8 c2
Event: 1.507 Thread 0x000001c130ade860 DEOPT PACKING pc=0x000001c1400d5c4c sp=0x0000000e8a5fb950
Event: 1.507 Thread 0x000001c130ade860 DEOPT UNPACKING pc=0x000001c13fb569a3 sp=0x0000000e8a5fb898 mode 2

Classes unloaded (0 events):
No events

Classes redefined (0 events):
No events

Internal exceptions (16 events):
Event: 0.211 Thread 0x000001c130ade860 Exception <a 'java/lang/NoSuchMethodError'{0x00000000ffc6e3d0}: 'int java.lang.invoke.DirectMethodHandle$Holder.invokeStaticInit(java.lang.Object, java.lang.Object)'> (0x00000000ffc6e3d0) 
thrown [s\src\hotspot\share\interpreter\linkResolver.cpp, line 759]
Event: 1.075 Thread 0x000001c130ade860 Exception <a 'java/lang/NoSuchMethodError'{0x00000000fe9297c0}: 'void java.lang.invoke.DirectMethodHandle$Holder.invokeStatic(java.lang.Object, java.lang.Object)'> (0x00000000fe9297c0) 
thrown [s\src\hotspot\share\interpreter\linkResolver.cpp, line 759]
Event: 1.101 Thread 0x000001c130ade860 Exception <a 'java/lang/NoClassDefFoundError'{0x00000000fe9b09a0}: org/slf4j/impl/StaticMarkerBinder> (0x00000000fe9b09a0) 
thrown [s\src\hotspot\share\classfile\systemDictionary.cpp, line 245]
Event: 1.141 Thread 0x000001c130ade860 Exception <a 'java/lang/NoSuchMethodError'{0x00000000fff58cb8}: 'java.lang.Object java.lang.invoke.DirectMethodHandle$Holder.invokeVirtual(java.lang.Object, java.lang.Object, java.lang.Object, java.lang.Object, java.lang.Object, java.lang.Object, java.lang.Object)'> (0x00000000fff58cb8) 
thrown [s\src\hotspot\share\interpreter\linkResolver.cpp, line 759]
Event: 1.142 Thread 0x000001c130ade860 Exception <a 'java/lang/NoSuchMethodError'{0x00000000fff6a278}: 'java.lang.Object java.lang.invoke.Invokers$Holder.invoker(java.lang.Object, java.lang.Object, java.lang.Object)'> (0x00000000fff6a278) 
thrown [s\src\hotspot\share\interpreter\linkResolver.cpp, line 759]
Event: 1.143 Thread 0x000001c130ade860 Exception <a 'java/lang/NoSuchMethodError'{0x00000000fffabc40}: 'java.lang.Object java.lang.invoke.DirectMethodHandle$Holder.invokeStatic(java.lang.Object, java.lang.Object, int)'> (0x00000000fffabc40) 
thrown [s\src\hotspot\share\interpreter\linkResolver.cpp, line 759]
Event: 1.145 Thread 0x000001c130ade860 Exception <a 'java/lang/NoSuchMethodError'{0x00000000fffb7930}: 'void java.lang.invoke.DelegatingMethodHandle$Holder.delegate(java.lang.Object, java.lang.Object, int, java.lang.Object)'> (0x00000000fffb7930) 
thrown [s\src\hotspot\share\interpreter\linkResolver.cpp, line 759]
Event: 1.145 Thread 0x000001c130ade860 Exception <a 'java/lang/NoSuchMethodError'{0x00000000fffbbaf8}: 'int java.lang.invoke.DirectMethodHandle$Holder.invokeSpecial(java.lang.Object, java.lang.Object, java.lang.Object)'> (0x00000000fffbbaf8) 
thrown [s\src\hotspot\share\interpreter\linkResolver.cpp, line 759]
Event: 1.147 Thread 0x000001c130ade860 Exception <a 'java/lang/NoSuchMethodError'{0x00000000fffcec40}: 'java.lang.Object java.lang.invoke.Invokers$Holder.invokeExact_MT(java.lang.Object, java.lang.Object, java.lang.Object, java.lang.Object)'> (0x00000000fffcec40) 
thrown [s\src\hotspot\share\interpreter\linkResolver.cpp, line 759]
Event: 1.298 Thread 0x000001c130ade860 Exception <a 'java/lang/NoSuchMethodError'{0x00000000ff9f14c0}: 'void java.lang.invoke.DirectMethodHandle$Holder.invokeSpecial(java.lang.Object, java.lang.Object, java.lang.Object)'> (0x00000000ff9f14c0) 
thrown [s\src\hotspot\share\interpreter\linkResolver.cpp, line 759]
Event: 1.308 Thread 0x000001c130ade860 Implicit null exception at 0x000001c1400f810c to 0x000001c1400f8650
Event: 1.308 Thread 0x000001c130ade860 Implicit null exception at 0x000001c1400dbb8f to 0x000001c1400dc0e4
Event: 1.331 Thread 0x000001c130ade860 Exception <a 'java/lang/NoSuchMethodError'{0x00000000ff79f370}: 'java.lang.Object java.lang.invoke.DirectMethodHandle$Holder.invokeStaticInit(java.lang.Object)'> (0x00000000ff79f370) 
thrown [s\src\hotspot\share\interpreter\linkResolver.cpp, line 759]
Event: 1.465 Thread 0x000001c130ade860 Exception <a 'java/lang/NoSuchMethodError'{0x00000000ff34e750}: 'java.lang.Object java.lang.invoke.DirectMethodHandle$Holder.invokeStaticInit(java.lang.Object, int, int, int, int)'> (0x00000000ff34e750) 
thrown [s\src\hotspot\share\interpreter\linkResolver.cpp, line 759]
Event: 1.561 Thread 0x000001c130ade860 Exception <a 'java/lang/NoSuchMethodError'{0x00000000ff3e9e78}: 'java.lang.Object java.lang.invoke.DirectMethodHandle$Holder.invokeStaticInit(java.lang.Object, java.lang.Object, int, int, int, int)'> (0x00000000ff3e9e78) 
thrown [s\src\hotspot\share\interpreter\linkResolver.cpp, line 759]
Event: 1.658 Thread 0x000001c130ade860 Exception <a 'java/lang/NoSuchMethodError'{0x00000000ff217380}: 'void java.lang.invoke.DirectMethodHandle$Holder.invokeStatic(java.lang.Object, java.lang.Object, java.lang.Object)'> (0x00000000ff217380) 
thrown [s\src\hotspot\share\interpreter\linkResolver.cpp, line 759]

VM Operations (20 events):
Event: 94.490 Executing VM operation: Cleanup
Event: 94.490 Executing VM operation: Cleanup done
Event: 95.505 Executing VM operation: Cleanup
Event: 95.505 Executing VM operation: Cleanup done
Event: 100.550 Executing VM operation: Cleanup
Event: 100.550 Executing VM operation: Cleanup done
Event: 106.599 Executing VM operation: Cleanup
Event: 106.601 Executing VM operation: Cleanup done
Event: 119.702 Executing VM operation: Cleanup
Event: 119.797 Executing VM operation: Cleanup done
Event: 120.080 Executing VM operation: HandshakeAllThreads
Event: 120.089 Executing VM operation: HandshakeAllThreads done
Event: 122.111 Executing VM operation: Cleanup
Event: 122.113 Executing VM operation: Cleanup done
Event: 131.282 Executing VM operation: Cleanup
Event: 131.336 Executing VM operation: Cleanup done
Event: 140.474 Executing VM operation: Cleanup
Event: 140.476 Executing VM operation: Cleanup done
Event: 149.839 Executing VM operation: Cleanup
Event: 149.847 Executing VM operation: Cleanup done

Events (20 events):
Event: 17.822 loading class jdk/internal/reflect/ByteVector done
Event: 17.822 loading class jdk/internal/reflect/ByteVectorImpl done
Event: 17.823 loading class jdk/internal/reflect/ClassFileAssembler
Event: 17.823 loading class jdk/internal/reflect/ClassFileAssembler done
Event: 17.823 loading class jdk/internal/reflect/UTF8
Event: 17.824 loading class jdk/internal/reflect/UTF8 done
Event: 17.826 loading class jdk/internal/reflect/Label
Event: 17.826 loading class jdk/internal/reflect/Label done
Event: 17.826 loading class jdk/internal/reflect/Label$PatchInfo
Event: 17.827 loading class jdk/internal/reflect/Label$PatchInfo done
Event: 17.827 loading class jdk/internal/reflect/MethodAccessorGenerator$1
Event: 17.827 loading class jdk/internal/reflect/MethodAccessorGenerator$1 done
Event: 17.827 loading class jdk/internal/reflect/ClassDefiner
Event: 17.827 loading class jdk/internal/reflect/ClassDefiner done
Event: 17.827 loading class jdk/internal/reflect/ClassDefiner$1
Event: 17.827 loading class jdk/internal/reflect/ClassDefiner$1 done
Event: 41.253 loading class java/util/ArrayList$ListItr
Event: 41.255 loading class java/util/ArrayList$ListItr done
Event: 71.848 loading class jdk/internal/misc/ScopedMemoryAccess$Scope
Event: 71.870 loading class jdk/internal/misc/ScopedMemoryAccess$Scope done


Dynamic libraries:
0x00007ff6bd230000 - 0x00007ff6bd23e000 	C:\Program Files\Microsoft\jdk-17.0.8.7-hotspot\bin\java.exe
0x00007ffbbce90000 - 0x00007ffbbd0a7000 	C:\WINDOWS\SYSTEM32\ntdll.dll
0x00007ffbbbff0000 - 0x00007ffbbc0b4000 	C:\WINDOWS\System32\KERNEL32.DLL
0x00007ffbba780000 - 0x00007ffbbab51000 	C:\WINDOWS\System32\KERNELBASE.dll
0x00007ffbb9fd0000 - 0x00007ffbba0e1000 	C:\WINDOWS\System32\ucrtbase.dll
0x00007ffb8c6a0000 - 0x00007ffb8c6bb000 	C:\Program Files\Microsoft\jdk-17.0.8.7-hotspot\bin\VCRUNTIME140.dll
0x00007ffb90780000 - 0x00007ffb90797000 	C:\Program Files\Microsoft\jdk-17.0.8.7-hotspot\bin\jli.dll
0x00007ffbbcc90000 - 0x00007ffbbce41000 	C:\WINDOWS\System32\USER32.dll
0x00007ffbba5b0000 - 0x00007ffbba5d6000 	C:\WINDOWS\System32\win32u.dll
0x00007ffbbbfc0000 - 0x00007ffbbbfe9000 	C:\WINDOWS\System32\GDI32.dll
0x00007ffbba5e0000 - 0x00007ffbba6fb000 	C:\WINDOWS\System32\gdi32full.dll
0x00007ffbba450000 - 0x00007ffbba4ea000 	C:\WINDOWS\System32\msvcp_win.dll
0x00007ffb9bab0000 - 0x00007ffb9bd42000 	C:\WINDOWS\WinSxS\amd64_microsoft.windows.common-controls_6595b64144ccf1df_6.0.22621.4830_none_270fe7d773858e80\COMCTL32.dll
0x00007ffbbb810000 - 0x00007ffbbb8b7000 	C:\WINDOWS\System32\msvcrt.dll
0x00007ffbbb4b0000 - 0x00007ffbbb4e1000 	C:\WINDOWS\System32\IMM32.DLL
0x00007ffbac6a0000 - 0x00007ffbac6ac000 	C:\Program Files\Microsoft\jdk-17.0.8.7-hotspot\bin\vcruntime140_1.dll
0x00007ffb12bd0000 - 0x00007ffb12c5d000 	C:\Program Files\Microsoft\jdk-17.0.8.7-hotspot\bin\msvcp140.dll
0x00007ffaedba0000 - 0x00007ffaee805000 	C:\Program Files\Microsoft\jdk-17.0.8.7-hotspot\bin\server\jvm.dll
0x00007ffbbbb50000 - 0x00007ffbbbc01000 	C:\WINDOWS\System32\ADVAPI32.dll
0x00007ffbbc920000 - 0x00007ffbbc9c7000 	C:\WINDOWS\System32\sechost.dll
0x00007ffbba0f0000 - 0x00007ffbba118000 	C:\WINDOWS\System32\bcrypt.dll
0x00007ffbbca60000 - 0x00007ffbbcb74000 	C:\WINDOWS\System32\RPCRT4.dll
0x00007ffba2520000 - 0x00007ffba2529000 	C:\WINDOWS\SYSTEM32\WSOCK32.dll
0x00007ffbb9ea0000 - 0x00007ffbb9eed000 	C:\WINDOWS\SYSTEM32\POWRPROF.dll
0x00007ffbbb8c0000 - 0x00007ffbbb931000 	C:\WINDOWS\System32\WS2_32.dll
0x00007ffbb0f00000 - 0x00007ffbb0f0a000 	C:\WINDOWS\SYSTEM32\VERSION.dll
0x00007ffbb4970000 - 0x00007ffbb49a4000 	C:\WINDOWS\SYSTEM32\WINMM.dll
0x00007ffbb9e80000 - 0x00007ffbb9e93000 	C:\WINDOWS\SYSTEM32\UMPDC.dll
0x00007ffbb9020000 - 0x00007ffbb9038000 	C:\WINDOWS\SYSTEM32\kernel.appcore.dll
0x00007ffba9610000 - 0x00007ffba961a000 	C:\Program Files\Microsoft\jdk-17.0.8.7-hotspot\bin\jimage.dll
0x00007ffbb7a60000 - 0x00007ffbb7c92000 	C:\WINDOWS\SYSTEM32\DBGHELP.DLL
0x00007ffbbbc10000 - 0x00007ffbbbfa0000 	C:\WINDOWS\System32\combase.dll
0x00007ffbbb730000 - 0x00007ffbbb807000 	C:\WINDOWS\System32\OLEAUT32.dll
0x00007ffba4cd0000 - 0x00007ffba4d02000 	C:\WINDOWS\SYSTEM32\dbgcore.DLL
0x00007ffbba700000 - 0x00007ffbba77b000 	C:\WINDOWS\System32\bcryptPrimitives.dll
0x00007ffb75ec0000 - 0x00007ffb75ee5000 	C:\Program Files\Microsoft\jdk-17.0.8.7-hotspot\bin\java.dll
0x00007ffb127b0000 - 0x00007ffb12887000 	C:\Program Files\Microsoft\jdk-17.0.8.7-hotspot\bin\jsvml.dll
0x00007ffbbab60000 - 0x00007ffbbb3e8000 	C:\WINDOWS\System32\SHELL32.dll
0x00007ffbba120000 - 0x00007ffbba25f000 	C:\WINDOWS\System32\wintypes.dll
0x00007ffbb7f30000 - 0x00007ffbb883d000 	C:\WINDOWS\SYSTEM32\windows.storage.dll
0x00007ffbbcb80000 - 0x00007ffbbcc8a000 	C:\WINDOWS\System32\SHCORE.dll
0x00007ffbbbaf0000 - 0x00007ffbbbb4e000 	C:\WINDOWS\System32\shlwapi.dll
0x00007ffbb9f00000 - 0x00007ffbb9f2b000 	C:\WINDOWS\SYSTEM32\profapi.dll
0x00007ffb87540000 - 0x00007ffb87559000 	C:\Program Files\Microsoft\jdk-17.0.8.7-hotspot\bin\net.dll
0x00007ffbb4770000 - 0x00007ffbb489c000 	C:\WINDOWS\SYSTEM32\WINHTTP.dll
0x00007ffbb9490000 - 0x00007ffbb94fa000 	C:\WINDOWS\system32\mswsock.dll
0x00007ffb7a8f0000 - 0x00007ffb7a906000 	C:\Program Files\Microsoft\jdk-17.0.8.7-hotspot\bin\nio.dll
0x00007ffb76980000 - 0x00007ffb76998000 	C:\Program Files\Microsoft\jdk-17.0.8.7-hotspot\bin\zip.dll
0x00007ffb8e1c0000 - 0x00007ffb8e1d0000 	C:\Program Files\Microsoft\jdk-17.0.8.7-hotspot\bin\verify.dll
0x00007ffb87580000 - 0x00007ffb875a7000 	C:\Users\66992\.gradle\native\68d5fa5c4cc2d200863cafc0d521ce42e7d3e7ee720ec0a83991735586a16f82\windows-amd64\native-platform.dll
0x00007ffbb4a30000 - 0x00007ffbb4a3a000 	C:\Users\66992\.gradle\native\jansi\1.18\windows64\jansi.dll
0x00007ffba8ca0000 - 0x00007ffba8ca9000 	C:\Program Files\Microsoft\jdk-17.0.8.7-hotspot\bin\management.dll
0x00007ffb94270000 - 0x00007ffb9427b000 	C:\Program Files\Microsoft\jdk-17.0.8.7-hotspot\bin\management_ext.dll
0x00007ffbbc260000 - 0x00007ffbbc268000 	C:\WINDOWS\System32\PSAPI.DLL
0x00007ffbb96f0000 - 0x00007ffbb970b000 	C:\WINDOWS\SYSTEM32\CRYPTSP.dll
0x00007ffbb8f80000 - 0x00007ffbb8fb7000 	C:\WINDOWS\system32\rsaenh.dll
0x00007ffbb9580000 - 0x00007ffbb95a8000 	C:\WINDOWS\SYSTEM32\USERENV.dll
0x00007ffbb96e0000 - 0x00007ffbb96ec000 	C:\WINDOWS\SYSTEM32\CRYPTBASE.dll
0x00007ffbb8aa0000 - 0x00007ffbb8acd000 	C:\WINDOWS\SYSTEM32\IPHLPAPI.DLL
0x00007ffbbc0e0000 - 0x00007ffbbc0e9000 	C:\WINDOWS\System32\NSI.dll
0x00007ffbb44c0000 - 0x00007ffbb44d9000 	C:\WINDOWS\SYSTEM32\dhcpcsvc6.DLL
0x00007ffbb44a0000 - 0x00007ffbb44bf000 	C:\WINDOWS\SYSTEM32\dhcpcsvc.DLL
0x00007ffbb8b10000 - 0x00007ffbb8c12000 	C:\WINDOWS\SYSTEM32\DNSAPI.dll
0x00007ffb93cc0000 - 0x00007ffb93cce000 	C:\Program Files\Microsoft\jdk-17.0.8.7-hotspot\bin\sunmscapi.dll
0x00007ffbba260000 - 0x00007ffbba3c6000 	C:\WINDOWS\System32\CRYPT32.dll
0x00007ffbb9880000 - 0x00007ffbb98ad000 	C:\WINDOWS\SYSTEM32\ncrypt.dll
0x00007ffbb9840000 - 0x00007ffbb9877000 	C:\WINDOWS\SYSTEM32\NTASN1.dll
0x00007ffbb4a40000 - 0x00007ffbb4a48000 	C:\WINDOWS\system32\wshunix.dll

dbghelp: loaded successfully - version: 4.0.5 - missing functions: none
symbol engine: initialized successfully - sym options: 0x614 - pdb path: .;C:\Program Files\Microsoft\jdk-17.0.8.7-hotspot\bin;C:\WINDOWS\SYSTEM32;C:\WINDOWS\WinSxS\amd64_microsoft.windows.common-controls_6595b64144ccf1df_6.0.22621.4830_none_270fe7d773858e80;C:\Program Files\Microsoft\jdk-17.0.8.7-hotspot\bin\server;C:\Users\66992\.gradle\native\68d5fa5c4cc2d200863cafc0d521ce42e7d3e7ee720ec0a83991735586a16f82\windows-amd64;C:\Users\66992\.gradle\native\jansi\1.18\windows64

VM Arguments:
jvm_args: -Xmx64m -Xms64m -Dorg.gradle.appname=gradlew 
java_command: org.gradle.wrapper.GradleWrapperMain app:assembleDebug -x lint -x test --configure-on-demand --build-cache -PreactNativeDevServerPort=8081
java_class_path (initial): C:\PTAHAPP\client\android\\gradle\wrapper\gradle-wrapper.jar
Launcher Type: SUN_STANDARD

[Global flags]
     intx CICompilerCount                          = 4                                         {product} {ergonomic}
     uint ConcGCThreads                            = 3                                         {product} {ergonomic}
     uint G1ConcRefinementThreads                  = 10                                        {product} {ergonomic}
   size_t G1HeapRegionSize                         = 1048576                                   {product} {ergonomic}
    uintx GCDrainStackTargetSize                   = 64                                        {product} {ergonomic}
   size_t InitialHeapSize                          = 67108864                                  {product} {command line}
   size_t MarkStackSize                            = 4194304                                   {product} {ergonomic}
   size_t MaxHeapSize                              = 67108864                                  {product} {command line}
   size_t MaxNewSize                               = 39845888                                  {product} {ergonomic}
   size_t MinHeapDeltaBytes                        = 1048576                                   {product} {ergonomic}
   size_t MinHeapSize                              = 67108864                                  {product} {command line}
    uintx NonNMethodCodeHeapSize                   = 5839372                                {pd product} {ergonomic}
    uintx NonProfiledCodeHeapSize                  = 122909434                              {pd product} {ergonomic}
    uintx ProfiledCodeHeapSize                     = 122909434                              {pd product} {ergonomic}
    uintx ReservedCodeCacheSize                    = 251658240                              {pd product} {ergonomic}
     bool SegmentedCodeCache                       = true                                      {product} {ergonomic}
   size_t SoftMaxHeapSize                          = 67108864                               {manageable} {ergonomic}
     bool UseCompressedClassPointers               = true                           {product lp64_product} {ergonomic}
     bool UseCompressedOops                        = true                           {product lp64_product} {ergonomic}
     bool UseG1GC                                  = true                                      {product} {ergonomic}
     bool UseLargePagesIndividualAllocation        = false                                  {pd product} {ergonomic}

Logging:
Log output configuration:
 #0: stdout all=warning uptime,level,tags
 #1: stderr all=off uptime,level,tags

Environment Variables:
JAVA_HOME=C:\Program Files\Microsoft\jdk-17.0.8.7-hotspot\
CLASSPATH=C:\PTAHAPP\client\android\\gradle\wrapper\gradle-wrapper.jar
PATH=C:\PTAHAPP\client\node_modules\.bin;C:\PTAHAPP\client\node_modules\.bin;C:\PTAHAPP\node_modules\.bin;C:\node_modules\.bin;C:\Users\66992\AppData\Roaming\npm\node_modules\npm\node_modules\@npmcli\run-script\lib\node-gyp-bin;C:\Program Files\Microsoft\jdk-17.0.8.7-hotspot\bin;C:\Program Files\Python38\Scripts\;C:\Program Files\Python38\;C:\WINDOWS\system32;C:\WINDOWS;C:\WINDOWS\System32\Wbem;C:\WINDOWS\System32\WindowsPowerShell\v1.0\;C:\WINDOWS\System32\OpenSSH\;C:\xampp\php;C:\composer;C:\Program Files\Git\cmd;C:\ProgramData\chocolatey\bin;C:\Program Files\nodejs\;C:\Users\66992\AppData\Local\Microsoft\WindowsApps;C:\Users\66992\AppData\Local\Programs\Microsoft VS Code\bin;C:\Users\66992\AppData\Roaming\Composer\vendor\bin;C:\Users\66992\AppData\Local\GitHubDesktop\bin;C:\Program Files\MongoDB\Server\6.0\bin;C:\Users\66992\AppData\Roaming\npm;C:\Users\66992\AppData\Local\Android\Sdk\platform-tools;
USERNAME=66992
LANG=en_US.UTF-8
OS=Windows_NT
PROCESSOR_IDENTIFIER=AMD64 Family 23 Model 104 Stepping 1, AuthenticAMD
TMP=C:\Users\66992\AppData\Local\Temp
TEMP=C:\Users\66992\AppData\Local\Temp



---------------  S Y S T E M  ---------------

OS:
 Windows 11 , 64 bit Build 22621 (10.0.22621.4974)
OS uptime: 1 days 14:41 hours

CPU: total 12 (initial active 12) (12 cores per cpu, 2 threads per core) family 23 model 104 stepping 1 microcode 0x0, cx8, cmov, fxsr, ht, mmx, 3dnowpref, sse, sse2, sse3, ssse3, sse4a, sse4.1, sse4.2, popcnt, lzcnt, tsc, tscinvbit, avx, avx2, aes, clmul, bmi1, bmi2, adx, sha, fma, vzeroupper, clflush, clflushopt
Processor Information for processor 0
  Max Mhz: 2100, Current Mhz: 1988, Mhz Limit: 2100
Processor Information for processor 1
  Max Mhz: 2100, Current Mhz: 2100, Mhz Limit: 2100
Processor Information for processor 2
  Max Mhz: 2100, Current Mhz: 1988, Mhz Limit: 2100
Processor Information for processor 3
  Max Mhz: 2100, Current Mhz: 2100, Mhz Limit: 2100
Processor Information for processor 4
  Max Mhz: 2100, Current Mhz: 1988, Mhz Limit: 2100
Processor Information for processor 5
  Max Mhz: 2100, Current Mhz: 2100, Mhz Limit: 2100
Processor Information for processor 6
  Max Mhz: 2100, Current Mhz: 2100, Mhz Limit: 2100
Processor Information for processor 7
  Max Mhz: 2100, Current Mhz: 2100, Mhz Limit: 2100
Processor Information for processor 8
  Max Mhz: 2100, Current Mhz: 2100, Mhz Limit: 2100
Processor Information for processor 9
  Max Mhz: 2100, Current Mhz: 2100, Mhz Limit: 2100
Processor Information for processor 10
  Max Mhz: 2100, Current Mhz: 2100, Mhz Limit: 2100
Processor Information for processor 11
  Max Mhz: 2100, Current Mhz: 1988, Mhz Limit: 2100

Memory: 4k page, system-wide physical 6005M (41M free)
TotalPageFile size 24437M (AvailPageFile size 23M)
current process WorkingSet (physical memory assigned to process): 4M, peak: 93M
current process commit charge ("private bytes"): 167M, peak: 170M

vm_info: OpenJDK 64-Bit Server VM (17.0.8+7-LTS) for windows-amd64 JRE (17.0.8+7-LTS), built on Jul  7 2023 17:21:55 by "MicrosoftCorporation" with MS VC++ 16.10 / 16.11 (VS2019)

END.
