#
# There is insufficient memory for the Java Runtime Environment to continue.
# Native memory allocation (malloc) failed to allocate 1851536 bytes for Chunk::new
# Possible reasons:
#   The system is out of physical RAM or swap space
#   The process is running with CompressedOops enabled, and the Java Heap may be blocking the growth of the native heap
# Possible solutions:
#   Reduce memory load on the system
#   Increase physical memory or swap space
#   Check if swap backing store is full
#   Decrease Java heap size (-Xmx/-Xms)
#   Decrease number of Java threads
#   Decrease Java thread stack sizes (-Xss)
#   Set larger code cache with -XX:ReservedCodeCacheSize=
#   JVM is running with Unscaled Compressed Oops mode in which the Java heap is
#     placed in the first 4GB address space. The Java Heap base address is the
#     maximum limit for the native heap growth. Please use -XX:HeapBaseMinAddress
#     to set the Java Heap base and to place the Java Heap above 4GB virtual address.
# This output file may be truncated or incomplete.
#
#  Out of Memory Error (arena.cpp:189), pid=24440, tid=22844
#
# JRE version: OpenJDK Runtime Environment Microsoft-8035246 (17.0.8+7) (build 17.0.8+7-LTS)
# Java VM: OpenJDK 64-Bit Server VM Microsoft-8035246 (17.0.8+7-LTS, mixed mode, sharing, tiered, compressed oops, compressed class ptrs, g1 gc, windows-amd64)
# No core dump will be written. Minidumps are not enabled by default on client versions of Windows
#

---------------  S U M M A R Y ------------

Command Line: -XX:MaxMetaspaceSize=512m --add-opens=java.base/java.util=ALL-UNNAMED --add-opens=java.base/java.lang=ALL-UNNAMED --add-opens=java.base/java.lang.invoke=ALL-UNNAMED --add-opens=java.prefs/java.util.prefs=ALL-UNNAMED --add-opens=java.base/java.nio.charset=ALL-UNNAMED --add-opens=java.base/java.net=ALL-UNNAMED --add-opens=java.base/java.util.concurrent.atomic=ALL-UNNAMED -Xmx2048m -Dfile.encoding=windows-1252 -Duser.country=US -Duser.language=en -Duser.variant -javaagent:C:\Users\66992\.gradle\wrapper\dists\gradle-8.3-all\6en3ugtfdg5xnpx44z4qbwgas\gradle-8.3\lib\agents\gradle-instrumentation-agent-8.3.jar org.gradle.launcher.daemon.bootstrap.GradleDaemon 8.3

Host: AMD Ryzen 5 5500U with Radeon Graphics         , 12 cores, 5G,  Windows 11 , 64 bit Build 22621 (10.0.22621.4974)
Time: Thu Mar 20 17:15:03 2025 W. Mongolia Standard Time elapsed time: 34.109989 seconds (0d 0h 0m 34s)

---------------  T H R E A D  ---------------

Current thread (0x000001416dc2b3e0):  JavaThread "C2 CompilerThread0" daemon [_thread_in_native, id=22844, stack(0x0000002df6700000,0x0000002df6800000)]


Current CompileTask:
C2:  34110 9436       4       jdk.internal.loader.URLClassPath$JarLoader$2::getInputStream (15 bytes)

Stack: [0x0000002df6700000,0x0000002df6800000]
Native frames: (J=compiled Java code, j=interpreted, Vv=VM code, C=native code)
V  [jvm.dll+0x67bf3a]
V  [jvm.dll+0x83a024]
V  [jvm.dll+0x83b7ce]
V  [jvm.dll+0x83be33]
V  [jvm.dll+0x24785f]
V  [jvm.dll+0xac3bc]
V  [jvm.dll+0xac98c]
V  [jvm.dll+0x3680b2]
V  [jvm.dll+0x332451]
V  [jvm.dll+0x3318fa]
V  [jvm.dll+0x21a131]
V  [jvm.dll+0x219551]
V  [jvm.dll+0x1a56b6]
V  [jvm.dll+0x2291ea]
V  [jvm.dll+0x22724c]
V  [jvm.dll+0x7efd0c]
V  [jvm.dll+0x7ea13a]
V  [jvm.dll+0x67ad85]
C  [ucrtbase.dll+0x29333]
C  [KERNEL32.DLL+0x1259d]
C  [ntdll.dll+0x5af38]


---------------  P R O C E S S  ---------------

Threads class SMR info:
_java_thread_list=0x0000014176caf670, length=112, elements={
0x000001414f3a0ec0, 0x000001416dc09b90, 0x000001416dc0aa10, 0x000001416dc236d0,
0x000001416dc252a0, 0x000001416dc27c70, 0x000001416dc2a640, 0x000001416dc2b3e0,
0x000001416dc2cea0, 0x000001416dc31330, 0x000001416dbf8ce0, 0x0000014172150870,
0x0000014173352750, 0x000001417377cbd0, 0x00000141738b16b0, 0x000001417389acd0,
0x00000141738d54b0, 0x00000141738d4fa0, 0x00000141738d59c0, 0x00000141738d5ed0,
0x00000141738d6e00, 0x00000141738d4580, 0x00000141738d7310, 0x00000141738d68f0,
0x00000141738d7820, 0x00000141738d4070, 0x00000141738d4a90, 0x0000014175c24740,
0x0000014175c24c50, 0x0000014175c25160, 0x0000014175c26ab0, 0x0000014175c26fc0,
0x0000014175c24230, 0x0000014175c265a0, 0x0000014175c274d0, 0x0000014175c27ef0,
0x0000014175c2ac80, 0x0000014175c25b80, 0x0000014175c29330, 0x0000014175c26090,
0x0000014175c28400, 0x0000014175c29840, 0x0000014175c29d50, 0x0000014175c28910,
0x0000014175c28e20, 0x0000014175c2a260, 0x0000014175c2a770, 0x0000014175c2b190,
0x0000014175c23d20, 0x0000014175c2b6a0, 0x00000141740f25b0, 0x00000141740ed4b0,
0x00000141740f2fd0, 0x00000141740ec070, 0x00000141740ed9c0, 0x00000141740f1b90,
0x00000141740f0750, 0x00000141740f20a0, 0x00000141740eded0, 0x00000141740f0c60,
0x00000141740f2ac0, 0x00000141740f1170, 0x00000141740efd30, 0x00000141740f0240,
0x00000141740f1680, 0x00000141740f34e0, 0x00000141740ee8f0, 0x00000141740f39f0,
0x00000141740ec580, 0x00000141740ef820, 0x00000141740eca90, 0x00000141740ecfa0,
0x00000141740ef310, 0x00000141740eee00, 0x0000014176ce0c70, 0x0000014176cdf320,
0x0000014176cdfd40, 0x0000014176ce34f0, 0x0000014176cdee10, 0x0000014176ce6790,
0x0000014176ce5860, 0x0000014176ce5d70, 0x0000014176ce25c0, 0x0000014176ce1ba0,
0x0000014176ce2fe0, 0x0000014176ce2ad0, 0x0000014176ce0250, 0x0000014176ce6280,
0x0000014176ce0760, 0x0000014176ce1180, 0x0000014176ce3a00, 0x0000014176ce1690,
0x0000014176ce3f10, 0x0000014176ce4420, 0x0000014176ce20b0, 0x0000014176ce4930,
0x0000014176ce4e40, 0x0000014176ce5350, 0x0000014175690d60, 0x00000141756977b0,
0x00000141756972a0, 0x0000014175691c90, 0x0000014175693af0, 0x0000014175691780,
0x00000141756926b0, 0x0000014175697cc0, 0x00000141756921a0, 0x00000141756981d0,
0x00000141756935e0, 0x0000014175696370, 0x00000141756930d0, 0x0000014175692bc0
}

Java Threads: ( => current thread )
  0x000001414f3a0ec0 JavaThread "main" [_thread_blocked, id=6952, stack(0x0000002df5a00000,0x0000002df5b00000)]
  0x000001416dc09b90 JavaThread "Reference Handler" daemon [_thread_blocked, id=22384, stack(0x0000002df6100000,0x0000002df6200000)]
  0x000001416dc0aa10 JavaThread "Finalizer" daemon [_thread_blocked, id=21372, stack(0x0000002df6200000,0x0000002df6300000)]
  0x000001416dc236d0 JavaThread "Signal Dispatcher" daemon [_thread_blocked, id=3192, stack(0x0000002df6300000,0x0000002df6400000)]
  0x000001416dc252a0 JavaThread "Attach Listener" daemon [_thread_blocked, id=13280, stack(0x0000002df6400000,0x0000002df6500000)]
  0x000001416dc27c70 JavaThread "Service Thread" daemon [_thread_blocked, id=9792, stack(0x0000002df6500000,0x0000002df6600000)]
  0x000001416dc2a640 JavaThread "Monitor Deflation Thread" daemon [_thread_blocked, id=15848, stack(0x0000002df6600000,0x0000002df6700000)]
=>0x000001416dc2b3e0 JavaThread "C2 CompilerThread0" daemon [_thread_in_native, id=22844, stack(0x0000002df6700000,0x0000002df6800000)]
  0x000001416dc2cea0 JavaThread "C1 CompilerThread0" daemon [_thread_blocked, id=13944, stack(0x0000002df6800000,0x0000002df6900000)]
  0x000001416dc31330 JavaThread "Sweeper thread" daemon [_thread_blocked, id=6136, stack(0x0000002df6900000,0x0000002df6a00000)]
  0x000001416dbf8ce0 JavaThread "Common-Cleaner" daemon [_thread_blocked, id=20408, stack(0x0000002df6a00000,0x0000002df6b00000)]
  0x0000014172150870 JavaThread "Notification Thread" daemon [_thread_blocked, id=18716, stack(0x0000002df6b00000,0x0000002df6c00000)]
  0x0000014173352750 JavaThread "Daemon health stats" [_thread_blocked, id=8156, stack(0x0000002df7100000,0x0000002df7200000)]
  0x000001417377cbd0 JavaThread "Incoming local TCP Connector on port 49358" [_thread_in_native, id=16272, stack(0x0000002df7200000,0x0000002df7300000)]
  0x00000141738b16b0 JavaThread "Daemon periodic checks" [_thread_blocked, id=17820, stack(0x0000002df7300000,0x0000002df7400000)]
  0x000001417389acd0 JavaThread "Daemon" [_thread_blocked, id=23324, stack(0x0000002df7400000,0x0000002df7500000)]
  0x00000141738d54b0 JavaThread "Handler for socket connection from /127.0.0.1:49358 to /127.0.0.1:49359" [_thread_in_native, id=25148, stack(0x0000002df7500000,0x0000002df7600000)]
  0x00000141738d4fa0 JavaThread "Cancel handler" [_thread_blocked, id=9808, stack(0x0000002df7600000,0x0000002df7700000)]
  0x00000141738d59c0 JavaThread "Daemon worker" [_thread_in_Java, id=20928, stack(0x0000002df7700000,0x0000002df7800000)]
  0x00000141738d5ed0 JavaThread "Asynchronous log dispatcher for DefaultDaemonConnection: socket connection from /127.0.0.1:49358 to /127.0.0.1:49359" [_thread_blocked, id=26312, stack(0x0000002df7800000,0x0000002df7900000)]
  0x00000141738d6e00 JavaThread "Stdin handler" [_thread_blocked, id=24104, stack(0x0000002df7900000,0x0000002df7a00000)]
  0x00000141738d4580 JavaThread "Daemon client event forwarder" [_thread_blocked, id=14088, stack(0x0000002df7a00000,0x0000002df7b00000)]
  0x00000141738d7310 JavaThread "Cache worker for journal cache (C:\Users\66992\.gradle\caches\journal-1)" [_thread_blocked, id=9672, stack(0x0000002df8000000,0x0000002df8100000)]
  0x00000141738d68f0 JavaThread "File lock request listener" [_thread_in_native, id=4476, stack(0x0000002df8100000,0x0000002df8200000)]
  0x00000141738d7820 JavaThread "Cache worker for file hash cache (C:\Users\66992\.gradle\caches\8.3\fileHashes)" [_thread_blocked, id=25468, stack(0x0000002df8200000,0x0000002df8300000)]
  0x00000141738d4070 JavaThread "File watcher server" daemon [_thread_in_native, id=3892, stack(0x0000002df8300000,0x0000002df8400000)]
  0x00000141738d4a90 JavaThread "File watcher consumer" daemon [_thread_blocked, id=2716, stack(0x0000002df8400000,0x0000002df8500000)]
  0x0000014175c24740 JavaThread "Cache worker for checksums cache (C:\PTAHAPP\client\android\.gradle\8.3\checksums)" [_thread_blocked, id=23036, stack(0x0000002df8500000,0x0000002df8600000)]
  0x0000014175c24c50 JavaThread "Cache worker for file hash cache (C:\PTAHAPP\client\android\.gradle\8.3\fileHashes)" [_thread_blocked, id=23372, stack(0x0000002df8600000,0x0000002df8700000)]
  0x0000014175c25160 JavaThread "Cache worker for cache directory md-supplier (C:\Users\66992\.gradle\caches\8.3\md-supplier)" [_thread_blocked, id=16944, stack(0x0000002df8700000,0x0000002df8800000)]
  0x0000014175c26ab0 JavaThread "Cache worker for file content cache (C:\Users\66992\.gradle\caches\8.3\fileContent)" [_thread_blocked, id=22780, stack(0x0000002df8800000,0x0000002df8900000)]
  0x0000014175c26fc0 JavaThread "Cache worker for cache directory md-rule (C:\Users\66992\.gradle\caches\8.3\md-rule)" [_thread_blocked, id=19648, stack(0x0000002df8b00000,0x0000002df8c00000)]
  0x0000014175c24230 JavaThread "Cache worker for execution history cache (C:\Users\66992\.gradle\caches\8.3\executionHistory)" [_thread_blocked, id=16144, stack(0x0000002df8c00000,0x0000002df8d00000)]
  0x0000014175c265a0 JavaThread "jar transforms" [_thread_blocked, id=19420, stack(0x0000002df8d00000,0x0000002df8e00000)]
  0x0000014175c274d0 JavaThread "jar transforms Thread 2" [_thread_blocked, id=20008, stack(0x0000002df8e00000,0x0000002df8f00000)]
  0x0000014175c27ef0 JavaThread "jar transforms Thread 3" [_thread_blocked, id=17436, stack(0x0000002df8f00000,0x0000002df9000000)]
  0x0000014175c2ac80 JavaThread "jar transforms Thread 4" [_thread_blocked, id=21972, stack(0x0000002df9000000,0x0000002df9100000)]
  0x0000014175c25b80 JavaThread "jar transforms Thread 5" [_thread_blocked, id=1804, stack(0x0000002df9100000,0x0000002df9200000)]
  0x0000014175c29330 JavaThread "jar transforms Thread 6" [_thread_blocked, id=18252, stack(0x0000002df9200000,0x0000002df9300000)]
  0x0000014175c26090 JavaThread "jar transforms Thread 7" [_thread_blocked, id=16432, stack(0x0000002df9300000,0x0000002df9400000)]
  0x0000014175c28400 JavaThread "jar transforms Thread 8" [_thread_blocked, id=22368, stack(0x0000002df9400000,0x0000002df9500000)]
  0x0000014175c29840 JavaThread "Cache worker for kotlin-dsl (C:\Users\66992\.gradle\caches\8.3\kotlin-dsl)" [_thread_blocked, id=23924, stack(0x0000002df9500000,0x0000002df9600000)]
  0x0000014175c29d50 JavaThread "jar transforms Thread 9" [_thread_blocked, id=10820, stack(0x0000002df9600000,0x0000002df9700000)]
  0x0000014175c28910 JavaThread "jar transforms Thread 10" [_thread_blocked, id=23132, stack(0x0000002df9700000,0x0000002df9800000)]
  0x0000014175c28e20 JavaThread "Unconstrained build operations" [_thread_blocked, id=26120, stack(0x0000002df9800000,0x0000002df9900000)]
  0x0000014175c2a260 JavaThread "Unconstrained build operations Thread 2" [_thread_blocked, id=7312, stack(0x0000002df9900000,0x0000002df9a00000)]
  0x0000014175c2a770 JavaThread "jar transforms Thread 11" [_thread_blocked, id=9768, stack(0x0000002df9a00000,0x0000002df9b00000)]
  0x0000014175c2b190 JavaThread "jar transforms Thread 12" [_thread_blocked, id=7760, stack(0x0000002df9b00000,0x0000002df9c00000)]
  0x0000014175c23d20 JavaThread "Cache worker for dependencies-accessors (C:\PTAHAPP\client\android\.gradle\8.3\dependencies-accessors)" [_thread_blocked, id=10152, stack(0x0000002df9c00000,0x0000002df9d00000)]
  0x0000014175c2b6a0 JavaThread "Cache worker for Build Output Cleanup Cache (C:\PTAHAPP\client\node_modules\@react-native\gradle-plugin\.gradle\buildOutputCleanup)" [_thread_blocked, id=3732, stack(0x0000002df9d00000,0x0000002df9e00000)]
  0x00000141740f25b0 JavaThread "Unconstrained build operations Thread 3" [_thread_blocked, id=7804, stack(0x0000002df9e00000,0x0000002df9f00000)]
  0x00000141740ed4b0 JavaThread "Unconstrained build operations Thread 4" [_thread_blocked, id=26488, stack(0x0000002df9f00000,0x0000002dfa000000)]
  0x00000141740f2fd0 JavaThread "Unconstrained build operations Thread 5" [_thread_blocked, id=20528, stack(0x0000002dfa000000,0x0000002dfa100000)]
  0x00000141740ec070 JavaThread "Unconstrained build operations Thread 6" [_thread_blocked, id=23624, stack(0x0000002dfa100000,0x0000002dfa200000)]
  0x00000141740ed9c0 JavaThread "Unconstrained build operations Thread 7" [_thread_blocked, id=8336, stack(0x0000002dfa200000,0x0000002dfa300000)]
  0x00000141740f1b90 JavaThread "Unconstrained build operations Thread 8" [_thread_blocked, id=23024, stack(0x0000002dfa300000,0x0000002dfa400000)]
  0x00000141740f0750 JavaThread "Unconstrained build operations Thread 9" [_thread_blocked, id=22636, stack(0x0000002dfa400000,0x0000002dfa500000)]
  0x00000141740f20a0 JavaThread "Unconstrained build operations Thread 10" [_thread_blocked, id=21960, stack(0x0000002dfa500000,0x0000002dfa600000)]
  0x00000141740eded0 JavaThread "Unconstrained build operations Thread 11" [_thread_blocked, id=13196, stack(0x0000002dfa600000,0x0000002dfa700000)]
  0x00000141740f0c60 JavaThread "Unconstrained build operations Thread 12" [_thread_blocked, id=20516, stack(0x0000002dfa700000,0x0000002dfa800000)]
  0x00000141740f2ac0 JavaThread "Unconstrained build operations Thread 13" [_thread_blocked, id=15400, stack(0x0000002dfa800000,0x0000002dfa900000)]
  0x00000141740f1170 JavaThread "Memory manager" [_thread_blocked, id=9536, stack(0x0000002dfa900000,0x0000002dfaa00000)]
  0x00000141740efd30 JavaThread "Cache worker for Build Output Cleanup Cache (C:\PTAHAPP\client\android\.gradle\buildOutputCleanup)" [_thread_blocked, id=18536, stack(0x0000002dfaa00000,0x0000002dfab00000)]
  0x00000141740f0240 JavaThread "ForkJoinPool.commonPool-worker-1" daemon [_thread_blocked, id=12364, stack(0x0000002dfab00000,0x0000002dfac00000)]
  0x00000141740f1680 JavaThread "ForkJoinPool.commonPool-worker-2" daemon [_thread_blocked, id=5800, stack(0x0000002dfac00000,0x0000002dfad00000)]
  0x00000141740f34e0 JavaThread "ForkJoinPool.commonPool-worker-3" daemon [_thread_blocked, id=21908, stack(0x0000002dfad00000,0x0000002dfae00000)]
  0x00000141740ee8f0 JavaThread "ForkJoinPool.commonPool-worker-4" daemon [_thread_blocked, id=14608, stack(0x0000002dfae00000,0x0000002dfaf00000)]
  0x00000141740f39f0 JavaThread "ForkJoinPool.commonPool-worker-5" daemon [_thread_blocked, id=22652, stack(0x0000002dfaf00000,0x0000002dfb000000)]
  0x00000141740ec580 JavaThread "ForkJoinPool.commonPool-worker-6" daemon [_thread_blocked, id=10860, stack(0x0000002dfb000000,0x0000002dfb100000)]
  0x00000141740ef820 JavaThread "ForkJoinPool.commonPool-worker-7" daemon [_thread_blocked, id=17984, stack(0x0000002dfb100000,0x0000002dfb200000)]
  0x00000141740eca90 JavaThread "ForkJoinPool.commonPool-worker-8" daemon [_thread_blocked, id=3504, stack(0x0000002dfb200000,0x0000002dfb300000)]
  0x00000141740ecfa0 JavaThread "ForkJoinPool.commonPool-worker-9" daemon [_thread_blocked, id=12588, stack(0x0000002dfb300000,0x0000002dfb400000)]
  0x00000141740ef310 JavaThread "ForkJoinPool.commonPool-worker-10" daemon [_thread_blocked, id=23528, stack(0x0000002dfb400000,0x0000002dfb500000)]
  0x00000141740eee00 JavaThread "ForkJoinPool.commonPool-worker-11" daemon [_thread_blocked, id=7752, stack(0x0000002dfb500000,0x0000002dfb600000)]
  0x0000014176ce0c70 JavaThread "included builds" [_thread_blocked, id=16568, stack(0x0000002dfb600000,0x0000002dfb700000)]
  0x0000014176cdf320 JavaThread "included builds Thread 2" [_thread_blocked, id=11196, stack(0x0000002dfb700000,0x0000002dfb800000)]
  0x0000014176cdfd40 JavaThread "Execution worker" [_thread_blocked, id=360, stack(0x0000002dfb800000,0x0000002dfb900000)]
  0x0000014176ce34f0 JavaThread "Execution worker Thread 2" [_thread_blocked, id=13228, stack(0x0000002dfb900000,0x0000002dfba00000)]
  0x0000014176cdee10 JavaThread "Execution worker Thread 3" [_thread_blocked, id=9924, stack(0x0000002dfba00000,0x0000002dfbb00000)]
  0x0000014176ce6790 JavaThread "Execution worker Thread 4" [_thread_blocked, id=2660, stack(0x0000002dfbb00000,0x0000002dfbc00000)]
  0x0000014176ce5860 JavaThread "Execution worker Thread 5" [_thread_blocked, id=13180, stack(0x0000002dfbc00000,0x0000002dfbd00000)]
  0x0000014176ce5d70 JavaThread "Execution worker Thread 6" [_thread_blocked, id=21084, stack(0x0000002dfbd00000,0x0000002dfbe00000)]
  0x0000014176ce25c0 JavaThread "Execution worker Thread 7" [_thread_blocked, id=8788, stack(0x0000002dfbe00000,0x0000002dfbf00000)]
  0x0000014176ce1ba0 JavaThread "Execution worker Thread 8" [_thread_blocked, id=11120, stack(0x0000002dfbf00000,0x0000002dfc000000)]
  0x0000014176ce2fe0 JavaThread "Execution worker Thread 9" [_thread_blocked, id=20380, stack(0x0000002dfc000000,0x0000002dfc100000)]
  0x0000014176ce2ad0 JavaThread "Execution worker Thread 10" [_thread_blocked, id=20704, stack(0x0000002dfc100000,0x0000002dfc200000)]
  0x0000014176ce0250 JavaThread "Execution worker Thread 11" [_thread_blocked, id=26016, stack(0x0000002dfc200000,0x0000002dfc300000)]
  0x0000014176ce6280 JavaThread "Cache worker for execution history cache (C:\PTAHAPP\client\node_modules\@react-native\gradle-plugin\.gradle\8.3\executionHistory)" [_thread_blocked, id=22572, stack(0x0000002dfc300000,0x0000002dfc400000)]
  0x0000014176ce0760 JavaThread "Unconstrained build operations Thread 14" [_thread_blocked, id=18024, stack(0x0000002dfc400000,0x0000002dfc500000)]
  0x0000014176ce1180 JavaThread "Unconstrained build operations Thread 15" [_thread_blocked, id=9876, stack(0x0000002dfc500000,0x0000002dfc600000)]
  0x0000014176ce3a00 JavaThread "Unconstrained build operations Thread 16" [_thread_blocked, id=24000, stack(0x0000002dfc600000,0x0000002dfc700000)]
  0x0000014176ce1690 JavaThread "Unconstrained build operations Thread 17" [_thread_blocked, id=22936, stack(0x0000002dfc700000,0x0000002dfc800000)]
  0x0000014176ce3f10 JavaThread "Unconstrained build operations Thread 18" [_thread_blocked, id=14052, stack(0x0000002dfc800000,0x0000002dfc900000)]
  0x0000014176ce4420 JavaThread "Unconstrained build operations Thread 19" [_thread_blocked, id=17652, stack(0x0000002dfc900000,0x0000002dfca00000)]
  0x0000014176ce20b0 JavaThread "Unconstrained build operations Thread 20" [_thread_blocked, id=6948, stack(0x0000002dfca00000,0x0000002dfcb00000)]
  0x0000014176ce4930 JavaThread "Unconstrained build operations Thread 21" [_thread_blocked, id=19616, stack(0x0000002dfcb00000,0x0000002dfcc00000)]
  0x0000014176ce4e40 JavaThread "Unconstrained build operations Thread 22" [_thread_blocked, id=14280, stack(0x0000002dfcc00000,0x0000002dfcd00000)]
  0x0000014176ce5350 JavaThread "Unconstrained build operations Thread 23" [_thread_blocked, id=8468, stack(0x0000002dfcd00000,0x0000002dfce00000)]
  0x0000014175690d60 JavaThread "Unconstrained build operations Thread 24" [_thread_blocked, id=25952, stack(0x0000002dfce00000,0x0000002dfcf00000)]
  0x00000141756977b0 JavaThread "Unconstrained build operations Thread 25" [_thread_blocked, id=23664, stack(0x0000002dfcf00000,0x0000002dfd000000)]
  0x00000141756972a0 JavaThread "Unconstrained build operations Thread 26" [_thread_blocked, id=22624, stack(0x0000002dfd000000,0x0000002dfd100000)]
  0x0000014175691c90 JavaThread "Unconstrained build operations Thread 27" [_thread_blocked, id=18864, stack(0x0000002dfd100000,0x0000002dfd200000)]
  0x0000014175693af0 JavaThread "Unconstrained build operations Thread 28" [_thread_blocked, id=16436, stack(0x0000002dfd200000,0x0000002dfd300000)]
  0x0000014175691780 JavaThread "Unconstrained build operations Thread 29" [_thread_blocked, id=17868, stack(0x0000002dfd300000,0x0000002dfd400000)]
  0x00000141756926b0 JavaThread "Unconstrained build operations Thread 30" [_thread_blocked, id=13360, stack(0x0000002dfd400000,0x0000002dfd500000)]
  0x0000014175697cc0 JavaThread "Unconstrained build operations Thread 31" [_thread_blocked, id=2652, stack(0x0000002dfd500000,0x0000002dfd600000)]
  0x00000141756921a0 JavaThread "Unconstrained build operations Thread 32" [_thread_blocked, id=9224, stack(0x0000002dfd600000,0x0000002dfd700000)]
  0x00000141756981d0 JavaThread "Unconstrained build operations Thread 33" [_thread_blocked, id=8500, stack(0x0000002dfd700000,0x0000002dfd800000)]
  0x00000141756935e0 JavaThread "Unconstrained build operations Thread 34" [_thread_blocked, id=15168, stack(0x0000002dfd800000,0x0000002dfd900000)]
  0x0000014175696370 JavaThread "Unconstrained build operations Thread 35" [_thread_blocked, id=21408, stack(0x0000002dfd900000,0x0000002dfda00000)]
  0x00000141756930d0 JavaThread "Unconstrained build operations Thread 36" [_thread_blocked, id=14992, stack(0x0000002dfda00000,0x0000002dfdb00000)]
  0x0000014175692bc0 JavaThread "Unconstrained build operations Thread 37" [_thread_blocked, id=13440, stack(0x0000002dfdb00000,0x0000002dfdc00000)]

Other Threads:
  0x000001416dc03ba0 VMThread "VM Thread" [stack: 0x0000002df6000000,0x0000002df6100000] [id=19624]
  0x000001416dc10a10 WatcherThread [stack: 0x0000002df6c00000,0x0000002df6d00000] [id=26528]
  0x000001414f3fc580 GCTaskThread "GC Thread#0" [stack: 0x0000002df5b00000,0x0000002df5c00000] [id=9448]
  0x0000014172bfec40 GCTaskThread "GC Thread#1" [stack: 0x0000002df6d00000,0x0000002df6e00000] [id=16360]
  0x0000014172e2dce0 GCTaskThread "GC Thread#2" [stack: 0x0000002df6e00000,0x0000002df6f00000] [id=15776]
  0x0000014172d7f730 GCTaskThread "GC Thread#3" [stack: 0x0000002df6f00000,0x0000002df7000000] [id=18036]
  0x0000014172b36050 GCTaskThread "GC Thread#4" [stack: 0x0000002df7000000,0x0000002df7100000] [id=1156]
  0x00000141739b13d0 GCTaskThread "GC Thread#5" [stack: 0x0000002df7b00000,0x0000002df7c00000] [id=24736]
  0x0000014173d9bd40 GCTaskThread "GC Thread#6" [stack: 0x0000002df7c00000,0x0000002df7d00000] [id=2764]
  0x0000014173c534f0 GCTaskThread "GC Thread#7" [stack: 0x0000002df7d00000,0x0000002df7e00000] [id=12044]
  0x0000014173c537b0 GCTaskThread "GC Thread#8" [stack: 0x0000002df7e00000,0x0000002df7f00000] [id=23648]
  0x0000014173c53e80 GCTaskThread "GC Thread#9" [stack: 0x0000002df7f00000,0x0000002df8000000] [id=16876]
  0x000001414f40d4d0 ConcurrentGCThread "G1 Main Marker" [stack: 0x0000002df5c00000,0x0000002df5d00000] [id=23772]
  0x000001414f40dee0 ConcurrentGCThread "G1 Conc#0" [stack: 0x0000002df5d00000,0x0000002df5e00000] [id=26204]
  0x000001417483aed0 ConcurrentGCThread "G1 Conc#1" [stack: 0x0000002df8900000,0x0000002df8a00000] [id=18372]
  0x000001417483a950 ConcurrentGCThread "G1 Conc#2" [stack: 0x0000002df8a00000,0x0000002df8b00000] [id=20420]
  0x000001414f44e520 ConcurrentGCThread "G1 Refine#0" [stack: 0x0000002df5e00000,0x0000002df5f00000] [id=24012]
  0x000001416dabc0e0 ConcurrentGCThread "G1 Service" [stack: 0x0000002df5f00000,0x0000002df6000000] [id=9328]

Threads with active compile tasks:
C2 CompilerThread0    34148 9436       4       jdk.internal.loader.URLClassPath$JarLoader$2::getInputStream (15 bytes)

VM state: not at safepoint (normal execution)

VM Mutex/Monitor currently owned by a thread: None

Heap address: 0x0000000080000000, size: 2048 MB, Compressed Oops mode: 32-bit

CDS archive(s) mapped at: [0x0000014100000000-0x0000014100bd0000-0x0000014100bd0000), size 12386304, SharedBaseAddress: 0x0000014100000000, ArchiveRelocationMode: 1.
Compressed class space mapped at: 0x0000014101000000-0x000001411b000000, reserved size: 436207616
Narrow klass base: 0x0000014100000000, Narrow klass shift: 0, Narrow klass range: 0x100000000

GC Precious Log:
 CPUs: 12 total, 12 available
 Memory: 6005M
 Large Page Support: Disabled
 NUMA Support: Disabled
 Compressed Oops: Enabled (32-bit)
 Heap Region Size: 1M
 Heap Min Capacity: 8M
 Heap Initial Capacity: 94M
 Heap Max Capacity: 2G
 Pre-touch: Disabled
 Parallel Workers: 10
 Concurrent Workers: 3
 Concurrent Refinement Workers: 10
 Periodic GC: Disabled

Heap:
 garbage-first heap   total 155648K, used 96799K [0x0000000080000000, 0x0000000100000000)
  region size 1024K, 13 young (13312K), 4 survivors (4096K)
 Metaspace       used 73005K, committed 73856K, reserved 491520K
  class space    used 10236K, committed 10624K, reserved 425984K

Heap Regions: E=young(eden), S=young(survivor), O=old, HS=humongous(starts), HC=humongous(continues), CS=collection set, F=free, OA=open archive, CA=closed archive, TAMS=top-at-mark-start (previous, next)
|   0|0x0000000080000000, 0x0000000080100000, 0x0000000080100000|100%|HS|  |TAMS 0x0000000080100000, 0x0000000080000000| Complete 
|   1|0x0000000080100000, 0x0000000080200000, 0x0000000080200000|100%|HC|  |TAMS 0x0000000080200000, 0x0000000080100000| Complete 
|   2|0x0000000080200000, 0x0000000080300000, 0x0000000080300000|100%|HC|  |TAMS 0x0000000080300000, 0x0000000080200000| Complete 
|   3|0x0000000080300000, 0x0000000080400000, 0x0000000080400000|100%|HC|  |TAMS 0x0000000080400000, 0x0000000080300000| Complete 
|   4|0x0000000080400000, 0x0000000080500000, 0x0000000080500000|100%| O|  |TAMS 0x0000000080500000, 0x0000000080400000| Untracked 
|   5|0x0000000080500000, 0x0000000080600000, 0x0000000080600000|100%| O|  |TAMS 0x0000000080600000, 0x0000000080500000| Untracked 
|   6|0x0000000080600000, 0x0000000080700000, 0x0000000080700000|100%| O|  |TAMS 0x0000000080700000, 0x0000000080600000| Untracked 
|   7|0x0000000080700000, 0x0000000080800000, 0x0000000080800000|100%| O|  |TAMS 0x0000000080800000, 0x0000000080700000| Untracked 
|   8|0x0000000080800000, 0x0000000080900000, 0x0000000080900000|100%| O|  |TAMS 0x0000000080900000, 0x0000000080800000| Untracked 
|   9|0x0000000080900000, 0x0000000080a00000, 0x0000000080a00000|100%| O|  |TAMS 0x0000000080a00000, 0x0000000080900000| Untracked 
|  10|0x0000000080a00000, 0x0000000080b00000, 0x0000000080b00000|100%| O|  |TAMS 0x0000000080b00000, 0x0000000080a00000| Untracked 
|  11|0x0000000080b00000, 0x0000000080c00000, 0x0000000080c00000|100%| O|  |TAMS 0x0000000080c00000, 0x0000000080b00000| Untracked 
|  12|0x0000000080c00000, 0x0000000080d00000, 0x0000000080d00000|100%| O|  |TAMS 0x0000000080d00000, 0x0000000080c00000| Untracked 
|  13|0x0000000080d00000, 0x0000000080e00000, 0x0000000080e00000|100%| O|  |TAMS 0x0000000080e00000, 0x0000000080d00000| Untracked 
|  14|0x0000000080e00000, 0x0000000080f00000, 0x0000000080f00000|100%| O|  |TAMS 0x0000000080f00000, 0x0000000080e00000| Untracked 
|  15|0x0000000080f00000, 0x0000000081000000, 0x0000000081000000|100%| O|  |TAMS 0x0000000081000000, 0x0000000080f00000| Untracked 
|  16|0x0000000081000000, 0x0000000081100000, 0x0000000081100000|100%| O|  |TAMS 0x0000000081100000, 0x0000000081000000| Untracked 
|  17|0x0000000081100000, 0x0000000081200000, 0x0000000081200000|100%| O|  |TAMS 0x0000000081200000, 0x0000000081100000| Untracked 
|  18|0x0000000081200000, 0x0000000081300000, 0x0000000081300000|100%| O|  |TAMS 0x0000000081300000, 0x0000000081200000| Untracked 
|  19|0x0000000081300000, 0x0000000081400000, 0x0000000081400000|100%| O|  |TAMS 0x0000000081400000, 0x0000000081300000| Untracked 
|  20|0x0000000081400000, 0x0000000081500000, 0x0000000081500000|100%| O|  |TAMS 0x0000000081500000, 0x0000000081400000| Untracked 
|  21|0x0000000081500000, 0x0000000081600000, 0x0000000081600000|100%| O|  |TAMS 0x0000000081600000, 0x0000000081500000| Untracked 
|  22|0x0000000081600000, 0x0000000081700000, 0x0000000081700000|100%| O|  |TAMS 0x0000000081700000, 0x0000000081600000| Untracked 
|  23|0x0000000081700000, 0x0000000081800000, 0x0000000081800000|100%| O|  |TAMS 0x0000000081800000, 0x0000000081700000| Untracked 
|  24|0x0000000081800000, 0x0000000081900000, 0x0000000081900000|100%| O|  |TAMS 0x0000000081900000, 0x0000000081800000| Untracked 
|  25|0x0000000081900000, 0x0000000081a00000, 0x0000000081a00000|100%| O|  |TAMS 0x0000000081a00000, 0x0000000081900000| Untracked 
|  26|0x0000000081a00000, 0x0000000081b00000, 0x0000000081b00000|100%| O|  |TAMS 0x0000000081b00000, 0x0000000081a00000| Untracked 
|  27|0x0000000081b00000, 0x0000000081c00000, 0x0000000081c00000|100%| O|  |TAMS 0x0000000081c00000, 0x0000000081b00000| Untracked 
|  28|0x0000000081c00000, 0x0000000081c00000, 0x0000000081d00000|  0%| F|  |TAMS 0x0000000081c00000, 0x0000000081c00000| Untracked 
|  29|0x0000000081d00000, 0x0000000081e00000, 0x0000000081e00000|100%|HS|  |TAMS 0x0000000081e00000, 0x0000000081d00000| Complete 
|  30|0x0000000081e00000, 0x0000000081f00000, 0x0000000081f00000|100%|HC|  |TAMS 0x0000000081f00000, 0x0000000081e00000| Complete 
|  31|0x0000000081f00000, 0x0000000082000000, 0x0000000082000000|100%| O|  |TAMS 0x0000000082000000, 0x0000000081f00000| Untracked 
|  32|0x0000000082000000, 0x0000000082100000, 0x0000000082100000|100%| O|  |TAMS 0x0000000082100000, 0x0000000082000000| Untracked 
|  33|0x0000000082100000, 0x0000000082200000, 0x0000000082200000|100%| O|  |TAMS 0x0000000082200000, 0x0000000082100000| Complete 
|  34|0x0000000082200000, 0x0000000082300000, 0x0000000082300000|100%| O|  |TAMS 0x0000000082300000, 0x0000000082200000| Untracked 
|  35|0x0000000082300000, 0x0000000082400000, 0x0000000082400000|100%| O|  |TAMS 0x0000000082400000, 0x0000000082300000| Untracked 
|  36|0x0000000082400000, 0x0000000082500000, 0x0000000082500000|100%| O|  |TAMS 0x0000000082500000, 0x0000000082400000| Untracked 
|  37|0x0000000082500000, 0x0000000082600000, 0x0000000082600000|100%| O|  |TAMS 0x0000000082600000, 0x0000000082500000| Untracked 
|  38|0x0000000082600000, 0x0000000082700000, 0x0000000082700000|100%| O|  |TAMS 0x0000000082700000, 0x0000000082600000| Untracked 
|  39|0x0000000082700000, 0x0000000082800000, 0x0000000082800000|100%|HS|  |TAMS 0x0000000082800000, 0x0000000082700000| Complete 
|  40|0x0000000082800000, 0x0000000082900000, 0x0000000082900000|100%|HC|  |TAMS 0x0000000082900000, 0x0000000082800000| Complete 
|  41|0x0000000082900000, 0x0000000082a00000, 0x0000000082a00000|100%|HS|  |TAMS 0x0000000082a00000, 0x0000000082900000| Complete 
|  42|0x0000000082a00000, 0x0000000082b00000, 0x0000000082b00000|100%|HC|  |TAMS 0x0000000082b00000, 0x0000000082a00000| Complete 
|  43|0x0000000082b00000, 0x0000000082c00000, 0x0000000082c00000|100%|HC|  |TAMS 0x0000000082c00000, 0x0000000082b00000| Complete 
|  44|0x0000000082c00000, 0x0000000082d00000, 0x0000000082d00000|100%|HC|  |TAMS 0x0000000082d00000, 0x0000000082c00000| Complete 
|  45|0x0000000082d00000, 0x0000000082e00000, 0x0000000082e00000|100%| O|  |TAMS 0x0000000082e00000, 0x0000000082d00000| Untracked 
|  46|0x0000000082e00000, 0x0000000082f00000, 0x0000000082f00000|100%| O|  |TAMS 0x0000000082f00000, 0x0000000082e00000| Untracked 
|  47|0x0000000082f00000, 0x0000000083000000, 0x0000000083000000|100%| O|  |TAMS 0x0000000083000000, 0x0000000082f00000| Untracked 
|  48|0x0000000083000000, 0x0000000083100000, 0x0000000083100000|100%| O|  |TAMS 0x0000000083100000, 0x0000000083000000| Untracked 
|  49|0x0000000083100000, 0x0000000083200000, 0x0000000083200000|100%| O|  |TAMS 0x0000000083200000, 0x0000000083100000| Untracked 
|  50|0x0000000083200000, 0x0000000083300000, 0x0000000083300000|100%| O|  |TAMS 0x0000000083300000, 0x0000000083200000| Untracked 
|  51|0x0000000083300000, 0x0000000083400000, 0x0000000083400000|100%| O|  |TAMS 0x0000000083400000, 0x0000000083300000| Untracked 
|  52|0x0000000083400000, 0x0000000083500000, 0x0000000083500000|100%| O|  |TAMS 0x0000000083500000, 0x0000000083400000| Untracked 
|  53|0x0000000083500000, 0x0000000083600000, 0x0000000083600000|100%| O|  |TAMS 0x0000000083600000, 0x0000000083500000| Untracked 
|  54|0x0000000083600000, 0x0000000083700000, 0x0000000083700000|100%| O|  |TAMS 0x0000000083700000, 0x0000000083600000| Untracked 
|  55|0x0000000083700000, 0x0000000083800000, 0x0000000083800000|100%| O|  |TAMS 0x0000000083800000, 0x0000000083700000| Untracked 
|  56|0x0000000083800000, 0x0000000083900000, 0x0000000083900000|100%| O|  |TAMS 0x0000000083900000, 0x0000000083800000| Untracked 
|  57|0x0000000083900000, 0x0000000083a00000, 0x0000000083a00000|100%|HS|  |TAMS 0x0000000083a00000, 0x0000000083900000| Complete 
|  58|0x0000000083a00000, 0x0000000083b00000, 0x0000000083b00000|100%|HC|  |TAMS 0x0000000083b00000, 0x0000000083a00000| Complete 
|  59|0x0000000083b00000, 0x0000000083c00000, 0x0000000083c00000|100%|HC|  |TAMS 0x0000000083c00000, 0x0000000083b00000| Complete 
|  60|0x0000000083c00000, 0x0000000083d00000, 0x0000000083d00000|100%|HC|  |TAMS 0x0000000083d00000, 0x0000000083c00000| Complete 
|  61|0x0000000083d00000, 0x0000000083e00000, 0x0000000083e00000|100%| O|  |TAMS 0x0000000083e00000, 0x0000000083d00000| Untracked 
|  62|0x0000000083e00000, 0x0000000083f00000, 0x0000000083f00000|100%| O|  |TAMS 0x0000000083f00000, 0x0000000083e00000| Untracked 
|  63|0x0000000083f00000, 0x0000000084000000, 0x0000000084000000|100%| O|  |TAMS 0x0000000084000000, 0x0000000083f00000| Untracked 
|  64|0x0000000084000000, 0x0000000084100000, 0x0000000084100000|100%| O|  |TAMS 0x0000000084100000, 0x0000000084000000| Untracked 
|  65|0x0000000084100000, 0x0000000084200000, 0x0000000084200000|100%| O|  |TAMS 0x0000000084200000, 0x0000000084100000| Untracked 
|  66|0x0000000084200000, 0x0000000084300000, 0x0000000084300000|100%| O|  |TAMS 0x0000000084300000, 0x0000000084200000| Untracked 
|  67|0x0000000084300000, 0x0000000084400000, 0x0000000084400000|100%| O|  |TAMS 0x0000000084400000, 0x0000000084300000| Untracked 
|  68|0x0000000084400000, 0x0000000084500000, 0x0000000084500000|100%| O|  |TAMS 0x0000000084500000, 0x0000000084400000| Untracked 
|  69|0x0000000084500000, 0x0000000084600000, 0x0000000084600000|100%|HS|  |TAMS 0x0000000084600000, 0x0000000084500000| Complete 
|  70|0x0000000084600000, 0x0000000084700000, 0x0000000084700000|100%|HS|  |TAMS 0x0000000084700000, 0x0000000084600000| Complete 
|  71|0x0000000084700000, 0x0000000084800000, 0x0000000084800000|100%|HS|  |TAMS 0x0000000084800000, 0x0000000084700000| Complete 
|  72|0x0000000084800000, 0x0000000084900000, 0x0000000084900000|100%| O|  |TAMS 0x0000000084900000, 0x0000000084800000| Untracked 
|  73|0x0000000084900000, 0x0000000084a00000, 0x0000000084a00000|100%| O|  |TAMS 0x0000000084a00000, 0x0000000084900000| Untracked 
|  74|0x0000000084a00000, 0x0000000084b00000, 0x0000000084b00000|100%|HS|  |TAMS 0x0000000084b00000, 0x0000000084a00000| Complete 
|  75|0x0000000084b00000, 0x0000000084c00000, 0x0000000084c00000|100%| O|  |TAMS 0x0000000084c00000, 0x0000000084b00000| Untracked 
|  76|0x0000000084c00000, 0x0000000084d00000, 0x0000000084d00000|100%| O|  |TAMS 0x0000000084d00000, 0x0000000084c00000| Untracked 
|  77|0x0000000084d00000, 0x0000000084e00000, 0x0000000084e00000|100%| O|  |TAMS 0x0000000084e00000, 0x0000000084d00000| Untracked 
|  78|0x0000000084e00000, 0x0000000084f00000, 0x0000000084f00000|100%| O|  |TAMS 0x0000000084f00000, 0x0000000084e00000| Untracked 
|  79|0x0000000084f00000, 0x0000000085000000, 0x0000000085000000|100%| O|  |TAMS 0x0000000085000000, 0x0000000084f00000| Untracked 
|  80|0x0000000085000000, 0x0000000085100000, 0x0000000085100000|100%| O|  |TAMS 0x0000000085100000, 0x0000000085000000| Untracked 
|  81|0x0000000085100000, 0x0000000085200000, 0x0000000085200000|100%| O|  |TAMS 0x0000000085200000, 0x0000000085100000| Untracked 
|  82|0x0000000085200000, 0x0000000085300000, 0x0000000085300000|100%| O|  |TAMS 0x0000000085300000, 0x0000000085200000| Untracked 
|  83|0x0000000085300000, 0x0000000085387e00, 0x0000000085400000| 53%| O|  |TAMS 0x0000000085300a00, 0x0000000085300000| Untracked 
|  84|0x0000000085400000, 0x0000000085400000, 0x0000000085500000|  0%| F|  |TAMS 0x0000000085400000, 0x0000000085400000| Untracked 
|  85|0x0000000085500000, 0x0000000085500000, 0x0000000085600000|  0%| F|  |TAMS 0x0000000085500000, 0x0000000085500000| Untracked 
|  86|0x0000000085600000, 0x0000000085600000, 0x0000000085700000|  0%| F|  |TAMS 0x0000000085600000, 0x0000000085600000| Untracked 
|  87|0x0000000085700000, 0x0000000085700000, 0x0000000085800000|  0%| F|  |TAMS 0x0000000085700000, 0x0000000085700000| Untracked 
|  88|0x0000000085800000, 0x0000000085800000, 0x0000000085900000|  0%| F|  |TAMS 0x0000000085800000, 0x0000000085800000| Untracked 
|  89|0x0000000085900000, 0x0000000085900000, 0x0000000085a00000|  0%| F|  |TAMS 0x0000000085900000, 0x0000000085900000| Untracked 
|  90|0x0000000085a00000, 0x0000000085a00000, 0x0000000085b00000|  0%| F|  |TAMS 0x0000000085a00000, 0x0000000085a00000| Untracked 
|  91|0x0000000085b00000, 0x0000000085b00000, 0x0000000085c00000|  0%| F|  |TAMS 0x0000000085b00000, 0x0000000085b00000| Untracked 
|  92|0x0000000085c00000, 0x0000000085c00000, 0x0000000085d00000|  0%| F|  |TAMS 0x0000000085c00000, 0x0000000085c00000| Untracked 
|  93|0x0000000085d00000, 0x0000000085d00000, 0x0000000085e00000|  0%| F|  |TAMS 0x0000000085d00000, 0x0000000085d00000| Untracked 
|  94|0x0000000085e00000, 0x0000000085e00000, 0x0000000085f00000|  0%| F|  |TAMS 0x0000000085e00000, 0x0000000085e00000| Untracked 
|  95|0x0000000085f00000, 0x0000000085f00000, 0x0000000086000000|  0%| F|  |TAMS 0x0000000085f00000, 0x0000000085f00000| Untracked 
|  96|0x0000000086000000, 0x0000000086000000, 0x0000000086100000|  0%| F|  |TAMS 0x0000000086000000, 0x0000000086000000| Untracked 
|  97|0x0000000086100000, 0x0000000086100000, 0x0000000086200000|  0%| F|  |TAMS 0x0000000086100000, 0x0000000086100000| Untracked 
|  98|0x0000000086200000, 0x0000000086200000, 0x0000000086300000|  0%| F|  |TAMS 0x0000000086200000, 0x0000000086200000| Untracked 
|  99|0x0000000086300000, 0x0000000086300000, 0x0000000086400000|  0%| F|  |TAMS 0x0000000086300000, 0x0000000086300000| Untracked 
| 100|0x0000000086400000, 0x0000000086400000, 0x0000000086500000|  0%| F|  |TAMS 0x0000000086400000, 0x0000000086400000| Untracked 
| 101|0x0000000086500000, 0x0000000086500000, 0x0000000086600000|  0%| F|  |TAMS 0x0000000086500000, 0x0000000086500000| Untracked 
| 102|0x0000000086600000, 0x0000000086600000, 0x0000000086700000|  0%| F|  |TAMS 0x0000000086600000, 0x0000000086600000| Untracked 
| 103|0x0000000086700000, 0x0000000086700000, 0x0000000086800000|  0%| F|  |TAMS 0x0000000086700000, 0x0000000086700000| Untracked 
| 104|0x0000000086800000, 0x0000000086800000, 0x0000000086900000|  0%| F|  |TAMS 0x0000000086800000, 0x0000000086800000| Untracked 
| 105|0x0000000086900000, 0x0000000086900000, 0x0000000086a00000|  0%| F|  |TAMS 0x0000000086900000, 0x0000000086900000| Untracked 
| 106|0x0000000086a00000, 0x0000000086a00000, 0x0000000086b00000|  0%| F|  |TAMS 0x0000000086a00000, 0x0000000086a00000| Untracked 
| 107|0x0000000086b00000, 0x0000000086b00000, 0x0000000086c00000|  0%| F|  |TAMS 0x0000000086b00000, 0x0000000086b00000| Untracked 
| 108|0x0000000086c00000, 0x0000000086c00000, 0x0000000086d00000|  0%| F|  |TAMS 0x0000000086c00000, 0x0000000086c00000| Untracked 
| 109|0x0000000086d00000, 0x0000000086d00000, 0x0000000086e00000|  0%| F|  |TAMS 0x0000000086d00000, 0x0000000086d00000| Untracked 
| 110|0x0000000086e00000, 0x0000000086e00000, 0x0000000086f00000|  0%| F|  |TAMS 0x0000000086e00000, 0x0000000086e00000| Untracked 
| 111|0x0000000086f00000, 0x0000000086f00000, 0x0000000087000000|  0%| F|  |TAMS 0x0000000086f00000, 0x0000000086f00000| Untracked 
| 112|0x0000000087000000, 0x0000000087100000, 0x0000000087100000|100%| S|CS|TAMS 0x0000000087000000, 0x0000000087000000| Complete 
| 113|0x0000000087100000, 0x0000000087200000, 0x0000000087200000|100%| S|CS|TAMS 0x0000000087100000, 0x0000000087100000| Complete 
| 114|0x0000000087200000, 0x0000000087300000, 0x0000000087300000|100%| S|CS|TAMS 0x0000000087200000, 0x0000000087200000| Complete 
| 115|0x0000000087300000, 0x0000000087400000, 0x0000000087400000|100%| S|CS|TAMS 0x0000000087300000, 0x0000000087300000| Complete 
| 116|0x0000000087400000, 0x0000000087400000, 0x0000000087500000|  0%| F|  |TAMS 0x0000000087400000, 0x0000000087400000| Untracked 
| 117|0x0000000087500000, 0x0000000087500000, 0x0000000087600000|  0%| F|  |TAMS 0x0000000087500000, 0x0000000087500000| Untracked 
| 118|0x0000000087600000, 0x0000000087600000, 0x0000000087700000|  0%| F|  |TAMS 0x0000000087600000, 0x0000000087600000| Untracked 
| 119|0x0000000087700000, 0x0000000087700000, 0x0000000087800000|  0%| F|  |TAMS 0x0000000087700000, 0x0000000087700000| Untracked 
| 120|0x0000000087800000, 0x0000000087800000, 0x0000000087900000|  0%| F|  |TAMS 0x0000000087800000, 0x0000000087800000| Untracked 
| 121|0x0000000087900000, 0x0000000087900000, 0x0000000087a00000|  0%| F|  |TAMS 0x0000000087900000, 0x0000000087900000| Untracked 
| 122|0x0000000087a00000, 0x0000000087a00000, 0x0000000087b00000|  0%| F|  |TAMS 0x0000000087a00000, 0x0000000087a00000| Untracked 
| 123|0x0000000087b00000, 0x0000000087b00000, 0x0000000087c00000|  0%| F|  |TAMS 0x0000000087b00000, 0x0000000087b00000| Untracked 
| 124|0x0000000087c00000, 0x0000000087c00000, 0x0000000087d00000|  0%| F|  |TAMS 0x0000000087c00000, 0x0000000087c00000| Untracked 
| 125|0x0000000087d00000, 0x0000000087d00000, 0x0000000087e00000|  0%| F|  |TAMS 0x0000000087d00000, 0x0000000087d00000| Untracked 
| 126|0x0000000087e00000, 0x0000000087e00000, 0x0000000087f00000|  0%| F|  |TAMS 0x0000000087e00000, 0x0000000087e00000| Untracked 
| 127|0x0000000087f00000, 0x0000000087f00000, 0x0000000088000000|  0%| F|  |TAMS 0x0000000087f00000, 0x0000000087f00000| Untracked 
| 128|0x0000000088000000, 0x0000000088000000, 0x0000000088100000|  0%| F|  |TAMS 0x0000000088000000, 0x0000000088000000| Untracked 
| 129|0x0000000088100000, 0x0000000088100000, 0x0000000088200000|  0%| F|  |TAMS 0x0000000088100000, 0x0000000088100000| Untracked 
| 130|0x0000000088200000, 0x0000000088200000, 0x0000000088300000|  0%| F|  |TAMS 0x0000000088200000, 0x0000000088200000| Untracked 
| 131|0x0000000088300000, 0x0000000088300000, 0x0000000088400000|  0%| F|  |TAMS 0x0000000088300000, 0x0000000088300000| Untracked 
| 132|0x0000000088400000, 0x0000000088400000, 0x0000000088500000|  0%| F|  |TAMS 0x0000000088400000, 0x0000000088400000| Untracked 
| 133|0x0000000088500000, 0x0000000088500000, 0x0000000088600000|  0%| F|  |TAMS 0x0000000088500000, 0x0000000088500000| Untracked 
| 134|0x0000000088600000, 0x0000000088600000, 0x0000000088700000|  0%| F|  |TAMS 0x0000000088600000, 0x0000000088600000| Untracked 
| 135|0x0000000088700000, 0x0000000088700000, 0x0000000088800000|  0%| F|  |TAMS 0x0000000088700000, 0x0000000088700000| Untracked 
| 136|0x0000000088800000, 0x0000000088800000, 0x0000000088900000|  0%| F|  |TAMS 0x0000000088800000, 0x0000000088800000| Untracked 
| 137|0x0000000088900000, 0x0000000088900000, 0x0000000088a00000|  0%| F|  |TAMS 0x0000000088900000, 0x0000000088900000| Untracked 
| 138|0x0000000088a00000, 0x0000000088a00000, 0x0000000088b00000|  0%| F|  |TAMS 0x0000000088a00000, 0x0000000088a00000| Untracked 
| 139|0x0000000088b00000, 0x0000000088b00000, 0x0000000088c00000|  0%| F|  |TAMS 0x0000000088b00000, 0x0000000088b00000| Untracked 
| 140|0x0000000088c00000, 0x0000000088d00000, 0x0000000088d00000|100%| E|CS|TAMS 0x0000000088c00000, 0x0000000088c00000| Complete 
| 141|0x0000000088d00000, 0x0000000088e00000, 0x0000000088e00000|100%| E|CS|TAMS 0x0000000088d00000, 0x0000000088d00000| Complete 
| 142|0x0000000088e00000, 0x0000000088f00000, 0x0000000088f00000|100%| E|CS|TAMS 0x0000000088e00000, 0x0000000088e00000| Complete 
| 143|0x0000000088f00000, 0x0000000089000000, 0x0000000089000000|100%| E|CS|TAMS 0x0000000088f00000, 0x0000000088f00000| Complete 
| 144|0x0000000089000000, 0x0000000089000000, 0x0000000089100000|  0%| F|  |TAMS 0x0000000089000000, 0x0000000089000000| Untracked 
| 145|0x0000000089100000, 0x0000000089100000, 0x0000000089200000|  0%| F|  |TAMS 0x0000000089100000, 0x0000000089100000| Untracked 
| 146|0x0000000089200000, 0x0000000089280800, 0x0000000089300000| 50%| E|  |TAMS 0x0000000089200000, 0x0000000089200000| Complete 
| 147|0x0000000089300000, 0x0000000089400000, 0x0000000089400000|100%| E|CS|TAMS 0x0000000089300000, 0x0000000089300000| Complete 
| 148|0x0000000089400000, 0x0000000089500000, 0x0000000089500000|100%| E|CS|TAMS 0x0000000089400000, 0x0000000089400000| Complete 
| 149|0x0000000089500000, 0x0000000089600000, 0x0000000089600000|100%| E|CS|TAMS 0x0000000089500000, 0x0000000089500000| Complete 
| 150|0x0000000089600000, 0x0000000089700000, 0x0000000089700000|100%| E|CS|TAMS 0x0000000089600000, 0x0000000089600000| Complete 
| 151|0x0000000089700000, 0x0000000089800000, 0x0000000089800000|100%| E|CS|TAMS 0x0000000089700000, 0x0000000089700000| Complete 

Card table byte_map: [0x00000141667e0000,0x0000014166be0000] _byte_map_base: 0x00000141663e0000

Marking Bits (Prev, Next): (CMBitMap*) 0x000001414f3fcba0, (CMBitMap*) 0x000001414f3fcbe0
 Prev Bits: [0x0000014166fe0000, 0x0000014168fe0000)
 Next Bits: [0x0000014168fe0000, 0x000001416afe0000)

Polling page: 0x000001414d2f0000

Metaspace:

Usage:
  Non-class:     61.30 MB used.
      Class:     10.00 MB used.
       Both:     71.30 MB used.

Virtual space:
  Non-class space:       64.00 MB reserved,      61.75 MB ( 96%) committed,  1 nodes.
      Class space:      416.00 MB reserved,      10.38 MB (  2%) committed,  1 nodes.
             Both:      480.00 MB reserved,      72.12 MB ( 15%) committed. 

Chunk freelists:
   Non-Class:  1.78 MB
       Class:  5.48 MB
        Both:  7.27 MB

MaxMetaspaceSize: 512.00 MB
CompressedClassSpaceSize: 416.00 MB
Initial GC threshold: 21.00 MB
Current GC threshold: 119.62 MB
CDS: on
MetaspaceReclaimPolicy: balanced
 - commit_granule_bytes: 65536.
 - commit_granule_words: 8192.
 - virtual_space_node_default_size: 8388608.
 - enlarge_chunks_in_place: 1.
 - new_chunks_are_fully_committed: 0.
 - uncommit_free_chunks: 1.
 - use_allocation_guard: 0.
 - handle_deallocations: 1.


Internal statistics:

num_allocs_failed_limit: 6.
num_arena_births: 936.
num_arena_deaths: 0.
num_vsnodes_births: 2.
num_vsnodes_deaths: 0.
num_space_committed: 1154.
num_space_uncommitted: 0.
num_chunks_returned_to_freelist: 6.
num_chunks_taken_from_freelist: 3957.
num_chunk_merges: 3.
num_chunk_splits: 2611.
num_chunks_enlarged: 1722.
num_inconsistent_stats: 0.

CodeHeap 'non-profiled nmethods': size=120000Kb used=4495Kb max_used=4495Kb free=115504Kb
 bounds [0x000001415e960000, 0x000001415edd0000, 0x0000014165e90000]
CodeHeap 'profiled nmethods': size=120000Kb used=16526Kb max_used=16526Kb free=103473Kb
 bounds [0x0000014156e90000, 0x0000014157ec0000, 0x000001415e3c0000]
CodeHeap 'non-nmethods': size=5760Kb used=2377Kb max_used=2426Kb free=3382Kb
 bounds [0x000001415e3c0000, 0x000001415e630000, 0x000001415e960000]
 total_blobs=9453 nmethods=8550 adapters=815
 compilation: enabled
              stopped_count=0, restarted_count=0
 full_count=0

Compilation events (20 events):
Event: 34.081 Thread 0x000001416dc2cea0 9463   !   3       org.gradle.cache.internal.DefaultCrossBuildInMemoryCacheFactory$AbstractCrossBuildInMemoryCache::put (38 bytes)
Event: 34.081 Thread 0x000001416dc2cea0 nmethod 9463 0x0000014157ea1e90 code [0x0000014157ea2040, 0x0000014157ea23f8]
Event: 34.096 Thread 0x000001416dc2cea0 9464       3       org.objectweb.asm.Type::equals (147 bytes)
Event: 34.097 Thread 0x000001416dc2cea0 nmethod 9464 0x0000014157ea2590 code [0x0000014157ea2840, 0x0000014157ea3938]
Event: 34.097 Thread 0x000001416dc2cea0 9465       3       org.objectweb.asm.Symbol::<init> (38 bytes)
Event: 34.097 Thread 0x000001416dc2cea0 nmethod 9465 0x0000014157ea3f10 code [0x0000014157ea40c0, 0x0000014157ea4358]
Event: 34.097 Thread 0x000001416dc2cea0 9466       1       org.objectweb.asm.commons.Method::getName (5 bytes)
Event: 34.097 Thread 0x000001416dc2cea0 nmethod 9466 0x000001415edc2f10 code [0x000001415edc30a0, 0x000001415edc3178]
Event: 34.097 Thread 0x000001416dc2cea0 9467       1       org.objectweb.asm.commons.Method::getDescriptor (5 bytes)
Event: 34.097 Thread 0x000001416dc2cea0 nmethod 9467 0x000001415edc3210 code [0x000001415edc33a0, 0x000001415edc3478]
Event: 34.097 Thread 0x000001416dc2cea0 9468       1       com.android.build.gradle.internal.dsl.decorator.DslDecorator$ManagedProperty::getSupportedPropertyType (5 bytes)
Event: 34.097 Thread 0x000001416dc2cea0 nmethod 9468 0x000001415edc3510 code [0x000001415edc36a0, 0x000001415edc3778]
Event: 34.100 Thread 0x000001416dc2cea0 9469       3       kotlin.text.StringsKt__StringsKt::startsWith$default (15 bytes)
Event: 34.100 Thread 0x000001416dc2cea0 nmethod 9469 0x0000014157ea4490 code [0x0000014157ea4620, 0x0000014157ea4788]
Event: 34.100 Thread 0x000001416dc2cea0 9470       3       kotlin.text.StringsKt__StringsKt::startsWith (61 bytes)
Event: 34.100 Thread 0x000001416dc2cea0 nmethod 9470 0x0000014157ea4890 code [0x0000014157ea4b80, 0x0000014157ea5c68]
Event: 34.100 Thread 0x000001416dc2cea0 9471       3       org.objectweb.asm.SymbolTable::put (150 bytes)
Event: 34.101 Thread 0x000001416dc2cea0 nmethod 9471 0x0000014157ea6110 code [0x0000014157ea6300, 0x0000014157ea6b98]
Event: 34.101 Thread 0x000001416dc2cea0 9472       1       org.objectweb.asm.SymbolTable::getMajorVersion (5 bytes)
Event: 34.101 Thread 0x000001416dc2cea0 nmethod 9472 0x000001415edc3810 code [0x000001415edc39a0, 0x000001415edc3a78]

GC Heap History (20 events):
Event: 31.892 GC heap before
{Heap before GC invocations=27 (full 0):
 garbage-first heap   total 139264K, used 105981K [0x0000000080000000, 0x0000000100000000)
  region size 1024K, 43 young (44032K), 6 survivors (6144K)
 Metaspace       used 65710K, committed 66496K, reserved 491520K
  class space    used 9357K, committed 9728K, reserved 425984K
}
Event: 31.897 GC heap after
{Heap after GC invocations=28 (full 0):
 garbage-first heap   total 139264K, used 72740K [0x0000000080000000, 0x0000000100000000)
  region size 1024K, 3 young (3072K), 3 survivors (3072K)
 Metaspace       used 65710K, committed 66496K, reserved 491520K
  class space    used 9357K, committed 9728K, reserved 425984K
}
Event: 31.951 GC heap before
{Heap before GC invocations=29 (full 0):
 garbage-first heap   total 139264K, used 74788K [0x0000000080000000, 0x0000000100000000)
  region size 1024K, 4 young (4096K), 3 survivors (3072K)
 Metaspace       used 65710K, committed 66496K, reserved 491520K
  class space    used 9357K, committed 9728K, reserved 425984K
}
Event: 31.954 GC heap after
{Heap after GC invocations=30 (full 0):
 garbage-first heap   total 139264K, used 75192K [0x0000000080000000, 0x0000000100000000)
  region size 1024K, 4 young (4096K), 4 survivors (4096K)
 Metaspace       used 65710K, committed 66496K, reserved 491520K
  class space    used 9357K, committed 9728K, reserved 425984K
}
Event: 32.112 GC heap before
{Heap before GC invocations=31 (full 0):
 garbage-first heap   total 139264K, used 79288K [0x0000000080000000, 0x0000000100000000)
  region size 1024K, 9 young (9216K), 4 survivors (4096K)
 Metaspace       used 65721K, committed 66496K, reserved 491520K
  class space    used 9357K, committed 9728K, reserved 425984K
}
Event: 32.115 GC heap after
{Heap after GC invocations=32 (full 0):
 garbage-first heap   total 139264K, used 79692K [0x0000000080000000, 0x0000000100000000)
  region size 1024K, 4 young (4096K), 4 survivors (4096K)
 Metaspace       used 65721K, committed 66496K, reserved 491520K
  class space    used 9357K, committed 9728K, reserved 425984K
}
Event: 32.221 GC heap before
{Heap before GC invocations=33 (full 0):
 garbage-first heap   total 139264K, used 82764K [0x0000000080000000, 0x0000000100000000)
  region size 1024K, 7 young (7168K), 4 survivors (4096K)
 Metaspace       used 65732K, committed 66560K, reserved 491520K
  class space    used 9360K, committed 9728K, reserved 425984K
}
Event: 32.223 GC heap after
{Heap after GC invocations=34 (full 0):
 garbage-first heap   total 139264K, used 80581K [0x0000000080000000, 0x0000000100000000)
  region size 1024K, 2 young (2048K), 2 survivors (2048K)
 Metaspace       used 65732K, committed 66560K, reserved 491520K
  class space    used 9360K, committed 9728K, reserved 425984K
}
Event: 32.590 GC heap before
{Heap before GC invocations=35 (full 0):
 garbage-first heap   total 142336K, used 100037K [0x0000000080000000, 0x0000000100000000)
  region size 1024K, 21 young (21504K), 2 survivors (2048K)
 Metaspace       used 66829K, committed 67648K, reserved 491520K
  class space    used 9502K, committed 9856K, reserved 425984K
}
Event: 32.591 GC heap after
{Heap after GC invocations=36 (full 0):
 garbage-first heap   total 142336K, used 83333K [0x0000000080000000, 0x0000000100000000)
  region size 1024K, 3 young (3072K), 3 survivors (3072K)
 Metaspace       used 66829K, committed 67648K, reserved 491520K
  class space    used 9502K, committed 9856K, reserved 425984K
}
Event: 32.651 GC heap before
{Heap before GC invocations=36 (full 0):
 garbage-first heap   total 142336K, used 85381K [0x0000000080000000, 0x0000000100000000)
  region size 1024K, 6 young (6144K), 3 survivors (3072K)
 Metaspace       used 67048K, committed 67840K, reserved 491520K
  class space    used 9526K, committed 9856K, reserved 425984K
}
Event: 32.653 GC heap after
{Heap after GC invocations=37 (full 0):
 garbage-first heap   total 142336K, used 83120K [0x0000000080000000, 0x0000000100000000)
  region size 1024K, 1 young (1024K), 1 survivors (1024K)
 Metaspace       used 67048K, committed 67840K, reserved 491520K
  class space    used 9526K, committed 9856K, reserved 425984K
}
Event: 33.192 GC heap before
{Heap before GC invocations=37 (full 0):
 garbage-first heap   total 142336K, used 103600K [0x0000000080000000, 0x0000000100000000)
  region size 1024K, 22 young (22528K), 1 survivors (1024K)
 Metaspace       used 68736K, committed 69504K, reserved 491520K
  class space    used 9696K, committed 10048K, reserved 425984K
}
Event: 33.194 GC heap after
{Heap after GC invocations=38 (full 0):
 garbage-first heap   total 142336K, used 83597K [0x0000000080000000, 0x0000000100000000)
  region size 1024K, 1 young (1024K), 1 survivors (1024K)
 Metaspace       used 68736K, committed 69504K, reserved 491520K
  class space    used 9696K, committed 10048K, reserved 425984K
}
Event: 33.578 GC heap before
{Heap before GC invocations=39 (full 0):
 garbage-first heap   total 147456K, used 107149K [0x0000000080000000, 0x0000000100000000)
  region size 1024K, 24 young (24576K), 1 survivors (1024K)
 Metaspace       used 70262K, committed 71040K, reserved 491520K
  class space    used 9898K, committed 10240K, reserved 425984K
}
Event: 33.580 GC heap after
{Heap after GC invocations=40 (full 0):
 garbage-first heap   total 147456K, used 84087K [0x0000000080000000, 0x0000000100000000)
  region size 1024K, 2 young (2048K), 2 survivors (2048K)
 Metaspace       used 70262K, committed 71040K, reserved 491520K
  class space    used 9898K, committed 10240K, reserved 425984K
}
Event: 33.708 GC heap before
{Heap before GC invocations=40 (full 0):
 garbage-first heap   total 147456K, used 88183K [0x0000000080000000, 0x0000000100000000)
  region size 1024K, 7 young (7168K), 2 survivors (2048K)
 Metaspace       used 71522K, committed 72256K, reserved 491520K
  class space    used 10032K, committed 10368K, reserved 425984K
}
Event: 33.713 GC heap after
{Heap after GC invocations=41 (full 0):
 garbage-first heap   total 147456K, used 84994K [0x0000000080000000, 0x0000000100000000)
  region size 1024K, 1 young (1024K), 1 survivors (1024K)
 Metaspace       used 71522K, committed 72256K, reserved 491520K
  class space    used 10032K, committed 10368K, reserved 425984K
}
Event: 34.024 GC heap before
{Heap before GC invocations=41 (full 0):
 garbage-first heap   total 147456K, used 118786K [0x0000000080000000, 0x0000000100000000)
  region size 1024K, 28 young (28672K), 1 survivors (1024K)
 Metaspace       used 72482K, committed 73280K, reserved 491520K
  class space    used 10160K, committed 10496K, reserved 425984K
}
Event: 34.026 GC heap after
{Heap after GC invocations=42 (full 0):
 garbage-first heap   total 147456K, used 88607K [0x0000000080000000, 0x0000000100000000)
  region size 1024K, 4 young (4096K), 4 survivors (4096K)
 Metaspace       used 72482K, committed 73280K, reserved 491520K
  class space    used 10160K, committed 10496K, reserved 425984K
}

Dll operation events (14 events):
Event: 0.011 Loaded shared library C:\Program Files\Microsoft\jdk-17.0.8.7-hotspot\bin\java.dll
Event: 0.028 Loaded shared library C:\Program Files\Microsoft\jdk-17.0.8.7-hotspot\bin\jsvml.dll
Event: 0.071 Loaded shared library C:\Program Files\Microsoft\jdk-17.0.8.7-hotspot\bin\zip.dll
Event: 0.076 Loaded shared library C:\Program Files\Microsoft\jdk-17.0.8.7-hotspot\bin\instrument.dll
Event: 0.080 Loaded shared library C:\Program Files\Microsoft\jdk-17.0.8.7-hotspot\bin\net.dll
Event: 0.082 Loaded shared library C:\Program Files\Microsoft\jdk-17.0.8.7-hotspot\bin\nio.dll
Event: 0.086 Loaded shared library C:\Program Files\Microsoft\jdk-17.0.8.7-hotspot\bin\zip.dll
Event: 0.371 Loaded shared library C:\Program Files\Microsoft\jdk-17.0.8.7-hotspot\bin\jimage.dll
Event: 0.450 Loaded shared library C:\Program Files\Microsoft\jdk-17.0.8.7-hotspot\bin\verify.dll
Event: 0.669 Loaded shared library C:\Users\66992\.gradle\native\68d5fa5c4cc2d200863cafc0d521ce42e7d3e7ee720ec0a83991735586a16f82\windows-amd64\native-platform.dll
Event: 0.694 Loaded shared library C:\Users\66992\.gradle\native\e376f236ea51e6404a007f0833ffe2c6e607c4080706a723a18a27aeea778392\windows-amd64\native-platform-file-events.dll
Event: 1.981 Loaded shared library C:\Program Files\Microsoft\jdk-17.0.8.7-hotspot\bin\management.dll
Event: 1.985 Loaded shared library C:\Program Files\Microsoft\jdk-17.0.8.7-hotspot\bin\management_ext.dll
Event: 2.462 Loaded shared library C:\Program Files\Microsoft\jdk-17.0.8.7-hotspot\bin\sunmscapi.dll

Deoptimization events (20 events):
Event: 33.825 Thread 0x00000141738d59c0 DEOPT PACKING pc=0x0000014157dee2a6 sp=0x0000002df77ee630
Event: 33.825 Thread 0x00000141738d59c0 DEOPT UNPACKING pc=0x000001415e417143 sp=0x0000002df77eda88 mode 0
Event: 33.825 Thread 0x00000141738d59c0 DEOPT PACKING pc=0x0000014157dee2a6 sp=0x0000002df77ee630
Event: 33.825 Thread 0x00000141738d59c0 DEOPT UNPACKING pc=0x000001415e417143 sp=0x0000002df77eda88 mode 0
Event: 34.029 Thread 0x00000141738d59c0 Uncommon trap: trap_request=0xffffffc6 fr.pc=0x000001415ed13198 relative=0x0000000000000058
Event: 34.029 Thread 0x00000141738d59c0 Uncommon trap: reason=bimorphic_or_optimized_type_check action=maybe_recompile pc=0x000001415ed13198 method=java.util.AbstractQueue.add(Ljava/lang/Object;)Z @ 2 c2
Event: 34.029 Thread 0x00000141738d59c0 DEOPT PACKING pc=0x000001415ed13198 sp=0x0000002df77f2b70
Event: 34.029 Thread 0x00000141738d59c0 DEOPT UNPACKING pc=0x000001415e4169a3 sp=0x0000002df77f2b38 mode 2
Event: 34.029 Thread 0x00000141738d59c0 Uncommon trap: trap_request=0xffffffc6 fr.pc=0x000001415ed13198 relative=0x0000000000000058
Event: 34.029 Thread 0x00000141738d59c0 Uncommon trap: reason=bimorphic_or_optimized_type_check action=maybe_recompile pc=0x000001415ed13198 method=java.util.AbstractQueue.add(Ljava/lang/Object;)Z @ 2 c2
Event: 34.029 Thread 0x00000141738d59c0 DEOPT PACKING pc=0x000001415ed13198 sp=0x0000002df77f2b70
Event: 34.029 Thread 0x00000141738d59c0 DEOPT UNPACKING pc=0x000001415e4169a3 sp=0x0000002df77f2b38 mode 2
Event: 34.097 Thread 0x00000141738d59c0 Uncommon trap: trap_request=0xffffffc6 fr.pc=0x000001415ed13198 relative=0x0000000000000058
Event: 34.097 Thread 0x00000141738d59c0 Uncommon trap: reason=bimorphic_or_optimized_type_check action=maybe_recompile pc=0x000001415ed13198 method=java.util.AbstractQueue.add(Ljava/lang/Object;)Z @ 2 c2
Event: 34.097 Thread 0x00000141738d59c0 DEOPT PACKING pc=0x000001415ed13198 sp=0x0000002df77f1e20
Event: 34.097 Thread 0x00000141738d59c0 DEOPT UNPACKING pc=0x000001415e4169a3 sp=0x0000002df77f1de8 mode 2
Event: 34.097 Thread 0x00000141738d59c0 Uncommon trap: trap_request=0xffffffc6 fr.pc=0x000001415ed13198 relative=0x0000000000000058
Event: 34.097 Thread 0x00000141738d59c0 Uncommon trap: reason=bimorphic_or_optimized_type_check action=maybe_recompile pc=0x000001415ed13198 method=java.util.AbstractQueue.add(Ljava/lang/Object;)Z @ 2 c2
Event: 34.097 Thread 0x00000141738d59c0 DEOPT PACKING pc=0x000001415ed13198 sp=0x0000002df77f1e20
Event: 34.097 Thread 0x00000141738d59c0 DEOPT UNPACKING pc=0x000001415e4169a3 sp=0x0000002df77f1de8 mode 2

Classes unloaded (0 events):
No events

Classes redefined (0 events):
No events

Internal exceptions (20 events):
Event: 28.041 Thread 0x00000141738d59c0 Exception <a 'java/lang/ClassNotFoundException'{0x000000008874ac58}: org/gradle/api/internal/artifacts/dsl/dependencies/DefaultDependencyHandlerCustomizer> (0x000000008874ac58) 
thrown [s\src\hotspot\share\classfile\systemDictionary.cpp, line 256]
Event: 28.043 Thread 0x00000141738d59c0 Exception <a 'java/lang/ClassNotFoundException'{0x0000000088790780}: org/gradle/api/internal/artifacts/dsl/dependencies/DefaultDependencyHandler_DecoratedCustomizer> (0x0000000088790780) 
thrown [s\src\hotspot\share\classfile\systemDictionary.cpp, line 256]
Event: 29.287 Thread 0x00000141738d59c0 Exception <a 'java/lang/NoSuchMethodError'{0x0000000085ba6960}: 'java.lang.Object java.lang.invoke.DirectMethodHandle$Holder.newInvokeSpecial(java.lang.Object, java.lang.Object, java.lang.Object, java.lang.Object, java.lang.Object, java.lang.Object, int)'> (0x0000000085ba6960) 
thrown [s\src\hotspot\share\interpreter\linkResolver.cpp, line 759]
Event: 29.287 Thread 0x00000141738d59c0 Exception <a 'java/lang/NoSuchMethodError'{0x0000000085bac990}: 'java.lang.Object java.lang.invoke.DirectMethodHandle$Holder.invokeSpecial(java.lang.Object, java.lang.Object, java.lang.Object, java.lang.Object, java.lang.Object, java.lang.Object, java.lang.Object, int)'> (0x0000000085bac990) 
thrown [s\src\hotspot\share\interpreter\linkResolver.cpp, line 759]
Event: 29.288 Thread 0x00000141738d59c0 Exception <a 'java/lang/NoSuchMethodError'{0x0000000085bb25a8}: 'java.lang.Object java.lang.invoke.Invokers$Holder.linkToTargetMethod(java.lang.Object, java.lang.Object, java.lang.Object, java.lang.Object, java.lang.Object, int, java.lang.Object)'> (0x0000000085bb25a8) 
thrown [s\src\hotspot\share\interpreter\linkResolver.cpp, line 759]
Event: 29.308 Thread 0x00000141740f0240 Implicit null exception at 0x000001415e9ce583 to 0x000001415e9ce748
Event: 29.516 Thread 0x0000014176cdee10 Exception <a 'java/lang/NoSuchMethodError'{0x0000000087ce1340}: 'java.lang.Object java.lang.invoke.DirectMethodHandle$Holder.newInvokeSpecial(java.lang.Object, java.lang.Object, java.lang.Object, java.lang.Object, int, java.lang.Object)'> (0x0000000087ce1340) 
thrown [s\src\hotspot\share\interpreter\linkResolver.cpp, line 759]
Event: 29.517 Thread 0x0000014176cdee10 Exception <a 'java/lang/NoSuchMethodError'{0x0000000087ce58e8}: 'java.lang.Object java.lang.invoke.Invokers$Holder.linkToTargetMethod(java.lang.Object, java.lang.Object, java.lang.Object, int, java.lang.Object, java.lang.Object)'> (0x0000000087ce58e8) 
thrown [s\src\hotspot\share\interpreter\linkResolver.cpp, line 759]
Event: 29.536 Thread 0x0000014176ce0c70 Exception <a 'java/lang/NoSuchMethodError'{0x0000000087b5e400}: 'void java.lang.invoke.DirectMethodHandle$Holder.invokeInterface(java.lang.Object, java.lang.Object, java.lang.Object, java.lang.Object)'> (0x0000000087b5e400) 
thrown [s\src\hotspot\share\interpreter\linkResolver.cpp, line 759]
Event: 29.650 Thread 0x0000014176ce0c70 Exception <a 'java/lang/NoSuchMethodError'{0x000000008797ce48}: 'int java.lang.invoke.DirectMethodHandle$Holder.invokeSpecial(java.lang.Object, java.lang.Object, java.lang.Object, java.lang.Object, java.lang.Object)'> (0x000000008797ce48) 
thrown [s\src\hotspot\share\interpreter\linkResolver.cpp, line 759]
Event: 31.518 Thread 0x0000014176cdee10 Exception <a 'sun/nio/fs/WindowsException'{0x000000008713b790}> (0x000000008713b790) 
thrown [s\src\hotspot\share\prims\jni.cpp, line 516]
Event: 31.519 Thread 0x0000014176cdee10 Exception <a 'sun/nio/fs/WindowsException'{0x000000008713db08}> (0x000000008713db08) 
thrown [s\src\hotspot\share\prims\jni.cpp, line 516]
Event: 31.519 Thread 0x0000014176cdee10 Exception <a 'sun/nio/fs/WindowsException'{0x000000008713fc50}> (0x000000008713fc50) 
thrown [s\src\hotspot\share\prims\jni.cpp, line 516]
Event: 31.519 Thread 0x0000014176cdee10 Exception <a 'sun/nio/fs/WindowsException'{0x0000000087141a50}> (0x0000000087141a50) 
thrown [s\src\hotspot\share\prims\jni.cpp, line 516]
Event: 31.816 Thread 0x00000141738d59c0 Exception <a 'java/lang/ClassNotFoundException'{0x00000000865f7b18}: build_7y2gkm1gkyx9b7seejpwu5gy4BeanInfo> (0x00000000865f7b18) 
thrown [s\src\hotspot\share\classfile\systemDictionary.cpp, line 256]
Event: 31.816 Thread 0x00000141738d59c0 Exception <a 'java/lang/ClassNotFoundException'{0x00000000865ff240}: build_7y2gkm1gkyx9b7seejpwu5gy4Customizer> (0x00000000865ff240) 
thrown [s\src\hotspot\share\classfile\systemDictionary.cpp, line 256]
Event: 32.206 Thread 0x00000141738d59c0 Exception <a 'java/lang/ClassNotFoundException'{0x00000000886e18a8}: build_dr458ehy2lmufh2tvwq5jczrmBeanInfo> (0x00000000886e18a8) 
thrown [s\src\hotspot\share\classfile\systemDictionary.cpp, line 256]
Event: 32.207 Thread 0x00000141738d59c0 Exception <a 'java/lang/ClassNotFoundException'{0x00000000886efa68}: build_dr458ehy2lmufh2tvwq5jczrmCustomizer> (0x00000000886efa68) 
thrown [s\src\hotspot\share\classfile\systemDictionary.cpp, line 256]
Event: 33.653 Thread 0x00000141738d59c0 Implicit null exception at 0x000001415eaf038c to 0x000001415eaf04c2
Event: 33.839 Thread 0x00000141738d59c0 Exception <a 'sun/nio/fs/WindowsException'{0x00000000882f9c00}> (0x00000000882f9c00) 
thrown [s\src\hotspot\share\prims\jni.cpp, line 516]

VM Operations (20 events):
Event: 33.232 Executing VM operation: G1PauseRemark
Event: 33.235 Executing VM operation: G1PauseRemark done
Event: 33.252 Executing VM operation: G1PauseCleanup
Event: 33.252 Executing VM operation: G1PauseCleanup done
Event: 33.577 Executing VM operation: G1CollectForAllocation
Event: 33.580 Executing VM operation: G1CollectForAllocation done
Event: 33.612 Executing VM operation: HandshakeAllThreads
Event: 33.612 Executing VM operation: HandshakeAllThreads done
Event: 33.662 Executing VM operation: HandshakeAllThreads
Event: 33.663 Executing VM operation: HandshakeAllThreads done
Event: 33.678 Executing VM operation: HandshakeAllThreads
Event: 33.678 Executing VM operation: HandshakeAllThreads done
Event: 33.708 Executing VM operation: G1CollectForAllocation
Event: 33.714 Executing VM operation: G1CollectForAllocation done
Event: 34.023 Executing VM operation: G1CollectForAllocation
Event: 34.026 Executing VM operation: G1CollectForAllocation done
Event: 34.062 Executing VM operation: G1PauseRemark
Event: 34.065 Executing VM operation: G1PauseRemark done
Event: 34.084 Executing VM operation: G1PauseCleanup
Event: 34.084 Executing VM operation: G1PauseCleanup done

Events (20 events):
Event: 33.691 loading class java/security/cert/CertPathValidatorException$Reason done
Event: 33.691 loading class java/security/cert/CertPathValidatorException$BasicReason done
Event: 33.692 loading class java/security/SignatureException
Event: 33.692 loading class java/security/SignatureException done
Event: 33.696 loading class sun/security/rsa/RSASignature$SHA256withRSA
Event: 33.696 loading class sun/security/rsa/RSASignature$SHA256withRSA done
Event: 33.697 loading class sun/security/provider/DSA$SHA256withDSA
Event: 33.698 loading class sun/security/provider/DSA$SHA256withDSA done
Event: 33.717 loading class java/util/Base64
Event: 33.717 loading class java/util/Base64 done
Event: 33.717 loading class java/util/Base64$Decoder
Event: 33.718 loading class java/util/Base64$Decoder done
Event: 33.718 loading class java/util/Base64$Encoder
Event: 33.718 loading class java/util/Base64$Encoder done
Event: 33.719 loading class java/util/jar/JarVerifier$VerifierStream
Event: 33.719 loading class java/util/jar/JarVerifier$VerifierStream done
Event: 33.719 loading class sun/security/util/ManifestEntryVerifier$SunProviderHolder
Event: 33.719 loading class sun/security/util/ManifestEntryVerifier$SunProviderHolder done
Event: 33.836 loading class java/security/KeyStore$ProtectionParameter
Event: 33.836 loading class java/security/KeyStore$ProtectionParameter done


Dynamic libraries:
0x00007ff7a9d80000 - 0x00007ff7a9d8e000 	C:\Program Files\Microsoft\jdk-17.0.8.7-hotspot\bin\java.exe
0x00007ff9a13d0000 - 0x00007ff9a15e7000 	C:\WINDOWS\SYSTEM32\ntdll.dll
0x00007ff99f630000 - 0x00007ff99f6f4000 	C:\WINDOWS\System32\KERNEL32.DLL
0x00007ff99eb50000 - 0x00007ff99ef21000 	C:\WINDOWS\System32\KERNELBASE.dll
0x00007ff99e540000 - 0x00007ff99e651000 	C:\WINDOWS\System32\ucrtbase.dll
0x00007ff98c740000 - 0x00007ff98c757000 	C:\Program Files\Microsoft\jdk-17.0.8.7-hotspot\bin\jli.dll
0x00007ff980ac0000 - 0x00007ff980adb000 	C:\Program Files\Microsoft\jdk-17.0.8.7-hotspot\bin\VCRUNTIME140.dll
0x00007ff9a0c50000 - 0x00007ff9a0e01000 	C:\WINDOWS\System32\USER32.dll
0x00007ff97fd30000 - 0x00007ff97ffc2000 	C:\WINDOWS\WinSxS\amd64_microsoft.windows.common-controls_6595b64144ccf1df_6.0.22621.4830_none_270fe7d773858e80\COMCTL32.dll
0x00007ff99eff0000 - 0x00007ff99f016000 	C:\WINDOWS\System32\win32u.dll
0x00007ff99f580000 - 0x00007ff99f627000 	C:\WINDOWS\System32\msvcrt.dll
0x00007ff9a03f0000 - 0x00007ff9a0419000 	C:\WINDOWS\System32\GDI32.dll
0x00007ff99e6e0000 - 0x00007ff99e7fb000 	C:\WINDOWS\System32\gdi32full.dll
0x00007ff99e800000 - 0x00007ff99e89a000 	C:\WINDOWS\System32\msvcp_win.dll
0x00007ff9a04a0000 - 0x00007ff9a04d1000 	C:\WINDOWS\System32\IMM32.DLL
0x00007ff997b00000 - 0x00007ff997b0c000 	C:\Program Files\Microsoft\jdk-17.0.8.7-hotspot\bin\vcruntime140_1.dll
0x00007ff96b420000 - 0x00007ff96b4ad000 	C:\Program Files\Microsoft\jdk-17.0.8.7-hotspot\bin\msvcp140.dll
0x00007ff956290000 - 0x00007ff956ef5000 	C:\Program Files\Microsoft\jdk-17.0.8.7-hotspot\bin\server\jvm.dll
0x00007ff99f220000 - 0x00007ff99f2d1000 	C:\WINDOWS\System32\ADVAPI32.dll
0x00007ff9a0740000 - 0x00007ff9a07e7000 	C:\WINDOWS\System32\sechost.dll
0x00007ff99e510000 - 0x00007ff99e538000 	C:\WINDOWS\System32\bcrypt.dll
0x00007ff99f860000 - 0x00007ff99f974000 	C:\WINDOWS\System32\RPCRT4.dll
0x00007ff99e3e0000 - 0x00007ff99e42d000 	C:\WINDOWS\SYSTEM32\POWRPROF.dll
0x00007ff995930000 - 0x00007ff99593a000 	C:\WINDOWS\SYSTEM32\VERSION.dll
0x00007ff9851b0000 - 0x00007ff9851b9000 	C:\WINDOWS\SYSTEM32\WSOCK32.dll
0x00007ff998df0000 - 0x00007ff998e24000 	C:\WINDOWS\SYSTEM32\WINMM.dll
0x00007ff9a0420000 - 0x00007ff9a0491000 	C:\WINDOWS\System32\WS2_32.dll
0x00007ff99e3c0000 - 0x00007ff99e3d3000 	C:\WINDOWS\SYSTEM32\UMPDC.dll
0x00007ff99d4c0000 - 0x00007ff99d4d8000 	C:\WINDOWS\SYSTEM32\kernel.appcore.dll
0x00007ff997a10000 - 0x00007ff997a1a000 	C:\Program Files\Microsoft\jdk-17.0.8.7-hotspot\bin\jimage.dll
0x00007ff99bfd0000 - 0x00007ff99c202000 	C:\WINDOWS\SYSTEM32\DBGHELP.DLL
0x00007ff9a0840000 - 0x00007ff9a0bd0000 	C:\WINDOWS\System32\combase.dll
0x00007ff9a12b0000 - 0x00007ff9a1387000 	C:\WINDOWS\System32\OLEAUT32.dll
0x00007ff98a8e0000 - 0x00007ff98a912000 	C:\WINDOWS\SYSTEM32\dbgcore.DLL
0x00007ff99f020000 - 0x00007ff99f09b000 	C:\WINDOWS\System32\bcryptPrimitives.dll
0x00007ff986a40000 - 0x00007ff986a4e000 	C:\Program Files\Microsoft\jdk-17.0.8.7-hotspot\bin\instrument.dll
0x00007ff9704b0000 - 0x00007ff9704d5000 	C:\Program Files\Microsoft\jdk-17.0.8.7-hotspot\bin\java.dll
0x00007ff969f20000 - 0x00007ff969ff7000 	C:\Program Files\Microsoft\jdk-17.0.8.7-hotspot\bin\jsvml.dll
0x00007ff99fb40000 - 0x00007ff9a03c8000 	C:\WINDOWS\System32\SHELL32.dll
0x00007ff99ea10000 - 0x00007ff99eb4f000 	C:\WINDOWS\System32\wintypes.dll
0x00007ff99c470000 - 0x00007ff99cd7d000 	C:\WINDOWS\SYSTEM32\windows.storage.dll
0x00007ff99f0a0000 - 0x00007ff99f1aa000 	C:\WINDOWS\System32\SHCORE.dll
0x00007ff99f2e0000 - 0x00007ff99f33e000 	C:\WINDOWS\System32\shlwapi.dll
0x00007ff99e440000 - 0x00007ff99e46b000 	C:\WINDOWS\SYSTEM32\profapi.dll
0x00007ff97b600000 - 0x00007ff97b618000 	C:\Program Files\Microsoft\jdk-17.0.8.7-hotspot\bin\zip.dll
0x00007ff980890000 - 0x00007ff9808a9000 	C:\Program Files\Microsoft\jdk-17.0.8.7-hotspot\bin\net.dll
0x00007ff998cc0000 - 0x00007ff998dec000 	C:\WINDOWS\SYSTEM32\WINHTTP.dll
0x00007ff99d9d0000 - 0x00007ff99da3a000 	C:\WINDOWS\system32\mswsock.dll
0x00007ff980670000 - 0x00007ff980686000 	C:\Program Files\Microsoft\jdk-17.0.8.7-hotspot\bin\nio.dll
0x00007ff98d4f0000 - 0x00007ff98d500000 	C:\Program Files\Microsoft\jdk-17.0.8.7-hotspot\bin\verify.dll
0x00007ff96a8f0000 - 0x00007ff96a917000 	C:\Users\66992\.gradle\native\68d5fa5c4cc2d200863cafc0d521ce42e7d3e7ee720ec0a83991735586a16f82\windows-amd64\native-platform.dll
0x00007ff8b57a0000 - 0x00007ff8b58e4000 	C:\Users\66992\.gradle\native\e376f236ea51e6404a007f0833ffe2c6e607c4080706a723a18a27aeea778392\windows-amd64\native-platform-file-events.dll
0x00007ff990c30000 - 0x00007ff990c39000 	C:\Program Files\Microsoft\jdk-17.0.8.7-hotspot\bin\management.dll
0x00007ff98e450000 - 0x00007ff98e45b000 	C:\Program Files\Microsoft\jdk-17.0.8.7-hotspot\bin\management_ext.dll
0x00007ff9a03d0000 - 0x00007ff9a03d8000 	C:\WINDOWS\System32\PSAPI.DLL
0x00007ff99dc30000 - 0x00007ff99dc4b000 	C:\WINDOWS\SYSTEM32\CRYPTSP.dll
0x00007ff99d4e0000 - 0x00007ff99d517000 	C:\WINDOWS\system32\rsaenh.dll
0x00007ff99dac0000 - 0x00007ff99dae8000 	C:\WINDOWS\SYSTEM32\USERENV.dll
0x00007ff99dc20000 - 0x00007ff99dc2c000 	C:\WINDOWS\SYSTEM32\CRYPTBASE.dll
0x00007ff99d020000 - 0x00007ff99d04d000 	C:\WINDOWS\SYSTEM32\IPHLPAPI.DLL
0x00007ff9a03e0000 - 0x00007ff9a03e9000 	C:\WINDOWS\System32\NSI.dll
0x00007ff998ca0000 - 0x00007ff998cb9000 	C:\WINDOWS\SYSTEM32\dhcpcsvc6.DLL
0x00007ff998c80000 - 0x00007ff998c9f000 	C:\WINDOWS\SYSTEM32\dhcpcsvc.DLL
0x00007ff99d050000 - 0x00007ff99d152000 	C:\WINDOWS\SYSTEM32\DNSAPI.dll
0x00007ff98d520000 - 0x00007ff98d52e000 	C:\Program Files\Microsoft\jdk-17.0.8.7-hotspot\bin\sunmscapi.dll
0x00007ff99e8a0000 - 0x00007ff99ea06000 	C:\WINDOWS\System32\CRYPT32.dll
0x00007ff99ddc0000 - 0x00007ff99dded000 	C:\WINDOWS\SYSTEM32\ncrypt.dll
0x00007ff99dd80000 - 0x00007ff99ddb7000 	C:\WINDOWS\SYSTEM32\NTASN1.dll
0x00007ff969e70000 - 0x00007ff969e78000 	C:\WINDOWS\system32\wshunix.dll
0x00007ff985000000 - 0x00007ff985017000 	C:\WINDOWS\system32\napinsp.dll
0x00007ff980770000 - 0x00007ff98078b000 	C:\WINDOWS\system32\pnrpnsp.dll
0x00007ff980750000 - 0x00007ff980761000 	C:\WINDOWS\System32\winrnr.dll
0x00007ff998bd0000 - 0x00007ff998be5000 	C:\WINDOWS\system32\wshbth.dll
0x00007ff980640000 - 0x00007ff980667000 	C:\WINDOWS\system32\nlansp_c.dll
0x0000000069a80000 - 0x0000000069aa6000 	C:\Program Files\Bonjour\mdnsNSP.dll
0x00007ff991500000 - 0x00007ff99150a000 	C:\Windows\System32\rasadhlp.dll
0x00007ff996260000 - 0x00007ff9962e3000 	C:\WINDOWS\System32\fwpuclnt.dll

dbghelp: loaded successfully - version: 4.0.5 - missing functions: none
symbol engine: initialized successfully - sym options: 0x614 - pdb path: .;C:\Program Files\Microsoft\jdk-17.0.8.7-hotspot\bin;C:\WINDOWS\SYSTEM32;C:\WINDOWS\WinSxS\amd64_microsoft.windows.common-controls_6595b64144ccf1df_6.0.22621.4830_none_270fe7d773858e80;C:\Program Files\Microsoft\jdk-17.0.8.7-hotspot\bin\server;C:\Users\66992\.gradle\native\68d5fa5c4cc2d200863cafc0d521ce42e7d3e7ee720ec0a83991735586a16f82\windows-amd64;C:\Users\66992\.gradle\native\e376f236ea51e6404a007f0833ffe2c6e607c4080706a723a18a27aeea778392\windows-amd64;C:\Program Files\Bonjour

VM Arguments:
jvm_args: -XX:MaxMetaspaceSize=512m --add-opens=java.base/java.util=ALL-UNNAMED --add-opens=java.base/java.lang=ALL-UNNAMED --add-opens=java.base/java.lang.invoke=ALL-UNNAMED --add-opens=java.prefs/java.util.prefs=ALL-UNNAMED --add-opens=java.base/java.nio.charset=ALL-UNNAMED --add-opens=java.base/java.net=ALL-UNNAMED --add-opens=java.base/java.util.concurrent.atomic=ALL-UNNAMED -Xmx2048m -Dfile.encoding=windows-1252 -Duser.country=US -Duser.language=en -Duser.variant -javaagent:C:\Users\66992\.gradle\wrapper\dists\gradle-8.3-all\6en3ugtfdg5xnpx44z4qbwgas\gradle-8.3\lib\agents\gradle-instrumentation-agent-8.3.jar 
java_command: org.gradle.launcher.daemon.bootstrap.GradleDaemon 8.3
java_class_path (initial): C:\Users\66992\.gradle\wrapper\dists\gradle-8.3-all\6en3ugtfdg5xnpx44z4qbwgas\gradle-8.3\lib\gradle-launcher-8.3.jar
Launcher Type: SUN_STANDARD

[Global flags]
     intx CICompilerCount                          = 4                                         {product} {ergonomic}
   size_t CompressedClassSpaceSize                 = 436207616                                 {product} {ergonomic}
     uint ConcGCThreads                            = 3                                         {product} {ergonomic}
     uint G1ConcRefinementThreads                  = 10                                        {product} {ergonomic}
   size_t G1HeapRegionSize                         = 1048576                                   {product} {ergonomic}
    uintx GCDrainStackTargetSize                   = 64                                        {product} {ergonomic}
   size_t InitialHeapSize                          = 98566144                                  {product} {ergonomic}
   size_t MarkStackSize                            = 4194304                                   {product} {ergonomic}
   size_t MaxHeapSize                              = 2147483648                                {product} {command line}
   size_t MaxMetaspaceSize                         = 536870912                                 {product} {command line}
   size_t MaxNewSize                               = 1287651328                                {product} {ergonomic}
   size_t MinHeapDeltaBytes                        = 1048576                                   {product} {ergonomic}
   size_t MinHeapSize                              = 8388608                                   {product} {ergonomic}
    uintx NonNMethodCodeHeapSize                   = 5839372                                {pd product} {ergonomic}
    uintx NonProfiledCodeHeapSize                  = 122909434                              {pd product} {ergonomic}
    uintx ProfiledCodeHeapSize                     = 122909434                              {pd product} {ergonomic}
    uintx ReservedCodeCacheSize                    = 251658240                              {pd product} {ergonomic}
     bool SegmentedCodeCache                       = true                                      {product} {ergonomic}
   size_t SoftMaxHeapSize                          = 2147483648                             {manageable} {ergonomic}
     bool UseCompressedClassPointers               = true                           {product lp64_product} {ergonomic}
     bool UseCompressedOops                        = true                           {product lp64_product} {ergonomic}
     bool UseG1GC                                  = true                                      {product} {ergonomic}
     bool UseLargePagesIndividualAllocation        = false                                  {pd product} {ergonomic}

Logging:
Log output configuration:
 #0: stdout all=warning uptime,level,tags
 #1: stderr all=off uptime,level,tags

Environment Variables:
JAVA_HOME=C:\Program Files\Microsoft\jdk-17.0.8.7-hotspot\
CLASSPATH=C:\PTAHAPP\client\android\\gradle\wrapper\gradle-wrapper.jar
PATH=C:\PTAHAPP\client\node_modules\.bin;C:\PTAHAPP\client\node_modules\.bin;C:\PTAHAPP\node_modules\.bin;C:\node_modules\.bin;C:\Users\66992\AppData\Roaming\npm\node_modules\npm\node_modules\@npmcli\run-script\lib\node-gyp-bin;C:\Program Files\Microsoft\jdk-17.0.8.7-hotspot\bin;C:\Program Files\Python38\Scripts\;C:\Program Files\Python38\;C:\WINDOWS\system32;C:\WINDOWS;C:\WINDOWS\System32\Wbem;C:\WINDOWS\System32\WindowsPowerShell\v1.0\;C:\WINDOWS\System32\OpenSSH\;C:\xampp\php;C:\composer;C:\Program Files\Git\cmd;C:\ProgramData\chocolatey\bin;C:\Program Files\nodejs\;C:\Users\66992\AppData\Local\Microsoft\WindowsApps;C:\Users\66992\AppData\Local\Programs\Microsoft VS Code\bin;C:\Users\66992\AppData\Roaming\Composer\vendor\bin;C:\Users\66992\AppData\Local\GitHubDesktop\bin;C:\Program Files\MongoDB\Server\6.0\bin;C:\Users\66992\AppData\Roaming\npm;C:\Users\66992\AppData\Local\Android\Sdk\platform-tools;
USERNAME=66992
LANG=en_US.UTF-8
OS=Windows_NT
PROCESSOR_IDENTIFIER=AMD64 Family 23 Model 104 Stepping 1, AuthenticAMD
TMP=C:\Users\66992\AppData\Local\Temp
TEMP=C:\Users\66992\AppData\Local\Temp



---------------  S Y S T E M  ---------------

OS:
 Windows 11 , 64 bit Build 22621 (10.0.22621.4974)
OS uptime: 2 days 16:59 hours

CPU: total 12 (initial active 12) (12 cores per cpu, 2 threads per core) family 23 model 104 stepping 1 microcode 0x0, cx8, cmov, fxsr, ht, mmx, 3dnowpref, sse, sse2, sse3, ssse3, sse4a, sse4.1, sse4.2, popcnt, lzcnt, tsc, tscinvbit, avx, avx2, aes, clmul, bmi1, bmi2, adx, sha, fma, vzeroupper, clflush, clflushopt
Processor Information for processor 0
  Max Mhz: 2100, Current Mhz: 1988, Mhz Limit: 2100
Processor Information for processor 1
  Max Mhz: 2100, Current Mhz: 2100, Mhz Limit: 2100
Processor Information for processor 2
  Max Mhz: 2100, Current Mhz: 1988, Mhz Limit: 2100
Processor Information for processor 3
  Max Mhz: 2100, Current Mhz: 1988, Mhz Limit: 2100
Processor Information for processor 4
  Max Mhz: 2100, Current Mhz: 2100, Mhz Limit: 2100
Processor Information for processor 5
  Max Mhz: 2100, Current Mhz: 1988, Mhz Limit: 2100
Processor Information for processor 6
  Max Mhz: 2100, Current Mhz: 2100, Mhz Limit: 2100
Processor Information for processor 7
  Max Mhz: 2100, Current Mhz: 1988, Mhz Limit: 2100
Processor Information for processor 8
  Max Mhz: 2100, Current Mhz: 2100, Mhz Limit: 2100
Processor Information for processor 9
  Max Mhz: 2100, Current Mhz: 1988, Mhz Limit: 2100
Processor Information for processor 10
  Max Mhz: 2100, Current Mhz: 1988, Mhz Limit: 2100
Processor Information for processor 11
  Max Mhz: 2100, Current Mhz: 1988, Mhz Limit: 2100

Memory: 4k page, system-wide physical 6005M (101M free)
TotalPageFile size 24437M (AvailPageFile size 5M)
current process WorkingSet (physical memory assigned to process): 322M, peak: 322M
current process commit charge ("private bytes"): 422M, peak: 423M

vm_info: OpenJDK 64-Bit Server VM (17.0.8+7-LTS) for windows-amd64 JRE (17.0.8+7-LTS), built on Jul  7 2023 17:21:55 by "MicrosoftCorporation" with MS VC++ 16.10 / 16.11 (VS2019)

END.
