#
# There is insufficient memory for the Java Runtime Environment to continue.
# Native memory allocation (malloc) failed to allocate 153136 bytes for Chunk::new
# Possible reasons:
#   The system is out of physical RAM or swap space
#   The process is running with CompressedOops enabled, and the Java Heap may be blocking the growth of the native heap
# Possible solutions:
#   Reduce memory load on the system
#   Increase physical memory or swap space
#   Check if swap backing store is full
#   Decrease Java heap size (-Xmx/-Xms)
#   Decrease number of Java threads
#   Decrease Java thread stack sizes (-Xss)
#   Set larger code cache with -XX:ReservedCodeCacheSize=
#   JVM is running with Unscaled Compressed Oops mode in which the Java heap is
#     placed in the first 4GB address space. The Java Heap base address is the
#     maximum limit for the native heap growth. Please use -XX:HeapBaseMinAddress
#     to set the Java Heap base and to place the Java Heap above 4GB virtual address.
# This output file may be truncated or incomplete.
#
#  Out of Memory Error (arena.cpp:189), pid=21844, tid=2276
#
# JRE version: OpenJDK Runtime Environment Microsoft-8035246 (17.0.8+7) (build 17.0.8+7-LTS)
# Java VM: OpenJDK 64-Bit Server VM Microsoft-8035246 (17.0.8+7-LTS, mixed mode, sharing, tiered, compressed oops, compressed class ptrs, g1 gc, windows-amd64)
# No core dump will be written. Minidumps are not enabled by default on client versions of Windows
#

---------------  S U M M A R Y ------------

Command Line: -Xmx64m -Xms64m -Dorg.gradle.appname=gradlew org.gradle.wrapper.GradleWrapperMain app:assembleDebug -x lint -x test --configure-on-demand --build-cache -PreactNativeDevServerPort=8081

Host: AMD Ryzen 5 5500U with Radeon Graphics         , 12 cores, 5G,  Windows 11 , 64 bit Build 22621 (10.0.22621.4974)
Time: Fri Mar 21 07:39:46 2025 W. Mongolia Standard Time elapsed time: 49.669180 seconds (0d 0h 0m 49s)

---------------  T H R E A D  ---------------

Current thread (0x00000246575bdd60):  JavaThread "C2 CompilerThread0" daemon [_thread_in_native, id=2276, stack(0x0000005812900000,0x0000005812a00000)]


Current CompileTask:
C2:  49669 1703       4       org.gradle.internal.logging.text.AbstractLineChoppingStyledTextOutput$1::execute (9 bytes)

Stack: [0x0000005812900000,0x0000005812a00000]
Native frames: (J=compiled Java code, j=interpreted, Vv=VM code, C=native code)
V  [jvm.dll+0x67bf3a]
V  [jvm.dll+0x83a024]
V  [jvm.dll+0x83b7ce]
V  [jvm.dll+0x83be33]
V  [jvm.dll+0x24785f]
V  [jvm.dll+0xac3bc]
V  [jvm.dll+0xac98c]
V  [jvm.dll+0x368107]
V  [jvm.dll+0x332451]
V  [jvm.dll+0x3318fa]
V  [jvm.dll+0x21a131]
V  [jvm.dll+0x219551]
V  [jvm.dll+0x1a56b6]
V  [jvm.dll+0x2291ea]
V  [jvm.dll+0x22724c]
V  [jvm.dll+0x7efd0c]
V  [jvm.dll+0x7ea13a]
V  [jvm.dll+0x67ad85]
C  [ucrtbase.dll+0x29333]
C  [KERNEL32.DLL+0x1259d]
C  [ntdll.dll+0x5af38]


---------------  P R O C E S S  ---------------

Threads class SMR info:
_java_thread_list=0x000002469d8a3880, length=14, elements={
0x000002463b7df4b0, 0x00000246575a2d40, 0x00000246575a3bc0, 0x00000246575b3100,
0x00000246575b3bd0, 0x00000246575b57a0, 0x00000246575ba180, 0x00000246575bdd60,
0x00000246575cac40, 0x00000246575cb550, 0x00000246577fbf60, 0x00000246578004d0,
0x000002469d624e20, 0x000002469d90fea0
}

Java Threads: ( => current thread )
  0x000002463b7df4b0 JavaThread "main" [_thread_in_vm, id=22868, stack(0x0000005811c00000,0x0000005811d00000)]
  0x00000246575a2d40 JavaThread "Reference Handler" daemon [_thread_blocked, id=21560, stack(0x0000005812300000,0x0000005812400000)]
  0x00000246575a3bc0 JavaThread "Finalizer" daemon [_thread_blocked, id=24116, stack(0x0000005812400000,0x0000005812500000)]
  0x00000246575b3100 JavaThread "Signal Dispatcher" daemon [_thread_blocked, id=11444, stack(0x0000005812500000,0x0000005812600000)]
  0x00000246575b3bd0 JavaThread "Attach Listener" daemon [_thread_blocked, id=16468, stack(0x0000005812600000,0x0000005812700000)]
  0x00000246575b57a0 JavaThread "Service Thread" daemon [_thread_blocked, id=16640, stack(0x0000005812700000,0x0000005812800000)]
  0x00000246575ba180 JavaThread "Monitor Deflation Thread" daemon [_thread_blocked, id=22148, stack(0x0000005812800000,0x0000005812900000)]
=>0x00000246575bdd60 JavaThread "C2 CompilerThread0" daemon [_thread_in_native, id=2276, stack(0x0000005812900000,0x0000005812a00000)]
  0x00000246575cac40 JavaThread "C1 CompilerThread0" daemon [_thread_in_vm, id=7684, stack(0x0000005812a00000,0x0000005812b00000)]
  0x00000246575cb550 JavaThread "Sweeper thread" daemon [_thread_blocked, id=13588, stack(0x0000005812b00000,0x0000005812c00000)]
  0x00000246577fbf60 JavaThread "Notification Thread" daemon [_thread_blocked, id=25944, stack(0x0000005812c00000,0x0000005812d00000)]
  0x00000246578004d0 JavaThread "Common-Cleaner" daemon [_thread_blocked, id=19784, stack(0x0000005812e00000,0x0000005812f00000)]
  0x000002469d624e20 JavaThread "pool-1-thread-1" [_thread_blocked, id=8500, stack(0x0000005813300000,0x0000005813400000)]
  0x000002469d90fea0 JavaThread "DisconnectableInputStream source reader" daemon [_thread_in_native, id=11024, stack(0x0000005813500000,0x0000005813600000)]

Other Threads:
  0x000002465759df10 VMThread "VM Thread" [stack: 0x0000005812200000,0x0000005812300000] [id=4004]
  0x00000246577fe660 WatcherThread [stack: 0x0000005812d00000,0x0000005812e00000] [id=4996]
  0x000002463b7ffc90 GCTaskThread "GC Thread#0" [stack: 0x0000005811d00000,0x0000005811e00000] [id=10900]
  0x000002469d3f6fc0 GCTaskThread "GC Thread#1" [stack: 0x0000005812f00000,0x0000005813000000] [id=25332]
  0x000002469d4decb0 GCTaskThread "GC Thread#2" [stack: 0x0000005813000000,0x0000005813100000] [id=13952]
  0x000002469d50a030 GCTaskThread "GC Thread#3" [stack: 0x0000005813100000,0x0000005813200000] [id=21996]
  0x000002469d58b090 GCTaskThread "GC Thread#4" [stack: 0x0000005813200000,0x0000005813300000] [id=17440]
  0x000002469db3ec60 GCTaskThread "GC Thread#5" [stack: 0x0000005813700000,0x0000005813800000] [id=11336]
  0x000002469d916130 GCTaskThread "GC Thread#6" [stack: 0x0000005813800000,0x0000005813900000] [id=26156]
  0x000002469d9163f0 GCTaskThread "GC Thread#7" [stack: 0x0000005813900000,0x0000005813a00000] [id=12100]
  0x000002469d9166b0 GCTaskThread "GC Thread#8" [stack: 0x0000005813a00000,0x0000005813b00000] [id=11484]
  0x000002469d917190 GCTaskThread "GC Thread#9" [stack: 0x0000005813b00000,0x0000005813c00000] [id=18652]
  0x000002463b8013f0 ConcurrentGCThread "G1 Main Marker" [stack: 0x0000005811e00000,0x0000005811f00000] [id=13748]
  0x000002463b801e00 ConcurrentGCThread "G1 Conc#0" [stack: 0x0000005811f00000,0x0000005812000000] [id=17988]
  0x000002463b86e400 ConcurrentGCThread "G1 Refine#0" [stack: 0x0000005812000000,0x0000005812100000] [id=20436]
  0x000002463b86ee30 ConcurrentGCThread "G1 Service" [stack: 0x0000005812100000,0x0000005812200000] [id=11384]

Threads with active compile tasks:
C2 CompilerThread0    49686 1703       4       org.gradle.internal.logging.text.AbstractLineChoppingStyledTextOutput$1::execute (9 bytes)

VM state: not at safepoint (normal execution)

VM Mutex/Monitor currently owned by a thread: None

Heap address: 0x00000000fc000000, size: 64 MB, Compressed Oops mode: 32-bit

CDS archive(s) mapped at: [0x0000024658000000-0x0000024658bd0000-0x0000024658bd0000), size 12386304, SharedBaseAddress: 0x0000024658000000, ArchiveRelocationMode: 1.
Compressed class space mapped at: 0x0000024659000000-0x0000024699000000, reserved size: 1073741824
Narrow klass base: 0x0000024658000000, Narrow klass shift: 0, Narrow klass range: 0x100000000

GC Precious Log:
 CPUs: 12 total, 12 available
 Memory: 6005M
 Large Page Support: Disabled
 NUMA Support: Disabled
 Compressed Oops: Enabled (32-bit)
 Heap Region Size: 1M
 Heap Min Capacity: 64M
 Heap Initial Capacity: 64M
 Heap Max Capacity: 64M
 Pre-touch: Disabled
 Parallel Workers: 10
 Concurrent Workers: 3
 Concurrent Refinement Workers: 10
 Periodic GC: Disabled

Heap:
 garbage-first heap   total 65536K, used 13701K [0x00000000fc000000, 0x0000000100000000)
  region size 1024K, 4 young (4096K), 2 survivors (2048K)
 Metaspace       used 10024K, committed 10240K, reserved 1114112K
  class space    used 1314K, committed 1408K, reserved 1048576K

Heap Regions: E=young(eden), S=young(survivor), O=old, HS=humongous(starts), HC=humongous(continues), CS=collection set, F=free, OA=open archive, CA=closed archive, TAMS=top-at-mark-start (previous, next)
|   0|0x00000000fc000000, 0x00000000fc100000, 0x00000000fc100000|100%|HS|  |TAMS 0x00000000fc000000, 0x00000000fc000000| Complete 
|   1|0x00000000fc100000, 0x00000000fc200000, 0x00000000fc200000|100%|HC|  |TAMS 0x00000000fc100000, 0x00000000fc100000| Complete 
|   2|0x00000000fc200000, 0x00000000fc300000, 0x00000000fc300000|100%|HC|  |TAMS 0x00000000fc200000, 0x00000000fc200000| Complete 
|   3|0x00000000fc300000, 0x00000000fc400000, 0x00000000fc400000|100%|HC|  |TAMS 0x00000000fc300000, 0x00000000fc300000| Complete 
|   4|0x00000000fc400000, 0x00000000fc500000, 0x00000000fc500000|100%| O|  |TAMS 0x00000000fc400000, 0x00000000fc400000| Untracked 
|   5|0x00000000fc500000, 0x00000000fc600000, 0x00000000fc600000|100%| O|  |TAMS 0x00000000fc500000, 0x00000000fc500000| Untracked 
|   6|0x00000000fc600000, 0x00000000fc700000, 0x00000000fc700000|100%| O|  |TAMS 0x00000000fc600000, 0x00000000fc600000| Untracked 
|   7|0x00000000fc700000, 0x00000000fc800000, 0x00000000fc800000|100%| O|  |TAMS 0x00000000fc700000, 0x00000000fc700000| Untracked 
|   8|0x00000000fc800000, 0x00000000fc900000, 0x00000000fc900000|100%| O|  |TAMS 0x00000000fc800000, 0x00000000fc800000| Untracked 
|   9|0x00000000fc900000, 0x00000000fca00000, 0x00000000fca00000|100%| O|  |TAMS 0x00000000fc900000, 0x00000000fc900000| Untracked 
|  10|0x00000000fca00000, 0x00000000fca85200, 0x00000000fcb00000| 52%| O|  |TAMS 0x00000000fca00000, 0x00000000fca00000| Untracked 
|  11|0x00000000fcb00000, 0x00000000fcb00000, 0x00000000fcc00000|  0%| F|  |TAMS 0x00000000fcb00000, 0x00000000fcb00000| Untracked 
|  12|0x00000000fcc00000, 0x00000000fcc00000, 0x00000000fcd00000|  0%| F|  |TAMS 0x00000000fcc00000, 0x00000000fcc00000| Untracked 
|  13|0x00000000fcd00000, 0x00000000fcd00000, 0x00000000fce00000|  0%| F|  |TAMS 0x00000000fcd00000, 0x00000000fcd00000| Untracked 
|  14|0x00000000fce00000, 0x00000000fce00000, 0x00000000fcf00000|  0%| F|  |TAMS 0x00000000fce00000, 0x00000000fce00000| Untracked 
|  15|0x00000000fcf00000, 0x00000000fcf00000, 0x00000000fd000000|  0%| F|  |TAMS 0x00000000fcf00000, 0x00000000fcf00000| Untracked 
|  16|0x00000000fd000000, 0x00000000fd000000, 0x00000000fd100000|  0%| F|  |TAMS 0x00000000fd000000, 0x00000000fd000000| Untracked 
|  17|0x00000000fd100000, 0x00000000fd100000, 0x00000000fd200000|  0%| F|  |TAMS 0x00000000fd100000, 0x00000000fd100000| Untracked 
|  18|0x00000000fd200000, 0x00000000fd200000, 0x00000000fd300000|  0%| F|  |TAMS 0x00000000fd200000, 0x00000000fd200000| Untracked 
|  19|0x00000000fd300000, 0x00000000fd300000, 0x00000000fd400000|  0%| F|  |TAMS 0x00000000fd300000, 0x00000000fd300000| Untracked 
|  20|0x00000000fd400000, 0x00000000fd400000, 0x00000000fd500000|  0%| F|  |TAMS 0x00000000fd400000, 0x00000000fd400000| Untracked 
|  21|0x00000000fd500000, 0x00000000fd500000, 0x00000000fd600000|  0%| F|  |TAMS 0x00000000fd500000, 0x00000000fd500000| Untracked 
|  22|0x00000000fd600000, 0x00000000fd600000, 0x00000000fd700000|  0%| F|  |TAMS 0x00000000fd600000, 0x00000000fd600000| Untracked 
|  23|0x00000000fd700000, 0x00000000fd700000, 0x00000000fd800000|  0%| F|  |TAMS 0x00000000fd700000, 0x00000000fd700000| Untracked 
|  24|0x00000000fd800000, 0x00000000fd800000, 0x00000000fd900000|  0%| F|  |TAMS 0x00000000fd800000, 0x00000000fd800000| Untracked 
|  25|0x00000000fd900000, 0x00000000fd900000, 0x00000000fda00000|  0%| F|  |TAMS 0x00000000fd900000, 0x00000000fd900000| Untracked 
|  26|0x00000000fda00000, 0x00000000fda00000, 0x00000000fdb00000|  0%| F|  |TAMS 0x00000000fda00000, 0x00000000fda00000| Untracked 
|  27|0x00000000fdb00000, 0x00000000fdb00000, 0x00000000fdc00000|  0%| F|  |TAMS 0x00000000fdb00000, 0x00000000fdb00000| Untracked 
|  28|0x00000000fdc00000, 0x00000000fdc00000, 0x00000000fdd00000|  0%| F|  |TAMS 0x00000000fdc00000, 0x00000000fdc00000| Untracked 
|  29|0x00000000fdd00000, 0x00000000fdd00000, 0x00000000fde00000|  0%| F|  |TAMS 0x00000000fdd00000, 0x00000000fdd00000| Untracked 
|  30|0x00000000fde00000, 0x00000000fde00000, 0x00000000fdf00000|  0%| F|  |TAMS 0x00000000fde00000, 0x00000000fde00000| Untracked 
|  31|0x00000000fdf00000, 0x00000000fdf00000, 0x00000000fe000000|  0%| F|  |TAMS 0x00000000fdf00000, 0x00000000fdf00000| Untracked 
|  32|0x00000000fe000000, 0x00000000fe000000, 0x00000000fe100000|  0%| F|  |TAMS 0x00000000fe000000, 0x00000000fe000000| Untracked 
|  33|0x00000000fe100000, 0x00000000fe100000, 0x00000000fe200000|  0%| F|  |TAMS 0x00000000fe100000, 0x00000000fe100000| Untracked 
|  34|0x00000000fe200000, 0x00000000fe200000, 0x00000000fe300000|  0%| F|  |TAMS 0x00000000fe200000, 0x00000000fe200000| Untracked 
|  35|0x00000000fe300000, 0x00000000fe300000, 0x00000000fe400000|  0%| F|  |TAMS 0x00000000fe300000, 0x00000000fe300000| Untracked 
|  36|0x00000000fe400000, 0x00000000fe400000, 0x00000000fe500000|  0%| F|  |TAMS 0x00000000fe400000, 0x00000000fe400000| Untracked 
|  37|0x00000000fe500000, 0x00000000fe5dc410, 0x00000000fe600000| 86%| S|CS|TAMS 0x00000000fe500000, 0x00000000fe500000| Complete 
|  38|0x00000000fe600000, 0x00000000fe600000, 0x00000000fe700000|  0%| F|  |TAMS 0x00000000fe600000, 0x00000000fe600000| Untracked 
|  39|0x00000000fe700000, 0x00000000fe700000, 0x00000000fe800000|  0%| F|  |TAMS 0x00000000fe700000, 0x00000000fe700000| Untracked 
|  40|0x00000000fe800000, 0x00000000fe800000, 0x00000000fe900000|  0%| F|  |TAMS 0x00000000fe800000, 0x00000000fe800000| Untracked 
|  41|0x00000000fe900000, 0x00000000fea00000, 0x00000000fea00000|100%| S|CS|TAMS 0x00000000fe900000, 0x00000000fe900000| Complete 
|  42|0x00000000fea00000, 0x00000000fea00000, 0x00000000feb00000|  0%| F|  |TAMS 0x00000000fea00000, 0x00000000fea00000| Untracked 
|  43|0x00000000feb00000, 0x00000000feb00000, 0x00000000fec00000|  0%| F|  |TAMS 0x00000000feb00000, 0x00000000feb00000| Untracked 
|  44|0x00000000fec00000, 0x00000000fec00000, 0x00000000fed00000|  0%| F|  |TAMS 0x00000000fec00000, 0x00000000fec00000| Untracked 
|  45|0x00000000fed00000, 0x00000000fed00000, 0x00000000fee00000|  0%| F|  |TAMS 0x00000000fed00000, 0x00000000fed00000| Untracked 
|  46|0x00000000fee00000, 0x00000000fee00000, 0x00000000fef00000|  0%| F|  |TAMS 0x00000000fee00000, 0x00000000fee00000| Untracked 
|  47|0x00000000fef00000, 0x00000000fef00000, 0x00000000ff000000|  0%| F|  |TAMS 0x00000000fef00000, 0x00000000fef00000| Untracked 
|  48|0x00000000ff000000, 0x00000000ff000000, 0x00000000ff100000|  0%| F|  |TAMS 0x00000000ff000000, 0x00000000ff000000| Untracked 
|  49|0x00000000ff100000, 0x00000000ff100000, 0x00000000ff200000|  0%| F|  |TAMS 0x00000000ff100000, 0x00000000ff100000| Untracked 
|  50|0x00000000ff200000, 0x00000000ff200000, 0x00000000ff300000|  0%| F|  |TAMS 0x00000000ff200000, 0x00000000ff200000| Untracked 
|  51|0x00000000ff300000, 0x00000000ff300000, 0x00000000ff400000|  0%| F|  |TAMS 0x00000000ff300000, 0x00000000ff300000| Untracked 
|  52|0x00000000ff400000, 0x00000000ff400000, 0x00000000ff500000|  0%| F|  |TAMS 0x00000000ff400000, 0x00000000ff400000| Untracked 
|  53|0x00000000ff500000, 0x00000000ff500000, 0x00000000ff600000|  0%| F|  |TAMS 0x00000000ff500000, 0x00000000ff500000| Untracked 
|  54|0x00000000ff600000, 0x00000000ff600000, 0x00000000ff700000|  0%| F|  |TAMS 0x00000000ff600000, 0x00000000ff600000| Untracked 
|  55|0x00000000ff700000, 0x00000000ff700000, 0x00000000ff800000|  0%| F|  |TAMS 0x00000000ff700000, 0x00000000ff700000| Untracked 
|  56|0x00000000ff800000, 0x00000000ff800000, 0x00000000ff900000|  0%| F|  |TAMS 0x00000000ff800000, 0x00000000ff800000| Untracked 
|  57|0x00000000ff900000, 0x00000000ff900000, 0x00000000ffa00000|  0%| F|  |TAMS 0x00000000ff900000, 0x00000000ff900000| Untracked 
|  58|0x00000000ffa00000, 0x00000000ffa00000, 0x00000000ffb00000|  0%| F|  |TAMS 0x00000000ffa00000, 0x00000000ffa00000| Untracked 
|  59|0x00000000ffb00000, 0x00000000ffb00000, 0x00000000ffc00000|  0%| F|  |TAMS 0x00000000ffb00000, 0x00000000ffb00000| Untracked 
|  60|0x00000000ffc00000, 0x00000000ffc00000, 0x00000000ffd00000|  0%| F|  |TAMS 0x00000000ffc00000, 0x00000000ffc00000| Untracked 
|  61|0x00000000ffd00000, 0x00000000ffd00000, 0x00000000ffe00000|  0%| F|  |TAMS 0x00000000ffd00000, 0x00000000ffd00000| Untracked 
|  62|0x00000000ffe00000, 0x00000000ffeef120, 0x00000000fff00000| 93%| E|  |TAMS 0x00000000ffe00000, 0x00000000ffe00000| Complete 
|  63|0x00000000fff00000, 0x0000000100000000, 0x0000000100000000|100%| E|CS|TAMS 0x00000000fff00000, 0x00000000fff00000| Complete 

Card table byte_map: [0x0000024654760000,0x0000024654780000] _byte_map_base: 0x0000024653f80000

Marking Bits (Prev, Next): (CMBitMap*) 0x000002463b8002b0, (CMBitMap*) 0x000002463b8002f0
 Prev Bits: [0x00000246547a0000, 0x00000246548a0000)
 Next Bits: [0x00000246548a0000, 0x00000246549a0000)

Polling page: 0x000002463b890000

Metaspace:

Usage:
  Non-class:      8.51 MB used.
      Class:      1.28 MB used.
       Both:      9.79 MB used.

Virtual space:
  Non-class space:       64.00 MB reserved,       8.62 MB ( 13%) committed,  1 nodes.
      Class space:        1.00 GB reserved,       1.38 MB ( <1%) committed,  1 nodes.
             Both:        1.06 GB reserved,      10.00 MB ( <1%) committed. 

Chunk freelists:
   Non-Class:  6.47 MB
       Class:  14.54 MB
        Both:  21.01 MB

MaxMetaspaceSize: unlimited
CompressedClassSpaceSize: 1.00 GB
Initial GC threshold: 21.00 MB
Current GC threshold: 21.00 MB
CDS: on
MetaspaceReclaimPolicy: balanced
 - commit_granule_bytes: 65536.
 - commit_granule_words: 8192.
 - virtual_space_node_default_size: 8388608.
 - enlarge_chunks_in_place: 1.
 - new_chunks_are_fully_committed: 0.
 - uncommit_free_chunks: 1.
 - use_allocation_guard: 0.
 - handle_deallocations: 1.


Internal statistics:

num_allocs_failed_limit: 0.
num_arena_births: 94.
num_arena_deaths: 0.
num_vsnodes_births: 2.
num_vsnodes_deaths: 0.
num_space_committed: 160.
num_space_uncommitted: 0.
num_chunks_returned_to_freelist: 0.
num_chunks_taken_from_freelist: 350.
num_chunk_merges: 0.
num_chunk_splits: 243.
num_chunks_enlarged: 202.
num_inconsistent_stats: 0.

CodeHeap 'non-profiled nmethods': size=120000Kb used=612Kb max_used=612Kb free=119387Kb
 bounds [0x000002464c570000, 0x000002464c7e0000, 0x0000024653aa0000]
CodeHeap 'profiled nmethods': size=120000Kb used=3285Kb max_used=3285Kb free=116714Kb
 bounds [0x0000024644aa0000, 0x0000024644de0000, 0x000002464bfd0000]
CodeHeap 'non-nmethods': size=5760Kb used=1180Kb max_used=1204Kb free=4579Kb
 bounds [0x000002464bfd0000, 0x000002464c240000, 0x000002464c570000]
 total_blobs=2199 nmethods=1718 adapters=394
 compilation: enabled
              stopped_count=0, restarted_count=0
 full_count=0

Compilation events (20 events):
Event: 49.659 Thread 0x00000246575cac40 1708       3       java.lang.AbstractStringBuilder::append (54 bytes)
Event: 49.660 Thread 0x00000246575cac40 nmethod 1708 0x0000024644dd1410 code [0x0000024644dd1640, 0x0000024644dd1fa8]
Event: 49.660 Thread 0x00000246575cac40 1709       3       java.nio.CharBuffer::hasArray (20 bytes)
Event: 49.660 Thread 0x00000246575cac40 nmethod 1709 0x0000024644dd2110 code [0x0000024644dd22a0, 0x0000024644dd2458]
Event: 49.660 Thread 0x00000246575cac40 1710       3       java.nio.CharBuffer::array (35 bytes)
Event: 49.660 Thread 0x00000246575cac40 nmethod 1710 0x0000024644dd2510 code [0x0000024644dd26e0, 0x0000024644dd29b8]
Event: 49.660 Thread 0x00000246575cac40 1711       3       java.nio.ByteBuffer::hasArray (20 bytes)
Event: 49.661 Thread 0x00000246575cac40 nmethod 1711 0x0000024644dd2b10 code [0x0000024644dd2ca0, 0x0000024644dd2e58]
Event: 49.661 Thread 0x00000246575cac40 1712       1       org.gradle.internal.logging.text.AbstractLineChoppingStyledTextOutput::access$100 (5 bytes)
Event: 49.661 Thread 0x00000246575cac40 nmethod 1712 0x000002464c608410 code [0x000002464c6085a0, 0x000002464c608658]
Event: 49.661 Thread 0x00000246575cac40 1713       1       org.gradle.internal.logging.text.AbstractLineChoppingStyledTextOutput::access$200 (5 bytes)
Event: 49.661 Thread 0x00000246575cac40 nmethod 1713 0x000002464c608710 code [0x000002464c6088a0, 0x000002464c608958]
Event: 49.661 Thread 0x00000246575cac40 1714       1       org.gradle.internal.logging.text.AbstractLineChoppingStyledTextOutput::access$300 (5 bytes)
Event: 49.661 Thread 0x00000246575cac40 nmethod 1714 0x000002464c608a10 code [0x000002464c608ba0, 0x000002464c608c58]
Event: 49.661 Thread 0x00000246575cac40 1716       3       java.lang.Integer::toString (55 bytes)
Event: 49.661 Thread 0x00000246575cac40 nmethod 1716 0x0000024644dd2f10 code [0x0000024644dd30e0, 0x0000024644dd3478]
Event: 49.661 Thread 0x00000246575cac40 1715       3       java.lang.Integer::toString (8 bytes)
Event: 49.661 Thread 0x00000246575cac40 nmethod 1715 0x0000024644dd3610 code [0x0000024644dd37a0, 0x0000024644dd38e8]
Event: 49.661 Thread 0x00000246575cac40 1717       3       java.nio.ByteBuffer::flip (7 bytes)
Event: 49.661 Thread 0x00000246575cac40 nmethod 1717 0x0000024644dd3990 code [0x0000024644dd3b20, 0x0000024644dd3c98]

GC Heap History (4 events):
Event: 0.600 GC heap before
{Heap before GC invocations=0 (full 0):
 garbage-first heap   total 65536K, used 26624K [0x00000000fc000000, 0x0000000100000000)
  region size 1024K, 23 young (23552K), 0 survivors (0K)
 Metaspace       used 3817K, committed 3904K, reserved 1114112K
  class space    used 466K, committed 512K, reserved 1048576K
}
Event: 0.606 GC heap after
{Heap after GC invocations=1 (full 0):
 garbage-first heap   total 65536K, used 10640K [0x00000000fc000000, 0x0000000100000000)
  region size 1024K, 3 young (3072K), 3 survivors (3072K)
 Metaspace       used 3817K, committed 3904K, reserved 1114112K
  class space    used 466K, committed 512K, reserved 1048576K
}
Event: 3.692 GC heap before
{Heap before GC invocations=1 (full 0):
 garbage-first heap   total 65536K, used 33168K [0x00000000fc000000, 0x0000000100000000)
  region size 1024K, 25 young (25600K), 3 survivors (3072K)
 Metaspace       used 9604K, committed 9856K, reserved 1114112K
  class space    used 1281K, committed 1408K, reserved 1048576K
}
Event: 3.696 GC heap after
{Heap after GC invocations=2 (full 0):
 garbage-first heap   total 65536K, used 12677K [0x00000000fc000000, 0x0000000100000000)
  region size 1024K, 2 young (2048K), 2 survivors (2048K)
 Metaspace       used 9604K, committed 9856K, reserved 1114112K
  class space    used 1281K, committed 1408K, reserved 1048576K
}

Dll operation events (12 events):
Event: 0.007 Loaded shared library C:\Program Files\Microsoft\jdk-17.0.8.7-hotspot\bin\java.dll
Event: 0.023 Loaded shared library C:\Program Files\Microsoft\jdk-17.0.8.7-hotspot\bin\jsvml.dll
Event: 0.046 Loaded shared library C:\Program Files\Microsoft\jdk-17.0.8.7-hotspot\bin\net.dll
Event: 0.048 Loaded shared library C:\Program Files\Microsoft\jdk-17.0.8.7-hotspot\bin\nio.dll
Event: 0.065 Loaded shared library C:\Program Files\Microsoft\jdk-17.0.8.7-hotspot\bin\zip.dll
Event: 0.342 Loaded shared library C:\Program Files\Microsoft\jdk-17.0.8.7-hotspot\bin\jimage.dll
Event: 0.403 Loaded shared library C:\Program Files\Microsoft\jdk-17.0.8.7-hotspot\bin\verify.dll
Event: 0.636 Loaded shared library C:\Users\66992\.gradle\native\68d5fa5c4cc2d200863cafc0d521ce42e7d3e7ee720ec0a83991735586a16f82\windows-amd64\native-platform.dll
Event: 0.665 Loaded shared library C:\Users\66992\.gradle\native\jansi\1.18\windows64\jansi.dll
Event: 0.915 Loaded shared library C:\Program Files\Microsoft\jdk-17.0.8.7-hotspot\bin\management.dll
Event: 0.923 Loaded shared library C:\Program Files\Microsoft\jdk-17.0.8.7-hotspot\bin\management_ext.dll
Event: 3.139 Loaded shared library C:\Program Files\Microsoft\jdk-17.0.8.7-hotspot\bin\sunmscapi.dll

Deoptimization events (20 events):
Event: 1.276 Thread 0x000002469d8c7ea0 DEOPT PACKING pc=0x000002464c5daf7c sp=0x00000058134fea40
Event: 1.276 Thread 0x000002469d8c7ea0 DEOPT UNPACKING pc=0x000002464c0269a3 sp=0x00000058134fe9d8 mode 2
Event: 1.276 Thread 0x000002469d8c7ea0 Uncommon trap: trap_request=0xffffff45 fr.pc=0x000002464c59bd08 relative=0x00000000000003e8
Event: 1.276 Thread 0x000002469d8c7ea0 Uncommon trap: reason=unstable_if action=reinterpret pc=0x000002464c59bd08 method=java.lang.AbstractStringBuilder.isLatin1()Z @ 10 c2
Event: 1.276 Thread 0x000002469d8c7ea0 DEOPT PACKING pc=0x000002464c59bd08 sp=0x00000058134feb80
Event: 1.276 Thread 0x000002469d8c7ea0 DEOPT UNPACKING pc=0x000002464c0269a3 sp=0x00000058134feb00 mode 2
Event: 1.301 Thread 0x000002469d8c7ea0 Uncommon trap: trap_request=0xffffff45 fr.pc=0x000002464c5c3848 relative=0x0000000000000048
Event: 1.301 Thread 0x000002469d8c7ea0 Uncommon trap: reason=unstable_if action=reinterpret pc=0x000002464c5c3848 method=java.lang.CharacterData.of(I)Ljava/lang/CharacterData; @ 4 c2
Event: 1.301 Thread 0x000002469d8c7ea0 DEOPT PACKING pc=0x000002464c5c3848 sp=0x00000058134fe590
Event: 1.301 Thread 0x000002469d8c7ea0 DEOPT UNPACKING pc=0x000002464c0269a3 sp=0x00000058134fe528 mode 2
Event: 3.088 Thread 0x000002469d8c7ea0 Uncommon trap: trap_request=0xffffff45 fr.pc=0x000002464c589b80 relative=0x0000000000000080
Event: 3.088 Thread 0x000002469d8c7ea0 Uncommon trap: reason=unstable_if action=reinterpret pc=0x000002464c589b80 method=java.lang.String.codePointAt(I)I @ 4 c2
Event: 3.088 Thread 0x000002469d8c7ea0 DEOPT PACKING pc=0x000002464c589b80 sp=0x00000058134fee10
Event: 3.088 Thread 0x000002469d8c7ea0 DEOPT UNPACKING pc=0x000002464c0269a3 sp=0x00000058134feda8 mode 2
Event: 3.095 Thread 0x000002463b7df4b0 DEOPT PACKING pc=0x0000024644b1fd88 sp=0x0000005811cfc540
Event: 3.095 Thread 0x000002463b7df4b0 DEOPT UNPACKING pc=0x000002464c027143 sp=0x0000005811cfba48 mode 0
Event: 3.095 Thread 0x000002463b7df4b0 Uncommon trap: trap_request=0xffffff45 fr.pc=0x000002464c5eab3c relative=0x000000000000077c
Event: 3.095 Thread 0x000002463b7df4b0 Uncommon trap: reason=unstable_if action=reinterpret pc=0x000002464c5eab3c method=java.lang.AbstractStringBuilder.append(Ljava/lang/String;)Ljava/lang/AbstractStringBuilder; @ 1 c2
Event: 3.095 Thread 0x000002463b7df4b0 DEOPT PACKING pc=0x000002464c5eab3c sp=0x0000005811cfc8b0
Event: 3.095 Thread 0x000002463b7df4b0 DEOPT UNPACKING pc=0x000002464c0269a3 sp=0x0000005811cfc888 mode 2

Classes unloaded (0 events):
No events

Classes redefined (0 events):
No events

Internal exceptions (20 events):
Event: 0.617 Thread 0x000002463b7df4b0 Exception <a 'java/lang/NoSuchMethodError'{0x00000000fff6dbc0}: 'java.lang.Object java.lang.invoke.DirectMethodHandle$Holder.invokeStatic(java.lang.Object, java.lang.Object, int)'> (0x00000000fff6dbc0) 
thrown [s\src\hotspot\share\interpreter\linkResolver.cpp, line 759]
Event: 0.619 Thread 0x000002463b7df4b0 Exception <a 'java/lang/NoSuchMethodError'{0x00000000fffb23b8}: 'void java.lang.invoke.DelegatingMethodHandle$Holder.delegate(java.lang.Object, java.lang.Object, int, java.lang.Object)'> (0x00000000fffb23b8) 
thrown [s\src\hotspot\share\interpreter\linkResolver.cpp, line 759]
Event: 0.620 Thread 0x000002463b7df4b0 Exception <a 'java/lang/NoSuchMethodError'{0x00000000fffb6580}: 'int java.lang.invoke.DirectMethodHandle$Holder.invokeSpecial(java.lang.Object, java.lang.Object, java.lang.Object)'> (0x00000000fffb6580) 
thrown [s\src\hotspot\share\interpreter\linkResolver.cpp, line 759]
Event: 0.623 Thread 0x000002463b7df4b0 Exception <a 'java/lang/NoSuchMethodError'{0x00000000fffc96c8}: 'java.lang.Object java.lang.invoke.Invokers$Holder.invokeExact_MT(java.lang.Object, java.lang.Object, java.lang.Object, java.lang.Object)'> (0x00000000fffc96c8) 
thrown [s\src\hotspot\share\interpreter\linkResolver.cpp, line 759]
Event: 0.880 Thread 0x000002463b7df4b0 Exception <a 'java/lang/NoSuchMethodError'{0x00000000ff82cae0}: 'void java.lang.invoke.DirectMethodHandle$Holder.invokeSpecial(java.lang.Object, java.lang.Object, java.lang.Object)'> (0x00000000ff82cae0) 
thrown [s\src\hotspot\share\interpreter\linkResolver.cpp, line 759]
Event: 0.889 Thread 0x000002463b7df4b0 Implicit null exception at 0x000002464c5b4f8c to 0x000002464c5b54d0
Event: 0.889 Thread 0x000002463b7df4b0 Implicit null exception at 0x000002464c5acf8f to 0x000002464c5ad4e4
Event: 0.911 Thread 0x000002463b7df4b0 Exception <a 'java/lang/NoSuchMethodError'{0x00000000ff788390}: 'java.lang.Object java.lang.invoke.DirectMethodHandle$Holder.invokeStaticInit(java.lang.Object)'> (0x00000000ff788390) 
thrown [s\src\hotspot\share\interpreter\linkResolver.cpp, line 759]
Event: 1.021 Thread 0x000002463b7df4b0 Exception <a 'java/lang/NoSuchMethodError'{0x00000000ff337478}: 'java.lang.Object java.lang.invoke.DirectMethodHandle$Holder.invokeStaticInit(java.lang.Object, int, int, int, int)'> (0x00000000ff337478) 
thrown [s\src\hotspot\share\interpreter\linkResolver.cpp, line 759]
Event: 1.094 Thread 0x000002463b7df4b0 Exception <a 'java/lang/NoSuchMethodError'{0x00000000ff3c52a0}: 'java.lang.Object java.lang.invoke.DirectMethodHandle$Holder.invokeStaticInit(java.lang.Object, java.lang.Object, int, int, int, int)'> (0x00000000ff3c52a0) 
thrown [s\src\hotspot\share\interpreter\linkResolver.cpp, line 759]
Event: 1.175 Thread 0x000002463b7df4b0 Exception <a 'java/lang/NoSuchMethodError'{0x00000000ff3f24a0}: 'void java.lang.invoke.DirectMethodHandle$Holder.invokeStatic(java.lang.Object, java.lang.Object, java.lang.Object)'> (0x00000000ff3f24a0) 
thrown [s\src\hotspot\share\interpreter\linkResolver.cpp, line 759]
Event: 1.282 Thread 0x000002469d8c7ea0 Exception <a 'java/lang/NoSuchMethodError'{0x00000000fed848c0}: 'void java.lang.invoke.DirectMethodHandle$Holder.invokeStatic(java.lang.Object, long)'> (0x00000000fed848c0) 
thrown [s\src\hotspot\share\interpreter\linkResolver.cpp, line 759]
Event: 1.283 Thread 0x000002469d8c7ea0 Exception <a 'java/lang/NoSuchMethodError'{0x00000000fed8a218}: 'java.lang.Object java.lang.invoke.DirectMethodHandle$Holder.newInvokeSpecial(java.lang.Object, long)'> (0x00000000fed8a218) 
thrown [s\src\hotspot\share\interpreter\linkResolver.cpp, line 759]
Event: 1.285 Thread 0x000002469d8c7ea0 Exception <a 'java/lang/NoSuchMethodError'{0x00000000fed94dc0}: 'java.lang.Object java.lang.invoke.DirectMethodHandle$Holder.invokeStaticInit(java.lang.Object, java.lang.Object, long, java.lang.Object)'> (0x00000000fed94dc0) 
thrown [s\src\hotspot\share\interpreter\linkResolver.cpp, line 759]
Event: 1.286 Thread 0x000002469d8c7ea0 Exception <a 'java/lang/NoSuchMethodError'{0x00000000fed9b448}: 'java.lang.Object java.lang.invoke.DirectMethodHandle$Holder.newInvokeSpecial(java.lang.Object, java.lang.Object, long)'> (0x00000000fed9b448) 
thrown [s\src\hotspot\share\interpreter\linkResolver.cpp, line 759]
Event: 1.287 Thread 0x000002469d8c7ea0 Exception <a 'java/lang/NoSuchMethodError'{0x00000000fed9f738}: 'java.lang.Object java.lang.invoke.Invokers$Holder.linkToTargetMethod(java.lang.Object, long, java.lang.Object)'> (0x00000000fed9f738) 
thrown [s\src\hotspot\share\interpreter\linkResolver.cpp, line 759]
Event: 3.095 Thread 0x000002463b7df4b0 Implicit null exception at 0x000002464c5ea3f2 to 0x000002464c5eab24
Event: 49.622 Thread 0x000002463b7df4b0 Exception <a 'sun/net/ConnectionResetException'{0x00000000fff124c0}: Connection reset> (0x00000000fff124c0) 
thrown [s\src\hotspot\share\prims\jni.cpp, line 535]
Event: 49.642 Thread 0x000002463b7df4b0 Exception <a 'java/lang/NoSuchMethodError'{0x00000000fff3bb00}: 'int java.lang.invoke.DirectMethodHandle$Holder.invokeVirtual(java.lang.Object, java.lang.Object)'> (0x00000000fff3bb00) 
thrown [s\src\hotspot\share\interpreter\linkResolver.cpp, line 759]
Event: 49.650 Thread 0x000002469d910b90 Exception <a 'java/io/IOException'{0x00000000ffe60fe8}: Connection reset by peer> (0x00000000ffe60fe8) 
thrown [s\src\hotspot\share\prims\jni.cpp, line 535]

VM Operations (20 events):
Event: 39.038 Executing VM operation: Cleanup
Event: 39.038 Executing VM operation: Cleanup done
Event: 40.050 Executing VM operation: Cleanup
Event: 40.050 Executing VM operation: Cleanup done
Event: 42.076 Executing VM operation: Cleanup
Event: 42.077 Executing VM operation: Cleanup done
Event: 44.083 Executing VM operation: Cleanup
Event: 44.083 Executing VM operation: Cleanup done
Event: 45.621 Executing VM operation: HandshakeAllThreads
Event: 45.622 Executing VM operation: HandshakeAllThreads done
Event: 45.622 Executing VM operation: Cleanup
Event: 45.622 Executing VM operation: Cleanup done
Event: 46.629 Executing VM operation: Cleanup
Event: 46.629 Executing VM operation: Cleanup done
Event: 47.642 Executing VM operation: Cleanup
Event: 47.642 Executing VM operation: Cleanup done
Event: 48.654 Executing VM operation: Cleanup
Event: 48.654 Executing VM operation: Cleanup done
Event: 49.659 Executing VM operation: Cleanup
Event: 49.660 Executing VM operation: Cleanup done

Events (20 events):
Event: 20.417 loading class jdk/internal/reflect/ClassFileAssembler done
Event: 20.418 loading class jdk/internal/reflect/UTF8
Event: 20.418 loading class jdk/internal/reflect/UTF8 done
Event: 20.418 loading class jdk/internal/reflect/Label
Event: 20.419 loading class jdk/internal/reflect/Label done
Event: 20.419 loading class jdk/internal/reflect/Label$PatchInfo
Event: 20.419 loading class jdk/internal/reflect/Label$PatchInfo done
Event: 20.419 loading class jdk/internal/reflect/MethodAccessorGenerator$1
Event: 20.419 loading class jdk/internal/reflect/MethodAccessorGenerator$1 done
Event: 20.419 loading class jdk/internal/reflect/ClassDefiner
Event: 20.419 loading class jdk/internal/reflect/ClassDefiner done
Event: 20.419 loading class jdk/internal/reflect/ClassDefiner$1
Event: 20.419 loading class jdk/internal/reflect/ClassDefiner$1 done
Event: 45.615 loading class java/util/ArrayList$ListItr
Event: 45.616 loading class java/util/ArrayList$ListItr done
Event: 49.618 loading class sun/net/ConnectionResetException
Event: 49.618 loading class sun/net/ConnectionResetException done
Event: 49.653 Thread 0x000002469d910b90 Thread exited: 0x000002469d910b90
Event: 49.655 loading class java/util/concurrent/ConcurrentLinkedQueue$Itr
Event: 49.656 loading class java/util/concurrent/ConcurrentLinkedQueue$Itr done


Dynamic libraries:
0x00007ff7a9d80000 - 0x00007ff7a9d8e000 	C:\Program Files\Microsoft\jdk-17.0.8.7-hotspot\bin\java.exe
0x00007ff9a13d0000 - 0x00007ff9a15e7000 	C:\WINDOWS\SYSTEM32\ntdll.dll
0x00007ff99f630000 - 0x00007ff99f6f4000 	C:\WINDOWS\System32\KERNEL32.DLL
0x00007ff99eb50000 - 0x00007ff99ef21000 	C:\WINDOWS\System32\KERNELBASE.dll
0x00007ff99e540000 - 0x00007ff99e651000 	C:\WINDOWS\System32\ucrtbase.dll
0x00007ff98c740000 - 0x00007ff98c757000 	C:\Program Files\Microsoft\jdk-17.0.8.7-hotspot\bin\jli.dll
0x00007ff980ac0000 - 0x00007ff980adb000 	C:\Program Files\Microsoft\jdk-17.0.8.7-hotspot\bin\VCRUNTIME140.dll
0x00007ff9a0c50000 - 0x00007ff9a0e01000 	C:\WINDOWS\System32\USER32.dll
0x00007ff97fd30000 - 0x00007ff97ffc2000 	C:\WINDOWS\WinSxS\amd64_microsoft.windows.common-controls_6595b64144ccf1df_6.0.22621.4830_none_270fe7d773858e80\COMCTL32.dll
0x00007ff99eff0000 - 0x00007ff99f016000 	C:\WINDOWS\System32\win32u.dll
0x00007ff99f580000 - 0x00007ff99f627000 	C:\WINDOWS\System32\msvcrt.dll
0x00007ff9a03f0000 - 0x00007ff9a0419000 	C:\WINDOWS\System32\GDI32.dll
0x00007ff99e6e0000 - 0x00007ff99e7fb000 	C:\WINDOWS\System32\gdi32full.dll
0x00007ff99e800000 - 0x00007ff99e89a000 	C:\WINDOWS\System32\msvcp_win.dll
0x00007ff9a04a0000 - 0x00007ff9a04d1000 	C:\WINDOWS\System32\IMM32.DLL
0x00007ff997b00000 - 0x00007ff997b0c000 	C:\Program Files\Microsoft\jdk-17.0.8.7-hotspot\bin\vcruntime140_1.dll
0x00007ff96b420000 - 0x00007ff96b4ad000 	C:\Program Files\Microsoft\jdk-17.0.8.7-hotspot\bin\msvcp140.dll
0x00007ff956290000 - 0x00007ff956ef5000 	C:\Program Files\Microsoft\jdk-17.0.8.7-hotspot\bin\server\jvm.dll
0x00007ff99f220000 - 0x00007ff99f2d1000 	C:\WINDOWS\System32\ADVAPI32.dll
0x00007ff9a0740000 - 0x00007ff9a07e7000 	C:\WINDOWS\System32\sechost.dll
0x00007ff99e510000 - 0x00007ff99e538000 	C:\WINDOWS\System32\bcrypt.dll
0x00007ff99f860000 - 0x00007ff99f974000 	C:\WINDOWS\System32\RPCRT4.dll
0x00007ff9851b0000 - 0x00007ff9851b9000 	C:\WINDOWS\SYSTEM32\WSOCK32.dll
0x00007ff99e3e0000 - 0x00007ff99e42d000 	C:\WINDOWS\SYSTEM32\POWRPROF.dll
0x00007ff998df0000 - 0x00007ff998e24000 	C:\WINDOWS\SYSTEM32\WINMM.dll
0x00007ff9a0420000 - 0x00007ff9a0491000 	C:\WINDOWS\System32\WS2_32.dll
0x00007ff995930000 - 0x00007ff99593a000 	C:\WINDOWS\SYSTEM32\VERSION.dll
0x00007ff99e3c0000 - 0x00007ff99e3d3000 	C:\WINDOWS\SYSTEM32\UMPDC.dll
0x00007ff99d4c0000 - 0x00007ff99d4d8000 	C:\WINDOWS\SYSTEM32\kernel.appcore.dll
0x00007ff997a10000 - 0x00007ff997a1a000 	C:\Program Files\Microsoft\jdk-17.0.8.7-hotspot\bin\jimage.dll
0x00007ff99bfd0000 - 0x00007ff99c202000 	C:\WINDOWS\SYSTEM32\DBGHELP.DLL
0x00007ff9a0840000 - 0x00007ff9a0bd0000 	C:\WINDOWS\System32\combase.dll
0x00007ff9a12b0000 - 0x00007ff9a1387000 	C:\WINDOWS\System32\OLEAUT32.dll
0x00007ff98a8e0000 - 0x00007ff98a912000 	C:\WINDOWS\SYSTEM32\dbgcore.DLL
0x00007ff99f020000 - 0x00007ff99f09b000 	C:\WINDOWS\System32\bcryptPrimitives.dll
0x00007ff9704b0000 - 0x00007ff9704d5000 	C:\Program Files\Microsoft\jdk-17.0.8.7-hotspot\bin\java.dll
0x00007ff969f20000 - 0x00007ff969ff7000 	C:\Program Files\Microsoft\jdk-17.0.8.7-hotspot\bin\jsvml.dll
0x00007ff99fb40000 - 0x00007ff9a03c8000 	C:\WINDOWS\System32\SHELL32.dll
0x00007ff99ea10000 - 0x00007ff99eb4f000 	C:\WINDOWS\System32\wintypes.dll
0x00007ff99c470000 - 0x00007ff99cd7d000 	C:\WINDOWS\SYSTEM32\windows.storage.dll
0x00007ff99f0a0000 - 0x00007ff99f1aa000 	C:\WINDOWS\System32\SHCORE.dll
0x00007ff99f2e0000 - 0x00007ff99f33e000 	C:\WINDOWS\System32\shlwapi.dll
0x00007ff99e440000 - 0x00007ff99e46b000 	C:\WINDOWS\SYSTEM32\profapi.dll
0x00007ff980890000 - 0x00007ff9808a9000 	C:\Program Files\Microsoft\jdk-17.0.8.7-hotspot\bin\net.dll
0x00007ff998cc0000 - 0x00007ff998dec000 	C:\WINDOWS\SYSTEM32\WINHTTP.dll
0x00007ff99d9d0000 - 0x00007ff99da3a000 	C:\WINDOWS\system32\mswsock.dll
0x00007ff980670000 - 0x00007ff980686000 	C:\Program Files\Microsoft\jdk-17.0.8.7-hotspot\bin\nio.dll
0x00007ff97b600000 - 0x00007ff97b618000 	C:\Program Files\Microsoft\jdk-17.0.8.7-hotspot\bin\zip.dll
0x00007ff98c310000 - 0x00007ff98c320000 	C:\Program Files\Microsoft\jdk-17.0.8.7-hotspot\bin\verify.dll
0x00007ff97f520000 - 0x00007ff97f547000 	C:\Users\66992\.gradle\native\68d5fa5c4cc2d200863cafc0d521ce42e7d3e7ee720ec0a83991735586a16f82\windows-amd64\native-platform.dll
0x00007ff986a40000 - 0x00007ff986a4a000 	C:\Users\66992\.gradle\native\jansi\1.18\windows64\jansi.dll
0x00007ff990c30000 - 0x00007ff990c39000 	C:\Program Files\Microsoft\jdk-17.0.8.7-hotspot\bin\management.dll
0x00007ff98e450000 - 0x00007ff98e45b000 	C:\Program Files\Microsoft\jdk-17.0.8.7-hotspot\bin\management_ext.dll
0x00007ff9a03d0000 - 0x00007ff9a03d8000 	C:\WINDOWS\System32\PSAPI.DLL
0x00007ff99dc30000 - 0x00007ff99dc4b000 	C:\WINDOWS\SYSTEM32\CRYPTSP.dll
0x00007ff99d4e0000 - 0x00007ff99d517000 	C:\WINDOWS\system32\rsaenh.dll
0x00007ff99dac0000 - 0x00007ff99dae8000 	C:\WINDOWS\SYSTEM32\USERENV.dll
0x00007ff99dc20000 - 0x00007ff99dc2c000 	C:\WINDOWS\SYSTEM32\CRYPTBASE.dll
0x00007ff99d020000 - 0x00007ff99d04d000 	C:\WINDOWS\SYSTEM32\IPHLPAPI.DLL
0x00007ff9a03e0000 - 0x00007ff9a03e9000 	C:\WINDOWS\System32\NSI.dll
0x00007ff998ca0000 - 0x00007ff998cb9000 	C:\WINDOWS\SYSTEM32\dhcpcsvc6.DLL
0x00007ff998c80000 - 0x00007ff998c9f000 	C:\WINDOWS\SYSTEM32\dhcpcsvc.DLL
0x00007ff99d050000 - 0x00007ff99d152000 	C:\WINDOWS\SYSTEM32\DNSAPI.dll
0x00007ff98d520000 - 0x00007ff98d52e000 	C:\Program Files\Microsoft\jdk-17.0.8.7-hotspot\bin\sunmscapi.dll
0x00007ff99e8a0000 - 0x00007ff99ea06000 	C:\WINDOWS\System32\CRYPT32.dll
0x00007ff99ddc0000 - 0x00007ff99dded000 	C:\WINDOWS\SYSTEM32\ncrypt.dll
0x00007ff99dd80000 - 0x00007ff99ddb7000 	C:\WINDOWS\SYSTEM32\NTASN1.dll
0x00007ff969e70000 - 0x00007ff969e78000 	C:\WINDOWS\system32\wshunix.dll

dbghelp: loaded successfully - version: 4.0.5 - missing functions: none
symbol engine: initialized successfully - sym options: 0x614 - pdb path: .;C:\Program Files\Microsoft\jdk-17.0.8.7-hotspot\bin;C:\WINDOWS\SYSTEM32;C:\WINDOWS\WinSxS\amd64_microsoft.windows.common-controls_6595b64144ccf1df_6.0.22621.4830_none_270fe7d773858e80;C:\Program Files\Microsoft\jdk-17.0.8.7-hotspot\bin\server;C:\Users\66992\.gradle\native\68d5fa5c4cc2d200863cafc0d521ce42e7d3e7ee720ec0a83991735586a16f82\windows-amd64;C:\Users\66992\.gradle\native\jansi\1.18\windows64

VM Arguments:
jvm_args: -Xmx64m -Xms64m -Dorg.gradle.appname=gradlew 
java_command: org.gradle.wrapper.GradleWrapperMain app:assembleDebug -x lint -x test --configure-on-demand --build-cache -PreactNativeDevServerPort=8081
java_class_path (initial): C:\PTAHAPP\client\android\\gradle\wrapper\gradle-wrapper.jar
Launcher Type: SUN_STANDARD

[Global flags]
     intx CICompilerCount                          = 4                                         {product} {ergonomic}
     uint ConcGCThreads                            = 3                                         {product} {ergonomic}
     uint G1ConcRefinementThreads                  = 10                                        {product} {ergonomic}
   size_t G1HeapRegionSize                         = 1048576                                   {product} {ergonomic}
    uintx GCDrainStackTargetSize                   = 64                                        {product} {ergonomic}
   size_t InitialHeapSize                          = 67108864                                  {product} {command line}
   size_t MarkStackSize                            = 4194304                                   {product} {ergonomic}
   size_t MaxHeapSize                              = 67108864                                  {product} {command line}
   size_t MaxNewSize                               = 39845888                                  {product} {ergonomic}
   size_t MinHeapDeltaBytes                        = 1048576                                   {product} {ergonomic}
   size_t MinHeapSize                              = 67108864                                  {product} {command line}
    uintx NonNMethodCodeHeapSize                   = 5839372                                {pd product} {ergonomic}
    uintx NonProfiledCodeHeapSize                  = 122909434                              {pd product} {ergonomic}
    uintx ProfiledCodeHeapSize                     = 122909434                              {pd product} {ergonomic}
    uintx ReservedCodeCacheSize                    = 251658240                              {pd product} {ergonomic}
     bool SegmentedCodeCache                       = true                                      {product} {ergonomic}
   size_t SoftMaxHeapSize                          = 67108864                               {manageable} {ergonomic}
     bool UseCompressedClassPointers               = true                           {product lp64_product} {ergonomic}
     bool UseCompressedOops                        = true                           {product lp64_product} {ergonomic}
     bool UseG1GC                                  = true                                      {product} {ergonomic}
     bool UseLargePagesIndividualAllocation        = false                                  {pd product} {ergonomic}

Logging:
Log output configuration:
 #0: stdout all=warning uptime,level,tags
 #1: stderr all=off uptime,level,tags

Environment Variables:
JAVA_HOME=C:\Program Files\Microsoft\jdk-17.0.8.7-hotspot\
CLASSPATH=C:\PTAHAPP\client\android\\gradle\wrapper\gradle-wrapper.jar
PATH=C:\PTAHAPP\client\node_modules\.bin;C:\PTAHAPP\client\node_modules\.bin;C:\PTAHAPP\node_modules\.bin;C:\node_modules\.bin;C:\Users\66992\AppData\Roaming\npm\node_modules\npm\node_modules\@npmcli\run-script\lib\node-gyp-bin;C:\Program Files\Microsoft\jdk-17.0.8.7-hotspot\bin;C:\Program Files\Python38\Scripts\;C:\Program Files\Python38\;C:\WINDOWS\system32;C:\WINDOWS;C:\WINDOWS\System32\Wbem;C:\WINDOWS\System32\WindowsPowerShell\v1.0\;C:\WINDOWS\System32\OpenSSH\;C:\xampp\php;C:\composer;C:\Program Files\Git\cmd;C:\ProgramData\chocolatey\bin;C:\Program Files\nodejs\;C:\Users\66992\AppData\Local\Microsoft\WindowsApps;C:\Users\66992\AppData\Local\Programs\Microsoft VS Code\bin;C:\Users\66992\AppData\Roaming\Composer\vendor\bin;C:\Users\66992\AppData\Local\GitHubDesktop\bin;C:\Program Files\MongoDB\Server\6.0\bin;C:\Users\66992\AppData\Roaming\npm;C:\Users\66992\AppData\Local\Android\Sdk\platform-tools;
USERNAME=66992
LANG=en_US.UTF-8
OS=Windows_NT
PROCESSOR_IDENTIFIER=AMD64 Family 23 Model 104 Stepping 1, AuthenticAMD
TMP=C:\Users\66992\AppData\Local\Temp
TEMP=C:\Users\66992\AppData\Local\Temp



---------------  S Y S T E M  ---------------

OS:
 Windows 11 , 64 bit Build 22621 (10.0.22621.4974)
OS uptime: 3 days 7:24 hours

CPU: total 12 (initial active 12) (12 cores per cpu, 2 threads per core) family 23 model 104 stepping 1 microcode 0x0, cx8, cmov, fxsr, ht, mmx, 3dnowpref, sse, sse2, sse3, ssse3, sse4a, sse4.1, sse4.2, popcnt, lzcnt, tsc, tscinvbit, avx, avx2, aes, clmul, bmi1, bmi2, adx, sha, fma, vzeroupper, clflush, clflushopt
Processor Information for processor 0
  Max Mhz: 2100, Current Mhz: 2100, Mhz Limit: 2100
Processor Information for processor 1
  Max Mhz: 2100, Current Mhz: 2100, Mhz Limit: 2100
Processor Information for processor 2
  Max Mhz: 2100, Current Mhz: 2100, Mhz Limit: 2100
Processor Information for processor 3
  Max Mhz: 2100, Current Mhz: 2100, Mhz Limit: 2100
Processor Information for processor 4
  Max Mhz: 2100, Current Mhz: 1988, Mhz Limit: 2100
Processor Information for processor 5
  Max Mhz: 2100, Current Mhz: 2100, Mhz Limit: 2100
Processor Information for processor 6
  Max Mhz: 2100, Current Mhz: 2100, Mhz Limit: 2100
Processor Information for processor 7
  Max Mhz: 2100, Current Mhz: 1988, Mhz Limit: 2100
Processor Information for processor 8
  Max Mhz: 2100, Current Mhz: 2100, Mhz Limit: 2100
Processor Information for processor 9
  Max Mhz: 2100, Current Mhz: 2100, Mhz Limit: 2100
Processor Information for processor 10
  Max Mhz: 2100, Current Mhz: 1988, Mhz Limit: 2100
Processor Information for processor 11
  Max Mhz: 2100, Current Mhz: 2100, Mhz Limit: 2100

Memory: 4k page, system-wide physical 6005M (173M free)
TotalPageFile size 24437M (AvailPageFile size 0M)
current process WorkingSet (physical memory assigned to process): 41M, peak: 99M
current process commit charge ("private bytes"): 168M, peak: 171M

vm_info: OpenJDK 64-Bit Server VM (17.0.8+7-LTS) for windows-amd64 JRE (17.0.8+7-LTS), built on Jul  7 2023 17:21:55 by "MicrosoftCorporation" with MS VC++ 16.10 / 16.11 (VS2019)

END.
